2018-09-19 17:29:06.138 5270 [restartedMain] INFO  com.yixin.star.StardApplication - Starting StardApplication on FCM4662 with PID 174872 (D:\IdeaProjects\yixin\stard\target\classes started by yinx in D:\IdeaProjects\yixin\stard)
2018-09-19 17:29:06.249 5381 [restartedMain] INFO  com.yixin.star.StardApplication - No active profile set, falling back to default profiles: default
2018-09-19 17:29:06.556 5688 [restartedMain] INFO  o.s.b.w.s.c.AnnotationConfigServletWebServerApplicationContext - Refreshing org.springframework.boot.web.servlet.context.AnnotationConfigServletWebServerApplicationContext@763f6b42: startup date [Wed Sep 19 17:29:06 CST 2018]; root of context hierarchy
2018-09-19 17:29:14.388 13520 [restartedMain] INFO  o.s.b.w.e.tomcat.TomcatWebServer - Tomcat initialized with port(s): 8088 (http)
2018-09-19 17:29:14.756 13888 [restartedMain] INFO  o.a.coyote.http11.Http11NioProtocol - Initializing ProtocolHandler ["http-nio-8088"]
2018-09-19 17:29:14.794 13926 [restartedMain] INFO  o.a.catalina.core.StandardService - Starting service [Tomcat]
2018-09-19 17:29:14.794 13926 [restartedMain] INFO  o.a.catalina.core.StandardEngine - Starting Servlet Engine: Apache Tomcat/8.5.32
2018-09-19 17:29:14.827 13959 [localhost-startStop-1] INFO  o.a.c.core.AprLifecycleListener - The APR based Apache Tomcat Native library which allows optimal performance in production environments was not found on the java.library.path: [C:\Program Files\Java\JDK8\bin;C:\Windows\Sun\Java\bin;C:\Windows\system32;C:\Windows;C:\Program Files (x86)\Windows Resource Kits\Tools\;C:\Program Files\Java\JDK8\bin;C:\Program Files\Java\JDK8\jre\bin;C:\Program Files (x86)\Common Files\NetSarang;C:\Windows\system32;C:\Windows;C:\Windows\System32\Wbem;C:\Windows\System32\WindowsPowerShell\v1.0\;C:\Windows\System32\WindowsPowerShell\v1.0\;D:\Program\TortoiseSVN\bin;D:\Program\mysql-5.6.17-winx64\bin;C:\Program Files\nodejs\;d:\Program Files\Git\cmd;D:\Softwear\hadoop\hadoop-common-2.2.0-bin-master\bin;;C:\Program Files (x86)\Windows Resource Kits\Tools\;d:\Program Files (x86)\Microsoft VS Code\bin;D:\yinx\AppData\Roaming\npm;.]
2018-09-19 17:29:15.174 14306 [localhost-startStop-1] INFO  o.a.c.c.C.[.[localhost].[/star-web] - Initializing Spring embedded WebApplicationContext
2018-09-19 17:29:15.175 14307 [localhost-startStop-1] INFO  o.s.web.context.ContextLoader - Root WebApplicationContext: initialization completed in 8619 ms
2018-09-19 17:29:15.360 14492 [localhost-startStop-1] INFO  o.s.b.w.s.ServletRegistrationBean - Servlet dispatcherServlet mapped to [/]
2018-09-19 17:29:15.367 14499 [localhost-startStop-1] INFO  o.s.b.w.s.FilterRegistrationBean - Mapping filter: 'characterEncodingFilter' to: [/*]
2018-09-19 17:29:15.368 14500 [localhost-startStop-1] INFO  o.s.b.w.s.FilterRegistrationBean - Mapping filter: 'hiddenHttpMethodFilter' to: [/*]
2018-09-19 17:29:15.369 14501 [localhost-startStop-1] INFO  o.s.b.w.s.FilterRegistrationBean - Mapping filter: 'httpPutFormContentFilter' to: [/*]
2018-09-19 17:29:15.369 14501 [localhost-startStop-1] INFO  o.s.b.w.s.FilterRegistrationBean - Mapping filter: 'requestContextFilter' to: [/*]
2018-09-19 17:29:18.099 17231 [restartedMain] INFO  o.s.w.s.h.SimpleUrlHandlerMapping - Mapped URL path [/**/favicon.ico] onto handler of type [class org.springframework.web.servlet.resource.ResourceHttpRequestHandler]
2018-09-19 17:29:18.592 17724 [restartedMain] INFO  o.s.w.s.m.m.a.RequestMappingHandlerAdapter - Looking for @ControllerAdvice: org.springframework.boot.web.servlet.context.AnnotationConfigServletWebServerApplicationContext@763f6b42: startup date [Wed Sep 19 17:29:06 CST 2018]; root of context hierarchy
2018-09-19 17:29:18.797 17929 [restartedMain] INFO  o.s.w.s.m.m.a.RequestMappingHandlerMapping - Mapped "{[/activeDictController/searchDictsByType],methods=[POST]}" onto public com.yixin.common.utils.InvokeResult<java.util.List<com.yixin.star.domain.ActiveDict>> com.yixin.star.controller.ActiveDictController.searchDictsByType(java.lang.String)
2018-09-19 17:29:18.799 17931 [restartedMain] INFO  o.s.w.s.m.m.a.RequestMappingHandlerMapping - Mapped "{[/activeDictController/findActiveDict],methods=[POST]}" onto public com.yixin.common.utils.InvokeResult<java.util.List<com.yixin.star.domain.ActiveDict>> com.yixin.star.controller.ActiveDictController.findActiveDict(java.lang.String)
2018-09-19 17:29:18.800 17932 [restartedMain] INFO  o.s.w.s.m.m.a.RequestMappingHandlerMapping - Mapped "{[/systemController/findSystems],methods=[POST]}" onto public com.yixin.common.utils.InvokeResult<java.util.List<com.yixin.star.domain.SystemConfig>> com.yixin.star.controller.SystemController.findAllSystem()
2018-09-19 17:29:18.804 17936 [restartedMain] INFO  o.s.w.s.m.m.a.RequestMappingHandlerMapping - Mapped "{[/systemController/getActiveNumCount],methods=[POST]}" onto public com.yixin.star.dto.EchartsDataDTO com.yixin.star.controller.SystemPerformanceController.getActiveNumCount()
2018-09-19 17:29:18.805 17937 [restartedMain] INFO  o.s.w.s.m.m.a.RequestMappingHandlerMapping - Mapped "{[/systemController/getOperateDateLengthCount],methods=[POST]}" onto public com.yixin.star.dto.EchartsDataDTO com.yixin.star.controller.SystemPerformanceController.getOperateDateLengthCount()
2018-09-19 17:29:18.805 17937 [restartedMain] INFO  o.s.w.s.m.m.a.RequestMappingHandlerMapping - Mapped "{[/systemController/getRequestFailCount],methods=[POST]}" onto public com.yixin.star.dto.EchartsDataDTO com.yixin.star.controller.SystemPerformanceController.getRequestFailCount()
2018-09-19 17:29:18.806 17938 [restartedMain] INFO  o.s.w.s.m.m.a.RequestMappingHandlerMapping - Mapped "{[/systemController/getTPCount],methods=[POST]}" onto public com.yixin.common.utils.InvokeResult<com.yixin.star.dto.EchartsDataDTO> com.yixin.star.controller.SystemPerformanceController.getTPCount(com.yixin.star.dto.RequestParamsDTO)
2018-09-19 17:29:18.807 17939 [restartedMain] INFO  o.s.w.s.m.m.a.RequestMappingHandlerMapping - Mapped "{[/systemController/getOverTopCount],methods=[POST]}" onto public com.yixin.star.dto.EchartsDataDTO com.yixin.star.controller.SystemPerformanceController.getOverTopCount()
2018-09-19 17:29:18.811 17943 [restartedMain] INFO  o.s.w.s.m.m.a.RequestMappingHandlerMapping - Mapped "{[/starController/findActionNum],methods=[POST]}" onto public int com.yixin.star.searchController.findActionNum(com.yixin.star.dto.EctActiveLogDTO)
2018-09-19 17:29:18.811 17943 [restartedMain] INFO  o.s.w.s.m.m.a.RequestMappingHandlerMapping - Mapped "{[/starController/testES/{index}/{minute}/{type}],methods=[POST]}" onto public java.lang.String com.yixin.star.searchController.testESSplit(java.lang.String,int,java.lang.String)
2018-09-19 17:29:18.812 17944 [restartedMain] INFO  o.s.w.s.m.m.a.RequestMappingHandlerMapping - Mapped "{[/starController/testAll],methods=[POST]}" onto public void com.yixin.star.searchController.testAll()
2018-09-19 17:29:18.812 17944 [restartedMain] INFO  o.s.w.s.m.m.a.RequestMappingHandlerMapping - Mapped "{[/starController/findNginx],methods=[POST]}" onto public void com.yixin.star.searchController.findNginx()
2018-09-19 17:29:18.813 17945 [restartedMain] INFO  o.s.w.s.m.m.a.RequestMappingHandlerMapping - Mapped "{[/starController/insertES],methods=[POST]}" onto public void com.yixin.star.searchController.insertES()
2018-09-19 17:29:18.817 17949 [restartedMain] INFO  o.s.w.s.m.m.a.RequestMappingHandlerMapping - Mapped "{[/error]}" onto public org.springframework.http.ResponseEntity<java.util.Map<java.lang.String, java.lang.Object>> org.springframework.boot.autoconfigure.web.servlet.error.BasicErrorController.error(javax.servlet.http.HttpServletRequest)
2018-09-19 17:29:18.818 17950 [restartedMain] INFO  o.s.w.s.m.m.a.RequestMappingHandlerMapping - Mapped "{[/error],produces=[text/html]}" onto public org.springframework.web.servlet.ModelAndView org.springframework.boot.autoconfigure.web.servlet.error.BasicErrorController.errorHtml(javax.servlet.http.HttpServletRequest,javax.servlet.http.HttpServletResponse)
2018-09-19 17:29:19.064 18196 [restartedMain] INFO  o.s.w.s.h.SimpleUrlHandlerMapping - Mapped URL path [/webjars/**] onto handler of type [class org.springframework.web.servlet.resource.ResourceHttpRequestHandler]
2018-09-19 17:29:19.065 18197 [restartedMain] INFO  o.s.w.s.h.SimpleUrlHandlerMapping - Mapped URL path [/**] onto handler of type [class org.springframework.web.servlet.resource.ResourceHttpRequestHandler]
2018-09-19 17:29:19.196 18328 [restartedMain] INFO  o.s.b.a.w.s.WelcomePageHandlerMapping - Adding welcome page: class path resource [static/index.html]
2018-09-19 17:29:20.613 19745 [restartedMain] INFO  o.s.b.d.a.OptionalLiveReloadServer - LiveReload server is running on port 35729
2018-09-19 17:29:20.970 20102 [restartedMain] INFO  o.s.j.e.a.AnnotationMBeanExporter - Registering beans for JMX exposure on startup
2018-09-19 17:29:20.975 20107 [restartedMain] INFO  o.s.j.e.a.AnnotationMBeanExporter - Bean with name 'dataSource' has been autodetected for JMX exposure
2018-09-19 17:29:20.984 20116 [restartedMain] INFO  o.s.j.e.a.AnnotationMBeanExporter - Located MBean 'dataSource': registering with JMX server as MBean [com.alibaba.druid.pool:name=dataSource,type=DruidDataSource]
2018-09-19 17:29:21.033 20165 [restartedMain] INFO  o.a.coyote.http11.Http11NioProtocol - Starting ProtocolHandler ["http-nio-8088"]
2018-09-19 17:29:21.432 20564 [restartedMain] INFO  o.a.tomcat.util.net.NioSelectorPool - Using a shared selector for servlet write/read
2018-09-19 17:29:22.448 21580 [restartedMain] INFO  o.s.b.w.e.tomcat.TomcatWebServer - Tomcat started on port(s): 8088 (http) with context path '/star-web'
2018-09-19 17:29:22.452 21584 [restartedMain] INFO  com.yixin.star.StardApplication - Started StardApplication in 19.624 seconds (JVM running for 23.017)
2018-09-19 17:30:19.658 78790 [http-nio-8088-exec-1] INFO  o.a.c.c.C.[.[localhost].[/star-web] - Initializing Spring FrameworkServlet 'dispatcherServlet'
2018-09-19 17:30:19.658 78790 [http-nio-8088-exec-1] INFO  o.s.web.servlet.DispatcherServlet - FrameworkServlet 'dispatcherServlet': initialization started
2018-09-19 17:30:19.697 78829 [http-nio-8088-exec-1] INFO  o.s.web.servlet.DispatcherServlet - FrameworkServlet 'dispatcherServlet': initialization completed in 39 ms
2018-09-19 17:30:26.203 85335 [http-nio-8088-exec-2] INFO  c.a.druid.pool.DruidDataSource - {dataSource-1} inited
2018-09-19 17:31:02.624 121756 [http-nio-8088-exec-2] INFO  c.y.s.s.i.SystemPerformanceServiceImpl - ===统计动作集合==getChannelNoByUserName
2018-09-19 17:31:02.661 121793 [pool-2-thread-3] INFO  c.y.s.s.i.SystemPerformanceServiceImpl - 0--开始查询--,参数：{"timestamp":null,"lteTimestamp":1537372800000,"gteTimestamp":1537286400000,"remote_IP":null,"time_local":null,"request":"getChannelNoByUserName","status_code":null,"size":null,"referer":null,"http_host":"yidaitong-web.yixincapital.com","reqs_body":null,"ssl_protocol":null,"ssl_cipher":null,"user_agent":null,"x_forward_for":null,"upstream_addr":null,"upstream_statcode":null,"upstream_resptime":null,"upstream_conttype":null,"mustNot":null,"respTimeSort":"DESC","indexName":"nginx_ws-proxy-2018-09-19","type":"logs","index":0,"tp":null,"source":"failCount","resqlimit":null,"statusCodeList":null,"deviceType":null,"loanUserID":null,"deviceIdentifier":null}
2018-09-19 17:31:02.662 121794 [pool-2-thread-3] INFO  c.y.s.s.i.SystemPerformanceServiceImpl - ===失败量统计
2018-09-19 17:31:02.713 121845 [pool-2-thread-4] INFO  c.y.s.s.i.SystemPerformanceServiceImpl - 1--开始查询--,参数：{"timestamp":null,"lteTimestamp":1537459200000,"gteTimestamp":1537372800000,"remote_IP":null,"time_local":null,"request":"getChannelNoByUserName","status_code":null,"size":null,"referer":null,"http_host":"yidaitong-web.yixincapital.com","reqs_body":null,"ssl_protocol":null,"ssl_cipher":null,"user_agent":null,"x_forward_for":null,"upstream_addr":null,"upstream_statcode":null,"upstream_resptime":null,"upstream_conttype":null,"mustNot":null,"respTimeSort":"DESC","indexName":"nginx_ws-proxy-2018-09-20","type":"logs","index":1,"tp":null,"source":"failCount","resqlimit":null,"statusCodeList":null,"deviceType":null,"loanUserID":null,"deviceIdentifier":null}
2018-09-19 17:31:02.713 121845 [pool-2-thread-4] INFO  c.y.s.s.i.SystemPerformanceServiceImpl - ===失败量统计
2018-09-19 17:31:02.729 121861 [pool-2-thread-2] INFO  c.y.s.s.i.SystemPerformanceServiceImpl - 2--开始查询--,参数：{"timestamp":null,"lteTimestamp":1537545600000,"gteTimestamp":1537459200000,"remote_IP":null,"time_local":null,"request":"getChannelNoByUserName","status_code":null,"size":null,"referer":null,"http_host":"yidaitong-web.yixincapital.com","reqs_body":null,"ssl_protocol":null,"ssl_cipher":null,"user_agent":null,"x_forward_for":null,"upstream_addr":null,"upstream_statcode":null,"upstream_resptime":null,"upstream_conttype":null,"mustNot":null,"respTimeSort":"DESC","indexName":"nginx_ws-proxy-2018-09-21","type":"logs","index":2,"tp":null,"source":"failCount","resqlimit":null,"statusCodeList":null,"deviceType":null,"loanUserID":null,"deviceIdentifier":null}
2018-09-19 17:31:02.732 121864 [pool-2-thread-2] INFO  c.y.s.s.i.SystemPerformanceServiceImpl - ===失败量统计
2018-09-19 17:31:02.739 121871 [pool-2-thread-1] INFO  c.y.s.s.i.SystemPerformanceServiceImpl - 3--开始查询--,参数：{"timestamp":null,"lteTimestamp":1537632000000,"gteTimestamp":1537545600000,"remote_IP":null,"time_local":null,"request":"getChannelNoByUserName","status_code":null,"size":null,"referer":null,"http_host":"yidaitong-web.yixincapital.com","reqs_body":null,"ssl_protocol":null,"ssl_cipher":null,"user_agent":null,"x_forward_for":null,"upstream_addr":null,"upstream_statcode":null,"upstream_resptime":null,"upstream_conttype":null,"mustNot":null,"respTimeSort":"DESC","indexName":"nginx_ws-proxy-2018-09-22","type":"logs","index":3,"tp":null,"source":"failCount","resqlimit":null,"statusCodeList":null,"deviceType":null,"loanUserID":null,"deviceIdentifier":null}
2018-09-19 17:31:02.739 121871 [pool-2-thread-1] INFO  c.y.s.s.i.SystemPerformanceServiceImpl - ===失败量统计
2018-09-19 17:31:39.218 158350 [pool-2-thread-4] INFO  c.y.s.s.i.SystemPerformanceServiceImpl - --1--线程消耗时间--36505
2018-09-19 17:31:39.475 158607 [pool-2-thread-1] INFO  c.y.s.s.i.SystemPerformanceServiceImpl - --3--线程消耗时间--36736
2018-09-19 17:31:39.501 158633 [pool-2-thread-4] INFO  c.y.s.s.i.SystemPerformanceServiceImpl - 4--开始查询--,参数：{"timestamp":null,"lteTimestamp":1537718400000,"gteTimestamp":1537632000000,"remote_IP":null,"time_local":null,"request":"getChannelNoByUserName","status_code":null,"size":null,"referer":null,"http_host":"yidaitong-web.yixincapital.com","reqs_body":null,"ssl_protocol":null,"ssl_cipher":null,"user_agent":null,"x_forward_for":null,"upstream_addr":null,"upstream_statcode":null,"upstream_resptime":null,"upstream_conttype":null,"mustNot":null,"respTimeSort":"DESC","indexName":"nginx_ws-proxy-2018-09-23","type":"logs","index":4,"tp":null,"source":"failCount","resqlimit":null,"statusCodeList":null,"deviceType":null,"loanUserID":null,"deviceIdentifier":null}
2018-09-19 17:31:39.501 158633 [pool-2-thread-4] INFO  c.y.s.s.i.SystemPerformanceServiceImpl - ===失败量统计
2018-09-19 17:31:39.502 158634 [pool-2-thread-1] INFO  c.y.s.s.i.SystemPerformanceServiceImpl - 5--开始查询--,参数：{"timestamp":null,"lteTimestamp":1537804800000,"gteTimestamp":1537718400000,"remote_IP":null,"time_local":null,"request":"getChannelNoByUserName","status_code":null,"size":null,"referer":null,"http_host":"yidaitong-web.yixincapital.com","reqs_body":null,"ssl_protocol":null,"ssl_cipher":null,"user_agent":null,"x_forward_for":null,"upstream_addr":null,"upstream_statcode":null,"upstream_resptime":null,"upstream_conttype":null,"mustNot":null,"respTimeSort":"DESC","indexName":"nginx_ws-proxy-2018-09-24","type":"logs","index":5,"tp":null,"source":"failCount","resqlimit":null,"statusCodeList":null,"deviceType":null,"loanUserID":null,"deviceIdentifier":null}
2018-09-19 17:31:39.502 158634 [pool-2-thread-1] INFO  c.y.s.s.i.SystemPerformanceServiceImpl - ===失败量统计
2018-09-19 17:31:39.816 158948 [pool-2-thread-3] INFO  c.y.s.s.i.SystemPerformanceServiceImpl - --0--线程消耗时间--37154
2018-09-19 17:31:41.491 160623 [pool-2-thread-2] INFO  c.y.s.s.i.SystemPerformanceServiceImpl - --2--线程消耗时间--38759
2018-09-19 17:31:41.496 160628 [pool-2-thread-4] INFO  c.y.s.s.i.SystemPerformanceServiceImpl - --4--线程消耗时间--1995
2018-09-19 17:31:41.501 160633 [pool-2-thread-1] INFO  c.y.s.s.i.SystemPerformanceServiceImpl - --5--线程消耗时间--1999
2018-09-19 17:31:41.502 160634 [http-nio-8088-exec-2] INFO  c.y.s.s.i.SystemPerformanceServiceImpl - 查询完成，总耗时---38939
2018-09-19 17:38:55.375 594507 [http-nio-8088-exec-10] WARN  o.s.w.s.m.s.DefaultHandlerExceptionResolver - Failed to read HTTP message: org.springframework.http.converter.HttpMessageNotReadableException: JSON parse error: Cannot deserialize value of type `java.util.Date` from String "2018-9-1900:00:00": expected format "yyyy-MM-dd HH:mm:ss"; nested exception is com.fasterxml.jackson.databind.exc.InvalidFormatException: Cannot deserialize value of type `java.util.Date` from String "2018-9-1900:00:00": expected format "yyyy-MM-dd HH:mm:ss"
 at [Source: (PushbackInputStream); line: 1, column: 62] (through reference chain: com.yixin.star.dto.RequestParamsDTO["countDate"])
2018-09-19 17:38:55.376 594508 [http-nio-8088-exec-10] WARN  o.s.w.s.m.s.DefaultHandlerExceptionResolver - Resolved exception caused by Handler execution: org.springframework.http.converter.HttpMessageNotReadableException: JSON parse error: Cannot deserialize value of type `java.util.Date` from String "2018-9-1900:00:00": expected format "yyyy-MM-dd HH:mm:ss"; nested exception is com.fasterxml.jackson.databind.exc.InvalidFormatException: Cannot deserialize value of type `java.util.Date` from String "2018-9-1900:00:00": expected format "yyyy-MM-dd HH:mm:ss"
 at [Source: (PushbackInputStream); line: 1, column: 62] (through reference chain: com.yixin.star.dto.RequestParamsDTO["countDate"])
2018-09-19 17:39:17.552 616684 [http-nio-8088-exec-5] WARN  o.s.w.s.m.s.DefaultHandlerExceptionResolver - Failed to read HTTP message: org.springframework.http.converter.HttpMessageNotReadableException: JSON parse error: Cannot deserialize value of type `java.util.Date` from String "2018-9-1900:00:00": expected format "yyyy-MM-dd HH:mm:ss"; nested exception is com.fasterxml.jackson.databind.exc.InvalidFormatException: Cannot deserialize value of type `java.util.Date` from String "2018-9-1900:00:00": expected format "yyyy-MM-dd HH:mm:ss"
 at [Source: (PushbackInputStream); line: 1, column: 62] (through reference chain: com.yixin.star.dto.RequestParamsDTO["countDate"])
2018-09-19 17:39:17.552 616684 [http-nio-8088-exec-5] WARN  o.s.w.s.m.s.DefaultHandlerExceptionResolver - Resolved exception caused by Handler execution: org.springframework.http.converter.HttpMessageNotReadableException: JSON parse error: Cannot deserialize value of type `java.util.Date` from String "2018-9-1900:00:00": expected format "yyyy-MM-dd HH:mm:ss"; nested exception is com.fasterxml.jackson.databind.exc.InvalidFormatException: Cannot deserialize value of type `java.util.Date` from String "2018-9-1900:00:00": expected format "yyyy-MM-dd HH:mm:ss"
 at [Source: (PushbackInputStream); line: 1, column: 62] (through reference chain: com.yixin.star.dto.RequestParamsDTO["countDate"])
2018-09-19 17:39:29.446 628578 [http-nio-8088-exec-3] INFO  c.y.s.s.i.SystemPerformanceServiceImpl - ===统计动作集合==getChannelNoByUserName
2018-09-19 17:39:29.453 628585 [pool-7-thread-1] INFO  c.y.s.s.i.SystemPerformanceServiceImpl - 0--开始查询--,参数：{"timestamp":null,"lteTimestamp":1537372800000,"gteTimestamp":1537286400000,"remote_IP":null,"time_local":null,"request":"getChannelNoByUserName","status_code":null,"size":null,"referer":null,"http_host":"yidaitong-web.yixincapital.com","reqs_body":null,"ssl_protocol":null,"ssl_cipher":null,"user_agent":null,"x_forward_for":null,"upstream_addr":null,"upstream_statcode":null,"upstream_resptime":null,"upstream_conttype":null,"mustNot":null,"respTimeSort":"DESC","indexName":"nginx_ws-proxy-2018-09-19","type":"logs","index":0,"tp":null,"source":"failCount","resqlimit":null,"statusCodeList":null,"deviceType":null,"loanUserID":null,"deviceIdentifier":null}
2018-09-19 17:39:29.454 628586 [pool-7-thread-1] INFO  c.y.s.s.i.SystemPerformanceServiceImpl - ===失败量统计
2018-09-19 17:39:29.460 628592 [pool-7-thread-4] INFO  c.y.s.s.i.SystemPerformanceServiceImpl - 2--开始查询--,参数：{"timestamp":null,"lteTimestamp":1537545600000,"gteTimestamp":1537459200000,"remote_IP":null,"time_local":null,"request":"getChannelNoByUserName","status_code":null,"size":null,"referer":null,"http_host":"yidaitong-web.yixincapital.com","reqs_body":null,"ssl_protocol":null,"ssl_cipher":null,"user_agent":null,"x_forward_for":null,"upstream_addr":null,"upstream_statcode":null,"upstream_resptime":null,"upstream_conttype":null,"mustNot":null,"respTimeSort":"DESC","indexName":"nginx_ws-proxy-2018-09-21","type":"logs","index":2,"tp":null,"source":"failCount","resqlimit":null,"statusCodeList":null,"deviceType":null,"loanUserID":null,"deviceIdentifier":null}
2018-09-19 17:39:29.461 628593 [pool-7-thread-4] INFO  c.y.s.s.i.SystemPerformanceServiceImpl - ===失败量统计
2018-09-19 17:39:29.461 628593 [pool-7-thread-2] INFO  c.y.s.s.i.SystemPerformanceServiceImpl - 3--开始查询--,参数：{"timestamp":null,"lteTimestamp":1537632000000,"gteTimestamp":1537545600000,"remote_IP":null,"time_local":null,"request":"getChannelNoByUserName","status_code":null,"size":null,"referer":null,"http_host":"yidaitong-web.yixincapital.com","reqs_body":null,"ssl_protocol":null,"ssl_cipher":null,"user_agent":null,"x_forward_for":null,"upstream_addr":null,"upstream_statcode":null,"upstream_resptime":null,"upstream_conttype":null,"mustNot":null,"respTimeSort":"DESC","indexName":"nginx_ws-proxy-2018-09-22","type":"logs","index":3,"tp":null,"source":"failCount","resqlimit":null,"statusCodeList":null,"deviceType":null,"loanUserID":null,"deviceIdentifier":null}
2018-09-19 17:39:29.461 628593 [pool-7-thread-2] INFO  c.y.s.s.i.SystemPerformanceServiceImpl - ===失败量统计
2018-09-19 17:39:29.976 629108 [pool-7-thread-3] INFO  c.y.s.s.i.SystemPerformanceServiceImpl - 1--开始查询--,参数：{"timestamp":null,"lteTimestamp":1537459200000,"gteTimestamp":1537372800000,"remote_IP":null,"time_local":null,"request":"getChannelNoByUserName","status_code":null,"size":null,"referer":null,"http_host":"yidaitong-web.yixincapital.com","reqs_body":null,"ssl_protocol":null,"ssl_cipher":null,"user_agent":null,"x_forward_for":null,"upstream_addr":null,"upstream_statcode":null,"upstream_resptime":null,"upstream_conttype":null,"mustNot":null,"respTimeSort":"DESC","indexName":"nginx_ws-proxy-2018-09-20","type":"logs","index":1,"tp":null,"source":"failCount","resqlimit":null,"statusCodeList":null,"deviceType":null,"loanUserID":null,"deviceIdentifier":null}
2018-09-19 17:39:29.976 629108 [pool-7-thread-3] INFO  c.y.s.s.i.SystemPerformanceServiceImpl - ===失败量统计
2018-09-19 17:39:30.467 629599 [pool-7-thread-2] INFO  c.y.s.s.i.SystemPerformanceServiceImpl - --3--线程消耗时间--1006
2018-09-19 17:39:30.471 629603 [pool-7-thread-2] INFO  c.y.s.s.i.SystemPerformanceServiceImpl - 4--开始查询--,参数：{"timestamp":null,"lteTimestamp":1537718400000,"gteTimestamp":1537632000000,"remote_IP":null,"time_local":null,"request":"getChannelNoByUserName","status_code":null,"size":null,"referer":null,"http_host":"yidaitong-web.yixincapital.com","reqs_body":null,"ssl_protocol":null,"ssl_cipher":null,"user_agent":null,"x_forward_for":null,"upstream_addr":null,"upstream_statcode":null,"upstream_resptime":null,"upstream_conttype":null,"mustNot":null,"respTimeSort":"DESC","indexName":"nginx_ws-proxy-2018-09-23","type":"logs","index":4,"tp":null,"source":"failCount","resqlimit":null,"statusCodeList":null,"deviceType":null,"loanUserID":null,"deviceIdentifier":null}
2018-09-19 17:39:30.471 629603 [pool-7-thread-2] INFO  c.y.s.s.i.SystemPerformanceServiceImpl - ===失败量统计
2018-09-19 17:39:33.189 632321 [pool-7-thread-3] INFO  c.y.s.s.i.SystemPerformanceServiceImpl - --1--线程消耗时间--3213
2018-09-19 17:39:33.193 632325 [pool-7-thread-3] INFO  c.y.s.s.i.SystemPerformanceServiceImpl - 5--开始查询--,参数：{"timestamp":null,"lteTimestamp":1537804800000,"gteTimestamp":1537718400000,"remote_IP":null,"time_local":null,"request":"getChannelNoByUserName","status_code":null,"size":null,"referer":null,"http_host":"yidaitong-web.yixincapital.com","reqs_body":null,"ssl_protocol":null,"ssl_cipher":null,"user_agent":null,"x_forward_for":null,"upstream_addr":null,"upstream_statcode":null,"upstream_resptime":null,"upstream_conttype":null,"mustNot":null,"respTimeSort":"DESC","indexName":"nginx_ws-proxy-2018-09-24","type":"logs","index":5,"tp":null,"source":"failCount","resqlimit":null,"statusCodeList":null,"deviceType":null,"loanUserID":null,"deviceIdentifier":null}
2018-09-19 17:39:33.194 632326 [pool-7-thread-3] INFO  c.y.s.s.i.SystemPerformanceServiceImpl - ===失败量统计
2018-09-19 17:39:33.356 632488 [pool-7-thread-4] INFO  c.y.s.s.i.SystemPerformanceServiceImpl - --2--线程消耗时间--3895
2018-09-19 17:39:33.550 632682 [pool-7-thread-1] INFO  c.y.s.s.i.SystemPerformanceServiceImpl - --0--线程消耗时间--4096
2018-09-19 17:39:34.159 633291 [pool-7-thread-3] INFO  c.y.s.s.i.SystemPerformanceServiceImpl - --5--线程消耗时间--965
2018-09-19 17:39:35.254 634386 [pool-7-thread-2] INFO  c.y.s.s.i.SystemPerformanceServiceImpl - --4--线程消耗时间--4783
2018-09-19 17:39:35.254 634386 [http-nio-8088-exec-3] INFO  c.y.s.s.i.SystemPerformanceServiceImpl - 查询完成，总耗时---5861
2018-09-19 17:40:58.007 717139 [http-nio-8088-exec-1] WARN  o.s.w.s.m.s.DefaultHandlerExceptionResolver - Failed to read HTTP message: org.springframework.http.converter.HttpMessageNotReadableException: JSON parse error: Cannot deserialize value of type `java.util.Date` from String "2018-9-1900:00:00": expected format "yyyy-MM-dd HH:mm:ss"; nested exception is com.fasterxml.jackson.databind.exc.InvalidFormatException: Cannot deserialize value of type `java.util.Date` from String "2018-9-1900:00:00": expected format "yyyy-MM-dd HH:mm:ss"
 at [Source: (PushbackInputStream); line: 1, column: 74] (through reference chain: com.yixin.star.dto.RequestParamsDTO["countDate"])
2018-09-19 17:40:58.008 717140 [http-nio-8088-exec-1] WARN  o.s.w.s.m.s.DefaultHandlerExceptionResolver - Resolved exception caused by Handler execution: org.springframework.http.converter.HttpMessageNotReadableException: JSON parse error: Cannot deserialize value of type `java.util.Date` from String "2018-9-1900:00:00": expected format "yyyy-MM-dd HH:mm:ss"; nested exception is com.fasterxml.jackson.databind.exc.InvalidFormatException: Cannot deserialize value of type `java.util.Date` from String "2018-9-1900:00:00": expected format "yyyy-MM-dd HH:mm:ss"
 at [Source: (PushbackInputStream); line: 1, column: 74] (through reference chain: com.yixin.star.dto.RequestParamsDTO["countDate"])
2018-09-19 17:42:35.797 814929 [http-nio-8088-exec-6] INFO  c.y.s.s.i.SystemPerformanceServiceImpl - ===统计动作集合==getChannelNoByUserName
2018-09-19 17:42:35.804 814936 [pool-8-thread-4] INFO  c.y.s.s.i.SystemPerformanceServiceImpl - 0--开始查询--,参数：{"timestamp":null,"lteTimestamp":1537372800000,"gteTimestamp":1537286400000,"remote_IP":null,"time_local":null,"request":"getChannelNoByUserName","status_code":null,"size":null,"referer":null,"http_host":"yidaitong-web.yixincapital.com","reqs_body":null,"ssl_protocol":null,"ssl_cipher":null,"user_agent":null,"x_forward_for":null,"upstream_addr":null,"upstream_statcode":null,"upstream_resptime":null,"upstream_conttype":null,"mustNot":null,"respTimeSort":"DESC","indexName":"nginx_ws-proxy-2018-09-19","type":"logs","index":0,"tp":"tp50","source":"tp","resqlimit":null,"statusCodeList":null,"deviceType":null,"loanUserID":null,"deviceIdentifier":null}
2018-09-19 17:42:35.804 814936 [pool-8-thread-4] INFO  c.y.s.s.i.SystemPerformanceServiceImpl - TP50==开始统计
2018-09-19 17:42:35.814 814946 [pool-8-thread-3] INFO  c.y.s.s.i.SystemPerformanceServiceImpl - 1--开始查询--,参数：{"timestamp":null,"lteTimestamp":1537459200000,"gteTimestamp":1537372800000,"remote_IP":null,"time_local":null,"request":"getChannelNoByUserName","status_code":null,"size":null,"referer":null,"http_host":"yidaitong-web.yixincapital.com","reqs_body":null,"ssl_protocol":null,"ssl_cipher":null,"user_agent":null,"x_forward_for":null,"upstream_addr":null,"upstream_statcode":null,"upstream_resptime":null,"upstream_conttype":null,"mustNot":null,"respTimeSort":"DESC","indexName":"nginx_ws-proxy-2018-09-20","type":"logs","index":1,"tp":"tp50","source":"tp","resqlimit":null,"statusCodeList":null,"deviceType":null,"loanUserID":null,"deviceIdentifier":null}
2018-09-19 17:42:35.815 814947 [pool-8-thread-3] INFO  c.y.s.s.i.SystemPerformanceServiceImpl - TP50==开始统计
2018-09-19 17:42:35.827 814959 [pool-8-thread-1] INFO  c.y.s.s.i.SystemPerformanceServiceImpl - 2--开始查询--,参数：{"timestamp":null,"lteTimestamp":1537545600000,"gteTimestamp":1537459200000,"remote_IP":null,"time_local":null,"request":"getChannelNoByUserName","status_code":null,"size":null,"referer":null,"http_host":"yidaitong-web.yixincapital.com","reqs_body":null,"ssl_protocol":null,"ssl_cipher":null,"user_agent":null,"x_forward_for":null,"upstream_addr":null,"upstream_statcode":null,"upstream_resptime":null,"upstream_conttype":null,"mustNot":null,"respTimeSort":"DESC","indexName":"nginx_ws-proxy-2018-09-21","type":"logs","index":2,"tp":"tp50","source":"tp","resqlimit":null,"statusCodeList":null,"deviceType":null,"loanUserID":null,"deviceIdentifier":null}
2018-09-19 17:42:35.828 814960 [pool-8-thread-1] INFO  c.y.s.s.i.SystemPerformanceServiceImpl - TP50==开始统计
2018-09-19 17:42:35.838 814970 [pool-8-thread-2] INFO  c.y.s.s.i.SystemPerformanceServiceImpl - 3--开始查询--,参数：{"timestamp":null,"lteTimestamp":1537632000000,"gteTimestamp":1537545600000,"remote_IP":null,"time_local":null,"request":"getChannelNoByUserName","status_code":null,"size":null,"referer":null,"http_host":"yidaitong-web.yixincapital.com","reqs_body":null,"ssl_protocol":null,"ssl_cipher":null,"user_agent":null,"x_forward_for":null,"upstream_addr":null,"upstream_statcode":null,"upstream_resptime":null,"upstream_conttype":null,"mustNot":null,"respTimeSort":"DESC","indexName":"nginx_ws-proxy-2018-09-22","type":"logs","index":3,"tp":"tp50","source":"tp","resqlimit":null,"statusCodeList":null,"deviceType":null,"loanUserID":null,"deviceIdentifier":null}
2018-09-19 17:42:35.839 814971 [pool-8-thread-2] INFO  c.y.s.s.i.SystemPerformanceServiceImpl - TP50==开始统计
2018-09-19 17:42:36.498 815630 [pool-8-thread-3] INFO  c.y.s.s.i.SystemPerformanceServiceImpl - --1--线程消耗时间--683
2018-09-19 17:42:36.613 815745 [pool-8-thread-3] INFO  c.y.s.s.i.SystemPerformanceServiceImpl - 4--开始查询--,参数：{"timestamp":null,"lteTimestamp":1537718400000,"gteTimestamp":1537632000000,"remote_IP":null,"time_local":null,"request":"getChannelNoByUserName","status_code":null,"size":null,"referer":null,"http_host":"yidaitong-web.yixincapital.com","reqs_body":null,"ssl_protocol":null,"ssl_cipher":null,"user_agent":null,"x_forward_for":null,"upstream_addr":null,"upstream_statcode":null,"upstream_resptime":null,"upstream_conttype":null,"mustNot":null,"respTimeSort":"DESC","indexName":"nginx_ws-proxy-2018-09-23","type":"logs","index":4,"tp":"tp50","source":"tp","resqlimit":null,"statusCodeList":null,"deviceType":null,"loanUserID":null,"deviceIdentifier":null}
2018-09-19 17:42:36.614 815746 [pool-8-thread-3] INFO  c.y.s.s.i.SystemPerformanceServiceImpl - TP50==开始统计
2018-09-19 17:42:36.984 816116 [pool-8-thread-1] INFO  c.y.s.s.i.SystemPerformanceServiceImpl - --2--线程消耗时间--1156
2018-09-19 17:42:36.987 816119 [pool-8-thread-1] INFO  c.y.s.s.i.SystemPerformanceServiceImpl - 5--开始查询--,参数：{"timestamp":null,"lteTimestamp":1537804800000,"gteTimestamp":1537718400000,"remote_IP":null,"time_local":null,"request":"getChannelNoByUserName","status_code":null,"size":null,"referer":null,"http_host":"yidaitong-web.yixincapital.com","reqs_body":null,"ssl_protocol":null,"ssl_cipher":null,"user_agent":null,"x_forward_for":null,"upstream_addr":null,"upstream_statcode":null,"upstream_resptime":null,"upstream_conttype":null,"mustNot":null,"respTimeSort":"DESC","indexName":"nginx_ws-proxy-2018-09-24","type":"logs","index":5,"tp":"tp50","source":"tp","resqlimit":null,"statusCodeList":null,"deviceType":null,"loanUserID":null,"deviceIdentifier":null}
2018-09-19 17:42:36.987 816119 [pool-8-thread-1] INFO  c.y.s.s.i.SystemPerformanceServiceImpl - TP50==开始统计
2018-09-19 17:42:37.007 816139 [pool-8-thread-2] INFO  c.y.s.s.i.SystemPerformanceServiceImpl - --3--线程消耗时间--1168
2018-09-19 17:42:37.077 816209 [pool-8-thread-3] INFO  c.y.s.s.i.SystemPerformanceServiceImpl - --4--线程消耗时间--463
2018-09-19 17:42:38.058 817190 [pool-8-thread-1] INFO  c.y.s.s.i.SystemPerformanceServiceImpl - --5--线程消耗时间--1071
2018-09-19 17:42:38.085 817217 [pool-8-thread-4] INFO  c.y.s.s.i.SystemPerformanceServiceImpl - --0--线程消耗时间--2281
2018-09-19 17:42:38.085 817217 [http-nio-8088-exec-6] INFO  c.y.s.s.i.SystemPerformanceServiceImpl - 查询完成，总耗时---2341
