2018-09-17 11:23:18.857 235501844 [Thread-6] INFO  o.s.b.w.s.c.AnnotationConfigServletWebServerApplicationContext - Closing org.springframework.boot.web.servlet.context.AnnotationConfigServletWebServerApplicationContext@251cdf54: startup date [Fri Sep 14 17:58:20 CST 2018]; root of context hierarchy
2018-09-17 11:23:20.046 235503033 [Thread-6] INFO  o.s.j.e.a.AnnotationMBeanExporter - Unregistering JMX-exposed beans on shutdown
2018-09-17 11:23:20.132 235503119 [Thread-6] INFO  o.s.j.e.a.AnnotationMBeanExporter - Unregistering JMX-exposed beans
2018-09-17 11:23:20.522 235503509 [Thread-6] INFO  c.a.druid.pool.DruidDataSource - {dataSource-1} closed
2018-09-17 11:23:31.951 235514938 [restartedMain] INFO  com.yixin.star.StardApplication - Starting StardApplication on FCM4662 with PID 56804 (D:\IdeaProjects\yixin\stard\target\classes started by yinx in D:\IdeaProjects\yixin\stard)
2018-09-17 11:23:31.952 235514939 [restartedMain] INFO  com.yixin.star.StardApplication - No active profile set, falling back to default profiles: default
2018-09-17 11:23:32.020 235515007 [restartedMain] INFO  o.s.b.w.s.c.AnnotationConfigServletWebServerApplicationContext - Refreshing org.springframework.boot.web.servlet.context.AnnotationConfigServletWebServerApplicationContext@e0a544a: startup date [Mon Sep 17 11:23:32 CST 2018]; root of context hierarchy
2018-09-17 11:23:33.210 235516197 [restartedMain] WARN  o.m.s.mapper.ClassPathMapperScanner - No MyBatis mapper was found in '[com.yixin.star.mapper]' package. Please check your configuration.
2018-09-17 11:23:33.333 235516320 [restartedMain] WARN  o.m.s.mapper.ClassPathMapperScanner - No MyBatis mapper was found in '[com.yixin.star]' package. Please check your configuration.
2018-09-17 11:23:35.298 235518285 [restartedMain] INFO  o.s.b.w.e.tomcat.TomcatWebServer - Tomcat initialized with port(s): 8099 (http)
2018-09-17 11:23:35.300 235518287 [restartedMain] INFO  o.a.coyote.http11.Http11NioProtocol - Initializing ProtocolHandler ["http-nio-8099"]
2018-09-17 11:23:35.300 235518287 [restartedMain] INFO  o.a.catalina.core.StandardService - Starting service [Tomcat]
2018-09-17 11:23:35.301 235518288 [restartedMain] INFO  o.a.catalina.core.StandardEngine - Starting Servlet Engine: Apache Tomcat/8.5.32
2018-09-17 11:23:35.524 235518511 [localhost-startStop-1] INFO  o.a.c.c.C.[.[localhost].[/star-web] - Initializing Spring embedded WebApplicationContext
2018-09-17 11:23:35.547 235518534 [localhost-startStop-1] INFO  o.s.web.context.ContextLoader - Root WebApplicationContext: initialization completed in 3527 ms
2018-09-17 11:23:35.630 235518617 [localhost-startStop-1] INFO  o.s.b.w.s.ServletRegistrationBean - Servlet dispatcherServlet mapped to [/]
2018-09-17 11:23:35.633 235518620 [localhost-startStop-1] INFO  o.s.b.w.s.FilterRegistrationBean - Mapping filter: 'characterEncodingFilter' to: [/*]
2018-09-17 11:23:35.633 235518620 [localhost-startStop-1] INFO  o.s.b.w.s.FilterRegistrationBean - Mapping filter: 'hiddenHttpMethodFilter' to: [/*]
2018-09-17 11:23:35.633 235518620 [localhost-startStop-1] INFO  o.s.b.w.s.FilterRegistrationBean - Mapping filter: 'httpPutFormContentFilter' to: [/*]
2018-09-17 11:23:35.633 235518620 [localhost-startStop-1] INFO  o.s.b.w.s.FilterRegistrationBean - Mapping filter: 'requestContextFilter' to: [/*]
2018-09-17 11:23:35.713 235518700 [restartedMain] INFO  o.s.w.s.h.SimpleUrlHandlerMapping - Mapped URL path [/**/favicon.ico] onto handler of type [class org.springframework.web.servlet.resource.ResourceHttpRequestHandler]
2018-09-17 11:23:35.840 235518827 [restartedMain] INFO  o.s.w.s.m.m.a.RequestMappingHandlerAdapter - Looking for @ControllerAdvice: org.springframework.boot.web.servlet.context.AnnotationConfigServletWebServerApplicationContext@e0a544a: startup date [Mon Sep 17 11:23:32 CST 2018]; root of context hierarchy
2018-09-17 11:23:35.855 235518842 [restartedMain] INFO  o.s.w.s.m.m.a.RequestMappingHandlerMapping - Mapped "{[/error]}" onto public org.springframework.http.ResponseEntity<java.util.Map<java.lang.String, java.lang.Object>> org.springframework.boot.autoconfigure.web.servlet.error.BasicErrorController.error(javax.servlet.http.HttpServletRequest)
2018-09-17 11:23:35.855 235518842 [restartedMain] INFO  o.s.w.s.m.m.a.RequestMappingHandlerMapping - Mapped "{[/error],produces=[text/html]}" onto public org.springframework.web.servlet.ModelAndView org.springframework.boot.autoconfigure.web.servlet.error.BasicErrorController.errorHtml(javax.servlet.http.HttpServletRequest,javax.servlet.http.HttpServletResponse)
2018-09-17 11:23:35.870 235518857 [restartedMain] INFO  o.s.w.s.h.SimpleUrlHandlerMapping - Mapped URL path [/webjars/**] onto handler of type [class org.springframework.web.servlet.resource.ResourceHttpRequestHandler]
2018-09-17 11:23:35.871 235518858 [restartedMain] INFO  o.s.w.s.h.SimpleUrlHandlerMapping - Mapped URL path [/**] onto handler of type [class org.springframework.web.servlet.resource.ResourceHttpRequestHandler]
2018-09-17 11:23:35.897 235518884 [restartedMain] INFO  o.s.b.a.w.s.WelcomePageHandlerMapping - Adding welcome page: class path resource [static/index.html]
2018-09-17 11:23:36.599 235519586 [restartedMain] WARN  o.s.b.w.s.c.AnnotationConfigServletWebServerApplicationContext - Exception encountered during context initialization - cancelling refresh attempt: org.springframework.beans.factory.BeanCreationException: Error creating bean with name 'sqlSessionFactory' defined in class path resource [org/mybatis/spring/boot/autoconfigure/MybatisAutoConfiguration.class]: Bean instantiation via factory method failed; nested exception is org.springframework.beans.BeanInstantiationException: Failed to instantiate [org.apache.ibatis.session.SqlSessionFactory]: Factory method 'sqlSessionFactory' threw exception; nested exception is org.springframework.core.NestedIOException: Failed to parse mapping resource: 'file [D:\IdeaProjects\yixin\stard\target\classes\mapper\ActiceDictMapper.xml]'; nested exception is org.apache.ibatis.builder.BuilderException: Error parsing Mapper XML. The XML location is 'file [D:\IdeaProjects\yixin\stard\target\classes\mapper\ActiceDictMapper.xml]'. Cause: org.apache.ibatis.builder.BuilderException: Error resolving class. Cause: org.apache.ibatis.type.TypeException: Could not resolve type alias 'com.yixin.star.domain.ActiveDict'.  Cause: java.lang.ClassNotFoundException: Cannot find class: com.yixin.star.domain.ActiveDict
2018-09-17 11:23:36.603 235519590 [restartedMain] INFO  o.a.catalina.core.StandardService - Stopping service [Tomcat]
2018-09-17 11:23:36.624 235519611 [restartedMain] INFO  o.s.b.a.l.ConditionEvaluationReportLoggingListener - 

Error starting ApplicationContext. To display the conditions report re-run your application with 'debug' enabled.
2018-09-17 11:23:36.649 235519636 [restartedMain] ERROR o.s.boot.SpringApplication - Application run failed
org.springframework.beans.factory.BeanCreationException: Error creating bean with name 'sqlSessionFactory' defined in class path resource [org/mybatis/spring/boot/autoconfigure/MybatisAutoConfiguration.class]: Bean instantiation via factory method failed; nested exception is org.springframework.beans.BeanInstantiationException: Failed to instantiate [org.apache.ibatis.session.SqlSessionFactory]: Factory method 'sqlSessionFactory' threw exception; nested exception is org.springframework.core.NestedIOException: Failed to parse mapping resource: 'file [D:\IdeaProjects\yixin\stard\target\classes\mapper\ActiceDictMapper.xml]'; nested exception is org.apache.ibatis.builder.BuilderException: Error parsing Mapper XML. The XML location is 'file [D:\IdeaProjects\yixin\stard\target\classes\mapper\ActiceDictMapper.xml]'. Cause: org.apache.ibatis.builder.BuilderException: Error resolving class. Cause: org.apache.ibatis.type.TypeException: Could not resolve type alias 'com.yixin.star.domain.ActiveDict'.  Cause: java.lang.ClassNotFoundException: Cannot find class: com.yixin.star.domain.ActiveDict
	at org.springframework.beans.factory.support.ConstructorResolver.instantiateUsingFactoryMethod(ConstructorResolver.java:590)
	at org.springframework.beans.factory.support.AbstractAutowireCapableBeanFactory.instantiateUsingFactoryMethod(AbstractAutowireCapableBeanFactory.java:1247)
	at org.springframework.beans.factory.support.AbstractAutowireCapableBeanFactory.createBeanInstance(AbstractAutowireCapableBeanFactory.java:1096)
	at org.springframework.beans.factory.support.AbstractAutowireCapableBeanFactory.doCreateBean(AbstractAutowireCapableBeanFactory.java:535)
	at org.springframework.beans.factory.support.AbstractAutowireCapableBeanFactory.createBean(AbstractAutowireCapableBeanFactory.java:495)
	at org.springframework.beans.factory.support.AbstractBeanFactory.lambda$doGetBean$0(AbstractBeanFactory.java:317)
	at org.springframework.beans.factory.support.DefaultSingletonBeanRegistry.getSingleton(DefaultSingletonBeanRegistry.java:222)
	at org.springframework.beans.factory.support.AbstractBeanFactory.doGetBean(AbstractBeanFactory.java:315)
	at org.springframework.beans.factory.support.AbstractBeanFactory.getBean(AbstractBeanFactory.java:199)
	at org.springframework.beans.factory.support.DefaultListableBeanFactory.preInstantiateSingletons(DefaultListableBeanFactory.java:759)
	at org.springframework.context.support.AbstractApplicationContext.finishBeanFactoryInitialization(AbstractApplicationContext.java:869)
	at org.springframework.context.support.AbstractApplicationContext.refresh(AbstractApplicationContext.java:550)
	at org.springframework.boot.web.servlet.context.ServletWebServerApplicationContext.refresh(ServletWebServerApplicationContext.java:140)
	at org.springframework.boot.SpringApplication.refresh(SpringApplication.java:762)
	at org.springframework.boot.SpringApplication.refreshContext(SpringApplication.java:398)
	at org.springframework.boot.SpringApplication.run(SpringApplication.java:330)
	at org.springframework.boot.SpringApplication.run(SpringApplication.java:1258)
	at org.springframework.boot.SpringApplication.run(SpringApplication.java:1246)
	at com.yixin.star.StardApplication.main(StardApplication.java:14)
	at sun.reflect.NativeMethodAccessorImpl.invoke0(Native Method)
	at sun.reflect.NativeMethodAccessorImpl.invoke(NativeMethodAccessorImpl.java:62)
	at sun.reflect.DelegatingMethodAccessorImpl.invoke(DelegatingMethodAccessorImpl.java:43)
	at java.lang.reflect.Method.invoke(Method.java:498)
	at org.springframework.boot.devtools.restart.RestartLauncher.run(RestartLauncher.java:49)
Caused by: org.springframework.beans.BeanInstantiationException: Failed to instantiate [org.apache.ibatis.session.SqlSessionFactory]: Factory method 'sqlSessionFactory' threw exception; nested exception is org.springframework.core.NestedIOException: Failed to parse mapping resource: 'file [D:\IdeaProjects\yixin\stard\target\classes\mapper\ActiceDictMapper.xml]'; nested exception is org.apache.ibatis.builder.BuilderException: Error parsing Mapper XML. The XML location is 'file [D:\IdeaProjects\yixin\stard\target\classes\mapper\ActiceDictMapper.xml]'. Cause: org.apache.ibatis.builder.BuilderException: Error resolving class. Cause: org.apache.ibatis.type.TypeException: Could not resolve type alias 'com.yixin.star.domain.ActiveDict'.  Cause: java.lang.ClassNotFoundException: Cannot find class: com.yixin.star.domain.ActiveDict
	at org.springframework.beans.factory.support.SimpleInstantiationStrategy.instantiate(SimpleInstantiationStrategy.java:185)
	at org.springframework.beans.factory.support.ConstructorResolver.instantiateUsingFactoryMethod(ConstructorResolver.java:582)
	... 23 common frames omitted
Caused by: org.springframework.core.NestedIOException: Failed to parse mapping resource: 'file [D:\IdeaProjects\yixin\stard\target\classes\mapper\ActiceDictMapper.xml]'; nested exception is org.apache.ibatis.builder.BuilderException: Error parsing Mapper XML. The XML location is 'file [D:\IdeaProjects\yixin\stard\target\classes\mapper\ActiceDictMapper.xml]'. Cause: org.apache.ibatis.builder.BuilderException: Error resolving class. Cause: org.apache.ibatis.type.TypeException: Could not resolve type alias 'com.yixin.star.domain.ActiveDict'.  Cause: java.lang.ClassNotFoundException: Cannot find class: com.yixin.star.domain.ActiveDict
	at org.mybatis.spring.SqlSessionFactoryBean.buildSqlSessionFactory(SqlSessionFactoryBean.java:523)
	at org.mybatis.spring.SqlSessionFactoryBean.afterPropertiesSet(SqlSessionFactoryBean.java:380)
	at org.mybatis.spring.SqlSessionFactoryBean.getObject(SqlSessionFactoryBean.java:547)
	at org.mybatis.spring.boot.autoconfigure.MybatisAutoConfiguration.sqlSessionFactory(MybatisAutoConfiguration.java:153)
	at org.mybatis.spring.boot.autoconfigure.MybatisAutoConfiguration$$EnhancerBySpringCGLIB$$1e4e4afd.CGLIB$sqlSessionFactory$1(<generated>)
	at org.mybatis.spring.boot.autoconfigure.MybatisAutoConfiguration$$EnhancerBySpringCGLIB$$1e4e4afd$$FastClassBySpringCGLIB$$ee3e8fde.invoke(<generated>)
	at org.springframework.cglib.proxy.MethodProxy.invokeSuper(MethodProxy.java:228)
	at org.springframework.context.annotation.ConfigurationClassEnhancer$BeanMethodInterceptor.intercept(ConfigurationClassEnhancer.java:361)
	at org.mybatis.spring.boot.autoconfigure.MybatisAutoConfiguration$$EnhancerBySpringCGLIB$$1e4e4afd.sqlSessionFactory(<generated>)
	at sun.reflect.NativeMethodAccessorImpl.invoke0(Native Method)
	at sun.reflect.NativeMethodAccessorImpl.invoke(NativeMethodAccessorImpl.java:62)
	at sun.reflect.DelegatingMethodAccessorImpl.invoke(DelegatingMethodAccessorImpl.java:43)
	at java.lang.reflect.Method.invoke(Method.java:498)
	at org.springframework.beans.factory.support.SimpleInstantiationStrategy.instantiate(SimpleInstantiationStrategy.java:154)
	... 24 common frames omitted
Caused by: org.apache.ibatis.builder.BuilderException: Error parsing Mapper XML. The XML location is 'file [D:\IdeaProjects\yixin\stard\target\classes\mapper\ActiceDictMapper.xml]'. Cause: org.apache.ibatis.builder.BuilderException: Error resolving class. Cause: org.apache.ibatis.type.TypeException: Could not resolve type alias 'com.yixin.star.domain.ActiveDict'.  Cause: java.lang.ClassNotFoundException: Cannot find class: com.yixin.star.domain.ActiveDict
	at org.apache.ibatis.builder.xml.XMLMapperBuilder.configurationElement(XMLMapperBuilder.java:120)
	at org.apache.ibatis.builder.xml.XMLMapperBuilder.parse(XMLMapperBuilder.java:92)
	at org.mybatis.spring.SqlSessionFactoryBean.buildSqlSessionFactory(SqlSessionFactoryBean.java:521)
	... 37 common frames omitted
Caused by: org.apache.ibatis.builder.BuilderException: Error resolving class. Cause: org.apache.ibatis.type.TypeException: Could not resolve type alias 'com.yixin.star.domain.ActiveDict'.  Cause: java.lang.ClassNotFoundException: Cannot find class: com.yixin.star.domain.ActiveDict
	at org.apache.ibatis.builder.BaseBuilder.resolveClass(BaseBuilder.java:118)
	at org.apache.ibatis.builder.xml.XMLMapperBuilder.resultMapElement(XMLMapperBuilder.java:265)
	at org.apache.ibatis.builder.xml.XMLMapperBuilder.resultMapElement(XMLMapperBuilder.java:252)
	at org.apache.ibatis.builder.xml.XMLMapperBuilder.resultMapElements(XMLMapperBuilder.java:244)
	at org.apache.ibatis.builder.xml.XMLMapperBuilder.configurationElement(XMLMapperBuilder.java:116)
	... 39 common frames omitted
Caused by: org.apache.ibatis.type.TypeException: Could not resolve type alias 'com.yixin.star.domain.ActiveDict'.  Cause: java.lang.ClassNotFoundException: Cannot find class: com.yixin.star.domain.ActiveDict
	at org.apache.ibatis.type.TypeAliasRegistry.resolveAlias(TypeAliasRegistry.java:120)
	at org.apache.ibatis.builder.BaseBuilder.resolveAlias(BaseBuilder.java:149)
	at org.apache.ibatis.builder.BaseBuilder.resolveClass(BaseBuilder.java:116)
	... 43 common frames omitted
Caused by: java.lang.ClassNotFoundException: Cannot find class: com.yixin.star.domain.ActiveDict
	at org.apache.ibatis.io.ClassLoaderWrapper.classForName(ClassLoaderWrapper.java:200)
	at org.apache.ibatis.io.ClassLoaderWrapper.classForName(ClassLoaderWrapper.java:89)
	at org.apache.ibatis.io.Resources.classForName(Resources.java:261)
	at org.apache.ibatis.type.TypeAliasRegistry.resolveAlias(TypeAliasRegistry.java:116)
	... 45 common frames omitted
2018-09-17 11:23:44.362 235527349 [restartedMain] INFO  com.yixin.star.StardApplication - Starting StardApplication on FCM4662 with PID 56804 (D:\IdeaProjects\yixin\stard\target\classes started by yinx in D:\IdeaProjects\yixin\stard)
2018-09-17 11:23:44.363 235527350 [restartedMain] INFO  com.yixin.star.StardApplication - No active profile set, falling back to default profiles: default
2018-09-17 11:23:44.370 235527357 [restartedMain] INFO  o.s.b.w.s.c.AnnotationConfigServletWebServerApplicationContext - Refreshing org.springframework.boot.web.servlet.context.AnnotationConfigServletWebServerApplicationContext@2a10c0fe: startup date [Mon Sep 17 11:23:44 CST 2018]; root of context hierarchy
2018-09-17 11:23:45.963 235528950 [restartedMain] INFO  o.s.b.w.e.tomcat.TomcatWebServer - Tomcat initialized with port(s): 8099 (http)
2018-09-17 11:23:45.973 235528960 [restartedMain] INFO  o.a.coyote.http11.Http11NioProtocol - Initializing ProtocolHandler ["http-nio-8099"]
2018-09-17 11:23:45.974 235528961 [restartedMain] INFO  o.a.catalina.core.StandardService - Starting service [Tomcat]
2018-09-17 11:23:45.974 235528961 [restartedMain] INFO  o.a.catalina.core.StandardEngine - Starting Servlet Engine: Apache Tomcat/8.5.32
2018-09-17 11:23:46.762 235529749 [localhost-startStop-1] INFO  o.a.c.c.C.[.[localhost].[/star-web] - Initializing Spring embedded WebApplicationContext
2018-09-17 11:23:46.790 235529777 [localhost-startStop-1] INFO  o.s.web.context.ContextLoader - Root WebApplicationContext: initialization completed in 2420 ms
2018-09-17 11:23:47.119 235530106 [localhost-startStop-1] INFO  o.s.b.w.s.ServletRegistrationBean - Servlet dispatcherServlet mapped to [/]
2018-09-17 11:23:47.119 235530106 [localhost-startStop-1] INFO  o.s.b.w.s.FilterRegistrationBean - Mapping filter: 'characterEncodingFilter' to: [/*]
2018-09-17 11:23:47.120 235530107 [localhost-startStop-1] INFO  o.s.b.w.s.FilterRegistrationBean - Mapping filter: 'hiddenHttpMethodFilter' to: [/*]
2018-09-17 11:23:47.120 235530107 [localhost-startStop-1] INFO  o.s.b.w.s.FilterRegistrationBean - Mapping filter: 'httpPutFormContentFilter' to: [/*]
2018-09-17 11:23:47.120 235530107 [localhost-startStop-1] INFO  o.s.b.w.s.FilterRegistrationBean - Mapping filter: 'requestContextFilter' to: [/*]
2018-09-17 11:23:49.741 235532728 [restartedMain] INFO  o.s.w.s.h.SimpleUrlHandlerMapping - Mapped URL path [/**/favicon.ico] onto handler of type [class org.springframework.web.servlet.resource.ResourceHttpRequestHandler]
2018-09-17 11:23:49.807 235532794 [restartedMain] INFO  o.s.w.s.m.m.a.RequestMappingHandlerAdapter - Looking for @ControllerAdvice: org.springframework.boot.web.servlet.context.AnnotationConfigServletWebServerApplicationContext@2a10c0fe: startup date [Mon Sep 17 11:23:44 CST 2018]; root of context hierarchy
2018-09-17 11:23:49.820 235532807 [restartedMain] INFO  o.s.w.s.m.m.a.RequestMappingHandlerMapping - Mapped "{[/activeDictController/searchDictsByType],methods=[POST]}" onto public com.yixin.common.utils.InvokeResult<java.util.List<com.yixin.star.domain.ActiveDict>> com.yixin.star.controller.ActiveDictController.searchDictsByType(java.lang.String)
2018-09-17 11:23:49.821 235532808 [restartedMain] INFO  o.s.w.s.m.m.a.RequestMappingHandlerMapping - Mapped "{[/activeDictController/findActiveDict],methods=[POST]}" onto public com.yixin.common.utils.InvokeResult<java.util.List<com.yixin.star.domain.ActiveDict>> com.yixin.star.controller.ActiveDictController.findActiveDict(java.lang.String)
2018-09-17 11:23:49.824 235532811 [restartedMain] INFO  o.s.w.s.m.m.a.RequestMappingHandlerMapping - Mapped "{[/systemController/findSystems],methods=[POST]}" onto public com.yixin.common.utils.InvokeResult<java.util.List<com.yixin.star.domain.SystemConfig>> com.yixin.star.controller.SystemController.findAllSystem()
2018-09-17 11:23:49.827 235532814 [restartedMain] INFO  o.s.w.s.m.m.a.RequestMappingHandlerMapping - Mapped "{[/systemController/getActiveNumCount],methods=[POST]}" onto public com.yixin.star.dto.EchartsDataDTO com.yixin.star.controller.SystemPerformanceController.getActiveNumCount()
2018-09-17 11:23:49.827 235532814 [restartedMain] INFO  o.s.w.s.m.m.a.RequestMappingHandlerMapping - Mapped "{[/systemController/getTPCount],methods=[POST]}" onto public com.yixin.common.utils.InvokeResult<com.yixin.star.dto.EchartsDataDTO> com.yixin.star.controller.SystemPerformanceController.getTPCount(com.yixin.star.dto.RequestParamsDTO)
2018-09-17 11:23:49.828 235532815 [restartedMain] INFO  o.s.w.s.m.m.a.RequestMappingHandlerMapping - Mapped "{[/systemController/getOverTopCount],methods=[POST]}" onto public com.yixin.star.dto.EchartsDataDTO com.yixin.star.controller.SystemPerformanceController.getOverTopCount()
2018-09-17 11:23:49.828 235532815 [restartedMain] INFO  o.s.w.s.m.m.a.RequestMappingHandlerMapping - Mapped "{[/systemController/getOperateDateLengthCount],methods=[POST]}" onto public com.yixin.star.dto.EchartsDataDTO com.yixin.star.controller.SystemPerformanceController.getOperateDateLengthCount()
2018-09-17 11:23:49.828 235532815 [restartedMain] INFO  o.s.w.s.m.m.a.RequestMappingHandlerMapping - Mapped "{[/systemController/getRequestFailCount],methods=[POST]}" onto public com.yixin.star.dto.EchartsDataDTO com.yixin.star.controller.SystemPerformanceController.getRequestFailCount()
2018-09-17 11:23:49.831 235532818 [restartedMain] INFO  o.s.w.s.m.m.a.RequestMappingHandlerMapping - Mapped "{[/starController/testAll],methods=[POST]}" onto public void com.yixin.star.searchController.testAll()
2018-09-17 11:23:49.832 235532819 [restartedMain] INFO  o.s.w.s.m.m.a.RequestMappingHandlerMapping - Mapped "{[/starController/testES/{index}/{minute}/{type}],methods=[POST]}" onto public java.lang.String com.yixin.star.searchController.testESSplit(java.lang.String,int,java.lang.String)
2018-09-17 11:23:49.832 235532819 [restartedMain] INFO  o.s.w.s.m.m.a.RequestMappingHandlerMapping - Mapped "{[/starController/findActionNum],methods=[POST]}" onto public int com.yixin.star.searchController.findActionNum(com.yixin.star.dto.EctActiveLogDTO)
2018-09-17 11:23:49.833 235532820 [restartedMain] INFO  o.s.w.s.m.m.a.RequestMappingHandlerMapping - Mapped "{[/starController/insertES],methods=[POST]}" onto public void com.yixin.star.searchController.insertES()
2018-09-17 11:23:49.833 235532820 [restartedMain] INFO  o.s.w.s.m.m.a.RequestMappingHandlerMapping - Mapped "{[/starController/findNginx],methods=[POST]}" onto public void com.yixin.star.searchController.findNginx()
2018-09-17 11:23:49.835 235532822 [restartedMain] INFO  o.s.w.s.m.m.a.RequestMappingHandlerMapping - Mapped "{[/error]}" onto public org.springframework.http.ResponseEntity<java.util.Map<java.lang.String, java.lang.Object>> org.springframework.boot.autoconfigure.web.servlet.error.BasicErrorController.error(javax.servlet.http.HttpServletRequest)
2018-09-17 11:23:49.835 235532822 [restartedMain] INFO  o.s.w.s.m.m.a.RequestMappingHandlerMapping - Mapped "{[/error],produces=[text/html]}" onto public org.springframework.web.servlet.ModelAndView org.springframework.boot.autoconfigure.web.servlet.error.BasicErrorController.errorHtml(javax.servlet.http.HttpServletRequest,javax.servlet.http.HttpServletResponse)
2018-09-17 11:23:49.846 235532833 [restartedMain] INFO  o.s.w.s.h.SimpleUrlHandlerMapping - Mapped URL path [/webjars/**] onto handler of type [class org.springframework.web.servlet.resource.ResourceHttpRequestHandler]
2018-09-17 11:23:49.846 235532833 [restartedMain] INFO  o.s.w.s.h.SimpleUrlHandlerMapping - Mapped URL path [/**] onto handler of type [class org.springframework.web.servlet.resource.ResourceHttpRequestHandler]
2018-09-17 11:23:49.868 235532855 [restartedMain] INFO  o.s.b.a.w.s.WelcomePageHandlerMapping - Adding welcome page: class path resource [static/index.html]
2018-09-17 11:23:50.032 235533019 [restartedMain] INFO  o.s.b.d.a.OptionalLiveReloadServer - LiveReload server is running on port 35729
2018-09-17 11:23:50.055 235533042 [restartedMain] INFO  o.s.j.e.a.AnnotationMBeanExporter - Registering beans for JMX exposure on startup
2018-09-17 11:23:50.056 235533043 [restartedMain] INFO  o.s.j.e.a.AnnotationMBeanExporter - Bean with name 'dataSource' has been autodetected for JMX exposure
2018-09-17 11:23:50.064 235533051 [restartedMain] INFO  o.s.j.e.a.AnnotationMBeanExporter - Located MBean 'dataSource': registering with JMX server as MBean [com.alibaba.druid.pool:name=dataSource,type=DruidDataSource]
2018-09-17 11:23:50.099 235533086 [restartedMain] INFO  o.a.coyote.http11.Http11NioProtocol - Starting ProtocolHandler ["http-nio-8099"]
2018-09-17 11:23:50.184 235533171 [restartedMain] INFO  o.a.tomcat.util.net.NioSelectorPool - Using a shared selector for servlet write/read
2018-09-17 11:23:50.436 235533423 [restartedMain] INFO  o.s.b.w.e.tomcat.TomcatWebServer - Tomcat started on port(s): 8099 (http) with context path '/star-web'
2018-09-17 11:23:50.437 235533424 [restartedMain] INFO  com.yixin.star.StardApplication - Started StardApplication in 6.153 seconds (JVM running for 235522.637)
2018-09-17 11:23:50.441 235533428 [restartedMain] INFO  o.s.b.d.a.ConditionEvaluationDeltaLoggingListener - Condition evaluation unchanged
2018-09-17 11:26:29.542 235692529 [Thread-16] INFO  o.s.b.w.s.c.AnnotationConfigServletWebServerApplicationContext - Closing org.springframework.boot.web.servlet.context.AnnotationConfigServletWebServerApplicationContext@2a10c0fe: startup date [Mon Sep 17 11:23:44 CST 2018]; root of context hierarchy
2018-09-17 11:26:29.549 235692536 [Thread-16] INFO  o.s.j.e.a.AnnotationMBeanExporter - Unregistering JMX-exposed beans on shutdown
2018-09-17 11:26:29.551 235692538 [Thread-16] INFO  o.s.j.e.a.AnnotationMBeanExporter - Unregistering JMX-exposed beans
2018-09-17 11:26:30.882 235693869 [restartedMain] INFO  com.yixin.star.StardApplication - Starting StardApplication on FCM4662 with PID 56804 (D:\IdeaProjects\yixin\stard\target\classes started by yinx in D:\IdeaProjects\yixin\stard)
2018-09-17 11:26:30.882 235693869 [restartedMain] INFO  com.yixin.star.StardApplication - No active profile set, falling back to default profiles: default
2018-09-17 11:26:30.893 235693880 [restartedMain] INFO  o.s.b.w.s.c.AnnotationConfigServletWebServerApplicationContext - Refreshing org.springframework.boot.web.servlet.context.AnnotationConfigServletWebServerApplicationContext@3714f0bb: startup date [Mon Sep 17 11:26:30 CST 2018]; root of context hierarchy
2018-09-17 11:26:31.379 235694366 [restartedMain] WARN  o.m.s.mapper.ClassPathMapperScanner - No MyBatis mapper was found in '[com.yixin.star.mapper]' package. Please check your configuration.
2018-09-17 11:26:31.473 235694460 [restartedMain] WARN  o.m.s.mapper.ClassPathMapperScanner - No MyBatis mapper was found in '[com.yixin.star]' package. Please check your configuration.
2018-09-17 11:26:32.077 235695064 [restartedMain] INFO  o.s.b.w.e.tomcat.TomcatWebServer - Tomcat initialized with port(s): 8099 (http)
2018-09-17 11:26:32.104 235695091 [restartedMain] INFO  o.a.coyote.http11.Http11NioProtocol - Initializing ProtocolHandler ["http-nio-8099"]
2018-09-17 11:26:32.105 235695092 [restartedMain] INFO  o.a.catalina.core.StandardService - Starting service [Tomcat]
2018-09-17 11:26:32.105 235695092 [restartedMain] INFO  o.a.catalina.core.StandardEngine - Starting Servlet Engine: Apache Tomcat/8.5.32
2018-09-17 11:26:32.956 235695943 [localhost-startStop-1] INFO  o.a.c.c.C.[.[localhost].[/star-web] - Initializing Spring embedded WebApplicationContext
2018-09-17 11:26:32.958 235695945 [localhost-startStop-1] INFO  o.s.web.context.ContextLoader - Root WebApplicationContext: initialization completed in 2064 ms
2018-09-17 11:26:32.973 235695960 [localhost-startStop-1] INFO  o.s.b.w.s.ServletRegistrationBean - Servlet dispatcherServlet mapped to [/]
2018-09-17 11:26:32.974 235695961 [localhost-startStop-1] INFO  o.s.b.w.s.FilterRegistrationBean - Mapping filter: 'characterEncodingFilter' to: [/*]
2018-09-17 11:26:32.974 235695961 [localhost-startStop-1] INFO  o.s.b.w.s.FilterRegistrationBean - Mapping filter: 'hiddenHttpMethodFilter' to: [/*]
2018-09-17 11:26:32.975 235695962 [localhost-startStop-1] INFO  o.s.b.w.s.FilterRegistrationBean - Mapping filter: 'httpPutFormContentFilter' to: [/*]
2018-09-17 11:26:32.975 235695962 [localhost-startStop-1] INFO  o.s.b.w.s.FilterRegistrationBean - Mapping filter: 'requestContextFilter' to: [/*]
2018-09-17 11:26:33.170 235696157 [restartedMain] INFO  o.s.w.s.h.SimpleUrlHandlerMapping - Mapped URL path [/**/favicon.ico] onto handler of type [class org.springframework.web.servlet.resource.ResourceHttpRequestHandler]
2018-09-17 11:26:33.233 235696220 [restartedMain] INFO  o.s.w.s.m.m.a.RequestMappingHandlerAdapter - Looking for @ControllerAdvice: org.springframework.boot.web.servlet.context.AnnotationConfigServletWebServerApplicationContext@3714f0bb: startup date [Mon Sep 17 11:26:30 CST 2018]; root of context hierarchy
2018-09-17 11:26:33.247 235696234 [restartedMain] INFO  o.s.w.s.m.m.a.RequestMappingHandlerMapping - Mapped "{[/error]}" onto public org.springframework.http.ResponseEntity<java.util.Map<java.lang.String, java.lang.Object>> org.springframework.boot.autoconfigure.web.servlet.error.BasicErrorController.error(javax.servlet.http.HttpServletRequest)
2018-09-17 11:26:33.248 235696235 [restartedMain] INFO  o.s.w.s.m.m.a.RequestMappingHandlerMapping - Mapped "{[/error],produces=[text/html]}" onto public org.springframework.web.servlet.ModelAndView org.springframework.boot.autoconfigure.web.servlet.error.BasicErrorController.errorHtml(javax.servlet.http.HttpServletRequest,javax.servlet.http.HttpServletResponse)
2018-09-17 11:26:33.256 235696243 [restartedMain] INFO  o.s.w.s.h.SimpleUrlHandlerMapping - Mapped URL path [/webjars/**] onto handler of type [class org.springframework.web.servlet.resource.ResourceHttpRequestHandler]
2018-09-17 11:26:33.256 235696243 [restartedMain] INFO  o.s.w.s.h.SimpleUrlHandlerMapping - Mapped URL path [/**] onto handler of type [class org.springframework.web.servlet.resource.ResourceHttpRequestHandler]
2018-09-17 11:26:33.270 235696257 [restartedMain] INFO  o.s.b.a.w.s.WelcomePageHandlerMapping - Adding welcome page: class path resource [static/index.html]
2018-09-17 11:26:35.022 235698009 [restartedMain] WARN  o.s.b.w.s.c.AnnotationConfigServletWebServerApplicationContext - Exception encountered during context initialization - cancelling refresh attempt: org.springframework.beans.factory.BeanCreationException: Error creating bean with name 'sqlSessionFactory' defined in class path resource [org/mybatis/spring/boot/autoconfigure/MybatisAutoConfiguration.class]: Bean instantiation via factory method failed; nested exception is org.springframework.beans.BeanInstantiationException: Failed to instantiate [org.apache.ibatis.session.SqlSessionFactory]: Factory method 'sqlSessionFactory' threw exception; nested exception is org.springframework.core.NestedIOException: Failed to parse mapping resource: 'file [D:\IdeaProjects\yixin\stard\target\classes\mapper\ActiceDictMapper.xml]'; nested exception is org.apache.ibatis.builder.BuilderException: Error parsing Mapper XML. The XML location is 'file [D:\IdeaProjects\yixin\stard\target\classes\mapper\ActiceDictMapper.xml]'. Cause: org.apache.ibatis.builder.BuilderException: Error resolving class. Cause: org.apache.ibatis.type.TypeException: Could not resolve type alias 'com.yixin.star.domain.ActiveDict'.  Cause: java.lang.ClassNotFoundException: Cannot find class: com.yixin.star.domain.ActiveDict
2018-09-17 11:26:35.023 235698010 [restartedMain] INFO  o.a.catalina.core.StandardService - Stopping service [Tomcat]
2018-09-17 11:26:35.323 235698310 [restartedMain] INFO  o.s.b.a.l.ConditionEvaluationReportLoggingListener - 

Error starting ApplicationContext. To display the conditions report re-run your application with 'debug' enabled.
2018-09-17 11:26:35.325 235698312 [restartedMain] ERROR o.s.boot.SpringApplication - Application run failed
org.springframework.beans.factory.BeanCreationException: Error creating bean with name 'sqlSessionFactory' defined in class path resource [org/mybatis/spring/boot/autoconfigure/MybatisAutoConfiguration.class]: Bean instantiation via factory method failed; nested exception is org.springframework.beans.BeanInstantiationException: Failed to instantiate [org.apache.ibatis.session.SqlSessionFactory]: Factory method 'sqlSessionFactory' threw exception; nested exception is org.springframework.core.NestedIOException: Failed to parse mapping resource: 'file [D:\IdeaProjects\yixin\stard\target\classes\mapper\ActiceDictMapper.xml]'; nested exception is org.apache.ibatis.builder.BuilderException: Error parsing Mapper XML. The XML location is 'file [D:\IdeaProjects\yixin\stard\target\classes\mapper\ActiceDictMapper.xml]'. Cause: org.apache.ibatis.builder.BuilderException: Error resolving class. Cause: org.apache.ibatis.type.TypeException: Could not resolve type alias 'com.yixin.star.domain.ActiveDict'.  Cause: java.lang.ClassNotFoundException: Cannot find class: com.yixin.star.domain.ActiveDict
	at org.springframework.beans.factory.support.ConstructorResolver.instantiateUsingFactoryMethod(ConstructorResolver.java:590)
	at org.springframework.beans.factory.support.AbstractAutowireCapableBeanFactory.instantiateUsingFactoryMethod(AbstractAutowireCapableBeanFactory.java:1247)
	at org.springframework.beans.factory.support.AbstractAutowireCapableBeanFactory.createBeanInstance(AbstractAutowireCapableBeanFactory.java:1096)
	at org.springframework.beans.factory.support.AbstractAutowireCapableBeanFactory.doCreateBean(AbstractAutowireCapableBeanFactory.java:535)
	at org.springframework.beans.factory.support.AbstractAutowireCapableBeanFactory.createBean(AbstractAutowireCapableBeanFactory.java:495)
	at org.springframework.beans.factory.support.AbstractBeanFactory.lambda$doGetBean$0(AbstractBeanFactory.java:317)
	at org.springframework.beans.factory.support.DefaultSingletonBeanRegistry.getSingleton(DefaultSingletonBeanRegistry.java:222)
	at org.springframework.beans.factory.support.AbstractBeanFactory.doGetBean(AbstractBeanFactory.java:315)
	at org.springframework.beans.factory.support.AbstractBeanFactory.getBean(AbstractBeanFactory.java:199)
	at org.springframework.beans.factory.support.DefaultListableBeanFactory.preInstantiateSingletons(DefaultListableBeanFactory.java:759)
	at org.springframework.context.support.AbstractApplicationContext.finishBeanFactoryInitialization(AbstractApplicationContext.java:869)
	at org.springframework.context.support.AbstractApplicationContext.refresh(AbstractApplicationContext.java:550)
	at org.springframework.boot.web.servlet.context.ServletWebServerApplicationContext.refresh(ServletWebServerApplicationContext.java:140)
	at org.springframework.boot.SpringApplication.refresh(SpringApplication.java:762)
	at org.springframework.boot.SpringApplication.refreshContext(SpringApplication.java:398)
	at org.springframework.boot.SpringApplication.run(SpringApplication.java:330)
	at org.springframework.boot.SpringApplication.run(SpringApplication.java:1258)
	at org.springframework.boot.SpringApplication.run(SpringApplication.java:1246)
	at com.yixin.star.StardApplication.main(StardApplication.java:14)
	at sun.reflect.NativeMethodAccessorImpl.invoke0(Native Method)
	at sun.reflect.NativeMethodAccessorImpl.invoke(NativeMethodAccessorImpl.java:62)
	at sun.reflect.DelegatingMethodAccessorImpl.invoke(DelegatingMethodAccessorImpl.java:43)
	at java.lang.reflect.Method.invoke(Method.java:498)
	at org.springframework.boot.devtools.restart.RestartLauncher.run(RestartLauncher.java:49)
Caused by: org.springframework.beans.BeanInstantiationException: Failed to instantiate [org.apache.ibatis.session.SqlSessionFactory]: Factory method 'sqlSessionFactory' threw exception; nested exception is org.springframework.core.NestedIOException: Failed to parse mapping resource: 'file [D:\IdeaProjects\yixin\stard\target\classes\mapper\ActiceDictMapper.xml]'; nested exception is org.apache.ibatis.builder.BuilderException: Error parsing Mapper XML. The XML location is 'file [D:\IdeaProjects\yixin\stard\target\classes\mapper\ActiceDictMapper.xml]'. Cause: org.apache.ibatis.builder.BuilderException: Error resolving class. Cause: org.apache.ibatis.type.TypeException: Could not resolve type alias 'com.yixin.star.domain.ActiveDict'.  Cause: java.lang.ClassNotFoundException: Cannot find class: com.yixin.star.domain.ActiveDict
	at org.springframework.beans.factory.support.SimpleInstantiationStrategy.instantiate(SimpleInstantiationStrategy.java:185)
	at org.springframework.beans.factory.support.ConstructorResolver.instantiateUsingFactoryMethod(ConstructorResolver.java:582)
	... 23 common frames omitted
Caused by: org.springframework.core.NestedIOException: Failed to parse mapping resource: 'file [D:\IdeaProjects\yixin\stard\target\classes\mapper\ActiceDictMapper.xml]'; nested exception is org.apache.ibatis.builder.BuilderException: Error parsing Mapper XML. The XML location is 'file [D:\IdeaProjects\yixin\stard\target\classes\mapper\ActiceDictMapper.xml]'. Cause: org.apache.ibatis.builder.BuilderException: Error resolving class. Cause: org.apache.ibatis.type.TypeException: Could not resolve type alias 'com.yixin.star.domain.ActiveDict'.  Cause: java.lang.ClassNotFoundException: Cannot find class: com.yixin.star.domain.ActiveDict
	at org.mybatis.spring.SqlSessionFactoryBean.buildSqlSessionFactory(SqlSessionFactoryBean.java:523)
	at org.mybatis.spring.SqlSessionFactoryBean.afterPropertiesSet(SqlSessionFactoryBean.java:380)
	at org.mybatis.spring.SqlSessionFactoryBean.getObject(SqlSessionFactoryBean.java:547)
	at org.mybatis.spring.boot.autoconfigure.MybatisAutoConfiguration.sqlSessionFactory(MybatisAutoConfiguration.java:153)
	at org.mybatis.spring.boot.autoconfigure.MybatisAutoConfiguration$$EnhancerBySpringCGLIB$$1e4e4afd.CGLIB$sqlSessionFactory$1(<generated>)
	at org.mybatis.spring.boot.autoconfigure.MybatisAutoConfiguration$$EnhancerBySpringCGLIB$$1e4e4afd$$FastClassBySpringCGLIB$$ee3e8fde.invoke(<generated>)
	at org.springframework.cglib.proxy.MethodProxy.invokeSuper(MethodProxy.java:228)
	at org.springframework.context.annotation.ConfigurationClassEnhancer$BeanMethodInterceptor.intercept(ConfigurationClassEnhancer.java:361)
	at org.mybatis.spring.boot.autoconfigure.MybatisAutoConfiguration$$EnhancerBySpringCGLIB$$1e4e4afd.sqlSessionFactory(<generated>)
	at sun.reflect.NativeMethodAccessorImpl.invoke0(Native Method)
	at sun.reflect.NativeMethodAccessorImpl.invoke(NativeMethodAccessorImpl.java:62)
	at sun.reflect.DelegatingMethodAccessorImpl.invoke(DelegatingMethodAccessorImpl.java:43)
	at java.lang.reflect.Method.invoke(Method.java:498)
	at org.springframework.beans.factory.support.SimpleInstantiationStrategy.instantiate(SimpleInstantiationStrategy.java:154)
	... 24 common frames omitted
Caused by: org.apache.ibatis.builder.BuilderException: Error parsing Mapper XML. The XML location is 'file [D:\IdeaProjects\yixin\stard\target\classes\mapper\ActiceDictMapper.xml]'. Cause: org.apache.ibatis.builder.BuilderException: Error resolving class. Cause: org.apache.ibatis.type.TypeException: Could not resolve type alias 'com.yixin.star.domain.ActiveDict'.  Cause: java.lang.ClassNotFoundException: Cannot find class: com.yixin.star.domain.ActiveDict
	at org.apache.ibatis.builder.xml.XMLMapperBuilder.configurationElement(XMLMapperBuilder.java:120)
	at org.apache.ibatis.builder.xml.XMLMapperBuilder.parse(XMLMapperBuilder.java:92)
	at org.mybatis.spring.SqlSessionFactoryBean.buildSqlSessionFactory(SqlSessionFactoryBean.java:521)
	... 37 common frames omitted
Caused by: org.apache.ibatis.builder.BuilderException: Error resolving class. Cause: org.apache.ibatis.type.TypeException: Could not resolve type alias 'com.yixin.star.domain.ActiveDict'.  Cause: java.lang.ClassNotFoundException: Cannot find class: com.yixin.star.domain.ActiveDict
	at org.apache.ibatis.builder.BaseBuilder.resolveClass(BaseBuilder.java:118)
	at org.apache.ibatis.builder.xml.XMLMapperBuilder.resultMapElement(XMLMapperBuilder.java:265)
	at org.apache.ibatis.builder.xml.XMLMapperBuilder.resultMapElement(XMLMapperBuilder.java:252)
	at org.apache.ibatis.builder.xml.XMLMapperBuilder.resultMapElements(XMLMapperBuilder.java:244)
	at org.apache.ibatis.builder.xml.XMLMapperBuilder.configurationElement(XMLMapperBuilder.java:116)
	... 39 common frames omitted
Caused by: org.apache.ibatis.type.TypeException: Could not resolve type alias 'com.yixin.star.domain.ActiveDict'.  Cause: java.lang.ClassNotFoundException: Cannot find class: com.yixin.star.domain.ActiveDict
	at org.apache.ibatis.type.TypeAliasRegistry.resolveAlias(TypeAliasRegistry.java:120)
	at org.apache.ibatis.builder.BaseBuilder.resolveAlias(BaseBuilder.java:149)
	at org.apache.ibatis.builder.BaseBuilder.resolveClass(BaseBuilder.java:116)
	... 43 common frames omitted
Caused by: java.lang.ClassNotFoundException: Cannot find class: com.yixin.star.domain.ActiveDict
	at org.apache.ibatis.io.ClassLoaderWrapper.classForName(ClassLoaderWrapper.java:200)
	at org.apache.ibatis.io.ClassLoaderWrapper.classForName(ClassLoaderWrapper.java:89)
	at org.apache.ibatis.io.Resources.classForName(Resources.java:261)
	at org.apache.ibatis.type.TypeAliasRegistry.resolveAlias(TypeAliasRegistry.java:116)
	... 45 common frames omitted
2018-09-17 11:26:38.403 235701390 [restartedMain] INFO  com.yixin.star.StardApplication - Starting StardApplication on FCM4662 with PID 56804 (D:\IdeaProjects\yixin\stard\target\classes started by yinx in D:\IdeaProjects\yixin\stard)
2018-09-17 11:26:38.404 235701391 [restartedMain] INFO  com.yixin.star.StardApplication - No active profile set, falling back to default profiles: default
2018-09-17 11:26:38.415 235701402 [restartedMain] INFO  o.s.b.w.s.c.AnnotationConfigServletWebServerApplicationContext - Refreshing org.springframework.boot.web.servlet.context.AnnotationConfigServletWebServerApplicationContext@2df68875: startup date [Mon Sep 17 11:26:38 CST 2018]; root of context hierarchy
2018-09-17 11:26:41.027 235704014 [restartedMain] INFO  o.s.b.w.e.tomcat.TomcatWebServer - Tomcat initialized with port(s): 8099 (http)
2018-09-17 11:26:41.028 235704015 [restartedMain] INFO  o.a.coyote.http11.Http11NioProtocol - Initializing ProtocolHandler ["http-nio-8099"]
2018-09-17 11:26:41.028 235704015 [restartedMain] INFO  o.a.catalina.core.StandardService - Starting service [Tomcat]
2018-09-17 11:26:41.029 235704016 [restartedMain] INFO  o.a.catalina.core.StandardEngine - Starting Servlet Engine: Apache Tomcat/8.5.32
2018-09-17 11:26:41.987 235704974 [localhost-startStop-1] INFO  o.a.c.c.C.[.[localhost].[/star-web] - Initializing Spring embedded WebApplicationContext
2018-09-17 11:26:41.989 235704976 [localhost-startStop-1] INFO  o.s.web.context.ContextLoader - Root WebApplicationContext: initialization completed in 3575 ms
2018-09-17 11:26:42.041 235705028 [localhost-startStop-1] INFO  o.s.b.w.s.ServletRegistrationBean - Servlet dispatcherServlet mapped to [/]
2018-09-17 11:26:42.042 235705029 [localhost-startStop-1] INFO  o.s.b.w.s.FilterRegistrationBean - Mapping filter: 'characterEncodingFilter' to: [/*]
2018-09-17 11:26:42.043 235705030 [localhost-startStop-1] INFO  o.s.b.w.s.FilterRegistrationBean - Mapping filter: 'hiddenHttpMethodFilter' to: [/*]
2018-09-17 11:26:42.043 235705030 [localhost-startStop-1] INFO  o.s.b.w.s.FilterRegistrationBean - Mapping filter: 'httpPutFormContentFilter' to: [/*]
2018-09-17 11:26:42.043 235705030 [localhost-startStop-1] INFO  o.s.b.w.s.FilterRegistrationBean - Mapping filter: 'requestContextFilter' to: [/*]
2018-09-17 11:26:42.664 235705651 [restartedMain] INFO  o.s.w.s.h.SimpleUrlHandlerMapping - Mapped URL path [/**/favicon.ico] onto handler of type [class org.springframework.web.servlet.resource.ResourceHttpRequestHandler]
2018-09-17 11:26:42.741 235705728 [restartedMain] INFO  o.s.w.s.m.m.a.RequestMappingHandlerAdapter - Looking for @ControllerAdvice: org.springframework.boot.web.servlet.context.AnnotationConfigServletWebServerApplicationContext@2df68875: startup date [Mon Sep 17 11:26:38 CST 2018]; root of context hierarchy
2018-09-17 11:26:42.752 235705739 [restartedMain] INFO  o.s.w.s.m.m.a.RequestMappingHandlerMapping - Mapped "{[/activeDictController/searchDictsByType],methods=[POST]}" onto public com.yixin.common.utils.InvokeResult<java.util.List<com.yixin.star.domain.ActiveDict>> com.yixin.star.controller.ActiveDictController.searchDictsByType(java.lang.String)
2018-09-17 11:26:42.758 235705745 [restartedMain] INFO  o.s.w.s.m.m.a.RequestMappingHandlerMapping - Mapped "{[/activeDictController/findActiveDict],methods=[POST]}" onto public com.yixin.common.utils.InvokeResult<java.util.List<com.yixin.star.domain.ActiveDict>> com.yixin.star.controller.ActiveDictController.findActiveDict(java.lang.String)
2018-09-17 11:26:42.761 235705748 [restartedMain] INFO  o.s.w.s.m.m.a.RequestMappingHandlerMapping - Mapped "{[/systemController/findSystems],methods=[POST]}" onto public com.yixin.common.utils.InvokeResult<java.util.List<com.yixin.star.domain.SystemConfig>> com.yixin.star.controller.SystemController.findAllSystem()
2018-09-17 11:26:42.764 235705751 [restartedMain] INFO  o.s.w.s.m.m.a.RequestMappingHandlerMapping - Mapped "{[/systemController/getActiveNumCount],methods=[POST]}" onto public com.yixin.star.dto.EchartsDataDTO com.yixin.star.controller.SystemPerformanceController.getActiveNumCount()
2018-09-17 11:26:42.764 235705751 [restartedMain] INFO  o.s.w.s.m.m.a.RequestMappingHandlerMapping - Mapped "{[/systemController/getTPCount],methods=[POST]}" onto public com.yixin.common.utils.InvokeResult<com.yixin.star.dto.EchartsDataDTO> com.yixin.star.controller.SystemPerformanceController.getTPCount(com.yixin.star.dto.RequestParamsDTO)
2018-09-17 11:26:42.764 235705751 [restartedMain] INFO  o.s.w.s.m.m.a.RequestMappingHandlerMapping - Mapped "{[/systemController/getOverTopCount],methods=[POST]}" onto public com.yixin.star.dto.EchartsDataDTO com.yixin.star.controller.SystemPerformanceController.getOverTopCount()
2018-09-17 11:26:42.765 235705752 [restartedMain] INFO  o.s.w.s.m.m.a.RequestMappingHandlerMapping - Mapped "{[/systemController/getOperateDateLengthCount],methods=[POST]}" onto public com.yixin.star.dto.EchartsDataDTO com.yixin.star.controller.SystemPerformanceController.getOperateDateLengthCount()
2018-09-17 11:26:42.765 235705752 [restartedMain] INFO  o.s.w.s.m.m.a.RequestMappingHandlerMapping - Mapped "{[/systemController/getRequestFailCount],methods=[POST]}" onto public com.yixin.star.dto.EchartsDataDTO com.yixin.star.controller.SystemPerformanceController.getRequestFailCount()
2018-09-17 11:26:42.766 235705753 [restartedMain] INFO  o.s.w.s.m.m.a.RequestMappingHandlerMapping - Mapped "{[/starController/testAll],methods=[POST]}" onto public void com.yixin.star.searchController.testAll()
2018-09-17 11:26:42.767 235705754 [restartedMain] INFO  o.s.w.s.m.m.a.RequestMappingHandlerMapping - Mapped "{[/starController/testES/{index}/{minute}/{type}],methods=[POST]}" onto public java.lang.String com.yixin.star.searchController.testESSplit(java.lang.String,int,java.lang.String)
2018-09-17 11:26:42.767 235705754 [restartedMain] INFO  o.s.w.s.m.m.a.RequestMappingHandlerMapping - Mapped "{[/starController/findActionNum],methods=[POST]}" onto public int com.yixin.star.searchController.findActionNum(com.yixin.star.dto.EctActiveLogDTO)
2018-09-17 11:26:42.768 235705755 [restartedMain] INFO  o.s.w.s.m.m.a.RequestMappingHandlerMapping - Mapped "{[/starController/insertES],methods=[POST]}" onto public void com.yixin.star.searchController.insertES()
2018-09-17 11:26:42.768 235705755 [restartedMain] INFO  o.s.w.s.m.m.a.RequestMappingHandlerMapping - Mapped "{[/starController/findNginx],methods=[POST]}" onto public void com.yixin.star.searchController.findNginx()
2018-09-17 11:26:42.770 235705757 [restartedMain] INFO  o.s.w.s.m.m.a.RequestMappingHandlerMapping - Mapped "{[/error]}" onto public org.springframework.http.ResponseEntity<java.util.Map<java.lang.String, java.lang.Object>> org.springframework.boot.autoconfigure.web.servlet.error.BasicErrorController.error(javax.servlet.http.HttpServletRequest)
2018-09-17 11:26:42.770 235705757 [restartedMain] INFO  o.s.w.s.m.m.a.RequestMappingHandlerMapping - Mapped "{[/error],produces=[text/html]}" onto public org.springframework.web.servlet.ModelAndView org.springframework.boot.autoconfigure.web.servlet.error.BasicErrorController.errorHtml(javax.servlet.http.HttpServletRequest,javax.servlet.http.HttpServletResponse)
2018-09-17 11:26:42.778 235705765 [restartedMain] INFO  o.s.w.s.h.SimpleUrlHandlerMapping - Mapped URL path [/webjars/**] onto handler of type [class org.springframework.web.servlet.resource.ResourceHttpRequestHandler]
2018-09-17 11:26:42.779 235705766 [restartedMain] INFO  o.s.w.s.h.SimpleUrlHandlerMapping - Mapped URL path [/**] onto handler of type [class org.springframework.web.servlet.resource.ResourceHttpRequestHandler]
2018-09-17 11:26:42.834 235705821 [restartedMain] INFO  o.s.b.a.w.s.WelcomePageHandlerMapping - Adding welcome page: class path resource [static/index.html]
2018-09-17 11:26:42.999 235705986 [restartedMain] INFO  o.s.b.d.a.OptionalLiveReloadServer - LiveReload server is running on port 35729
2018-09-17 11:26:43.100 235706087 [restartedMain] INFO  o.s.j.e.a.AnnotationMBeanExporter - Registering beans for JMX exposure on startup
2018-09-17 11:26:43.105 235706092 [restartedMain] INFO  o.s.j.e.a.AnnotationMBeanExporter - Bean with name 'dataSource' has been autodetected for JMX exposure
2018-09-17 11:26:43.174 235706161 [restartedMain] INFO  o.s.j.e.a.AnnotationMBeanExporter - Located MBean 'dataSource': registering with JMX server as MBean [com.alibaba.druid.pool:name=dataSource,type=DruidDataSource]
2018-09-17 11:26:43.195 235706182 [restartedMain] INFO  o.a.coyote.http11.Http11NioProtocol - Starting ProtocolHandler ["http-nio-8099"]
2018-09-17 11:26:43.325 235706312 [restartedMain] INFO  o.a.tomcat.util.net.NioSelectorPool - Using a shared selector for servlet write/read
2018-09-17 11:26:43.466 235706453 [restartedMain] INFO  o.s.b.w.e.tomcat.TomcatWebServer - Tomcat started on port(s): 8099 (http) with context path '/star-web'
2018-09-17 11:26:43.467 235706454 [restartedMain] INFO  com.yixin.star.StardApplication - Started StardApplication in 5.145 seconds (JVM running for 235695.655)
2018-09-17 11:26:43.472 235706459 [restartedMain] INFO  o.s.b.d.a.ConditionEvaluationDeltaLoggingListener - Condition evaluation unchanged
2018-09-17 14:03:46.108 4887 [restartedMain] INFO  com.yixin.star.StardApplication - Starting StardApplication on FCM4662 with PID 55512 (D:\IdeaProjects\yixin\stard\target\classes started by yinx in D:\IdeaProjects\yixin\stard)
2018-09-17 14:03:46.114 4893 [restartedMain] INFO  com.yixin.star.StardApplication - No active profile set, falling back to default profiles: default
2018-09-17 14:03:46.466 5245 [restartedMain] INFO  o.s.b.w.s.c.AnnotationConfigServletWebServerApplicationContext - Refreshing org.springframework.boot.web.servlet.context.AnnotationConfigServletWebServerApplicationContext@3926ac16: startup date [Mon Sep 17 14:03:46 CST 2018]; root of context hierarchy
2018-09-17 14:03:56.081 14860 [restartedMain] INFO  o.s.b.w.e.tomcat.TomcatWebServer - Tomcat initialized with port(s): 8099 (http)
2018-09-17 14:03:56.460 15239 [restartedMain] INFO  o.a.coyote.http11.Http11NioProtocol - Initializing ProtocolHandler ["http-nio-8099"]
2018-09-17 14:03:56.485 15264 [restartedMain] INFO  o.a.catalina.core.StandardService - Starting service [Tomcat]
2018-09-17 14:03:56.486 15265 [restartedMain] INFO  o.a.catalina.core.StandardEngine - Starting Servlet Engine: Apache Tomcat/8.5.32
2018-09-17 14:03:56.509 15288 [localhost-startStop-1] INFO  o.a.c.core.AprLifecycleListener - The APR based Apache Tomcat Native library which allows optimal performance in production environments was not found on the java.library.path: [C:\Program Files\Java\JDK8\bin;C:\Windows\Sun\Java\bin;C:\Windows\system32;C:\Windows;C:\Program Files (x86)\Windows Resource Kits\Tools\;C:\Program Files\Java\JDK8\bin;C:\Program Files\Java\JDK8\jre\bin;C:\Program Files (x86)\Common Files\NetSarang;C:\Windows\system32;C:\Windows;C:\Windows\System32\Wbem;C:\Windows\System32\WindowsPowerShell\v1.0\;C:\Windows\System32\WindowsPowerShell\v1.0\;D:\Program\TortoiseSVN\bin;D:\Program\mysql-5.6.17-winx64\bin;C:\Program Files\nodejs\;d:\Program Files\Git\cmd;D:\Softwear\hadoop\hadoop-common-2.2.0-bin-master\bin;;C:\Program Files (x86)\Windows Resource Kits\Tools\;d:\Program Files (x86)\Microsoft VS Code\bin;D:\yinx\AppData\Roaming\npm;.]
2018-09-17 14:03:57.046 15825 [localhost-startStop-1] INFO  o.a.c.c.C.[.[localhost].[/star-web] - Initializing Spring embedded WebApplicationContext
2018-09-17 14:03:57.047 15826 [localhost-startStop-1] INFO  o.s.web.context.ContextLoader - Root WebApplicationContext: initialization completed in 10580 ms
2018-09-17 14:03:57.220 15999 [localhost-startStop-1] INFO  o.s.b.w.s.ServletRegistrationBean - Servlet dispatcherServlet mapped to [/]
2018-09-17 14:03:57.240 16019 [localhost-startStop-1] INFO  o.s.b.w.s.FilterRegistrationBean - Mapping filter: 'characterEncodingFilter' to: [/*]
2018-09-17 14:03:57.241 16020 [localhost-startStop-1] INFO  o.s.b.w.s.FilterRegistrationBean - Mapping filter: 'hiddenHttpMethodFilter' to: [/*]
2018-09-17 14:03:57.241 16020 [localhost-startStop-1] INFO  o.s.b.w.s.FilterRegistrationBean - Mapping filter: 'httpPutFormContentFilter' to: [/*]
2018-09-17 14:03:57.241 16020 [localhost-startStop-1] INFO  o.s.b.w.s.FilterRegistrationBean - Mapping filter: 'requestContextFilter' to: [/*]
2018-09-17 14:04:00.566 19345 [restartedMain] INFO  o.s.w.s.h.SimpleUrlHandlerMapping - Mapped URL path [/**/favicon.ico] onto handler of type [class org.springframework.web.servlet.resource.ResourceHttpRequestHandler]
2018-09-17 14:04:01.530 20309 [restartedMain] INFO  o.s.w.s.m.m.a.RequestMappingHandlerAdapter - Looking for @ControllerAdvice: org.springframework.boot.web.servlet.context.AnnotationConfigServletWebServerApplicationContext@3926ac16: startup date [Mon Sep 17 14:03:46 CST 2018]; root of context hierarchy
2018-09-17 14:04:03.998 22777 [restartedMain] INFO  o.s.w.s.m.m.a.RequestMappingHandlerMapping - Mapped "{[/activeDictController/searchDictsByType],methods=[POST]}" onto public com.yixin.common.utils.InvokeResult<java.util.List<com.yixin.star.domain.ActiveDict>> com.yixin.star.controller.ActiveDictController.searchDictsByType(java.lang.String)
2018-09-17 14:04:04.000 22779 [restartedMain] INFO  o.s.w.s.m.m.a.RequestMappingHandlerMapping - Mapped "{[/activeDictController/findActiveDict],methods=[POST]}" onto public com.yixin.common.utils.InvokeResult<java.util.List<com.yixin.star.domain.ActiveDict>> com.yixin.star.controller.ActiveDictController.findActiveDict(java.lang.String)
2018-09-17 14:04:04.008 22787 [restartedMain] INFO  o.s.w.s.m.m.a.RequestMappingHandlerMapping - Mapped "{[/systemController/findSystems],methods=[POST]}" onto public com.yixin.common.utils.InvokeResult<java.util.List<com.yixin.star.domain.SystemConfig>> com.yixin.star.controller.SystemController.findAllSystem()
2018-09-17 14:04:04.012 22791 [restartedMain] INFO  o.s.w.s.m.m.a.RequestMappingHandlerMapping - Mapped "{[/systemController/getActiveNumCount],methods=[POST]}" onto public com.yixin.star.dto.EchartsDataDTO com.yixin.star.controller.SystemPerformanceController.getActiveNumCount()
2018-09-17 14:04:04.012 22791 [restartedMain] INFO  o.s.w.s.m.m.a.RequestMappingHandlerMapping - Mapped "{[/systemController/getOperateDateLengthCount],methods=[POST]}" onto public com.yixin.star.dto.EchartsDataDTO com.yixin.star.controller.SystemPerformanceController.getOperateDateLengthCount()
2018-09-17 14:04:04.013 22792 [restartedMain] INFO  o.s.w.s.m.m.a.RequestMappingHandlerMapping - Mapped "{[/systemController/getRequestFailCount],methods=[POST]}" onto public com.yixin.star.dto.EchartsDataDTO com.yixin.star.controller.SystemPerformanceController.getRequestFailCount()
2018-09-17 14:04:04.013 22792 [restartedMain] INFO  o.s.w.s.m.m.a.RequestMappingHandlerMapping - Mapped "{[/systemController/getTPCount],methods=[POST]}" onto public com.yixin.common.utils.InvokeResult<com.yixin.star.dto.EchartsDataDTO> com.yixin.star.controller.SystemPerformanceController.getTPCount(com.yixin.star.dto.RequestParamsDTO)
2018-09-17 14:04:04.013 22792 [restartedMain] INFO  o.s.w.s.m.m.a.RequestMappingHandlerMapping - Mapped "{[/systemController/getOverTopCount],methods=[POST]}" onto public com.yixin.star.dto.EchartsDataDTO com.yixin.star.controller.SystemPerformanceController.getOverTopCount()
2018-09-17 14:04:04.016 22795 [restartedMain] INFO  o.s.w.s.m.m.a.RequestMappingHandlerMapping - Mapped "{[/starController/testAll],methods=[POST]}" onto public void com.yixin.star.searchController.testAll()
2018-09-17 14:04:04.017 22796 [restartedMain] INFO  o.s.w.s.m.m.a.RequestMappingHandlerMapping - Mapped "{[/starController/testES/{index}/{minute}/{type}],methods=[POST]}" onto public java.lang.String com.yixin.star.searchController.testESSplit(java.lang.String,int,java.lang.String)
2018-09-17 14:04:04.017 22796 [restartedMain] INFO  o.s.w.s.m.m.a.RequestMappingHandlerMapping - Mapped "{[/starController/findActionNum],methods=[POST]}" onto public int com.yixin.star.searchController.findActionNum(com.yixin.star.dto.EctActiveLogDTO)
2018-09-17 14:04:04.017 22796 [restartedMain] INFO  o.s.w.s.m.m.a.RequestMappingHandlerMapping - Mapped "{[/starController/insertES],methods=[POST]}" onto public void com.yixin.star.searchController.insertES()
2018-09-17 14:04:04.018 22797 [restartedMain] INFO  o.s.w.s.m.m.a.RequestMappingHandlerMapping - Mapped "{[/starController/findNginx],methods=[POST]}" onto public void com.yixin.star.searchController.findNginx()
2018-09-17 14:04:04.021 22800 [restartedMain] INFO  o.s.w.s.m.m.a.RequestMappingHandlerMapping - Mapped "{[/error]}" onto public org.springframework.http.ResponseEntity<java.util.Map<java.lang.String, java.lang.Object>> org.springframework.boot.autoconfigure.web.servlet.error.BasicErrorController.error(javax.servlet.http.HttpServletRequest)
2018-09-17 14:04:04.027 22806 [restartedMain] INFO  o.s.w.s.m.m.a.RequestMappingHandlerMapping - Mapped "{[/error],produces=[text/html]}" onto public org.springframework.web.servlet.ModelAndView org.springframework.boot.autoconfigure.web.servlet.error.BasicErrorController.errorHtml(javax.servlet.http.HttpServletRequest,javax.servlet.http.HttpServletResponse)
2018-09-17 14:04:04.104 22883 [restartedMain] INFO  o.s.w.s.h.SimpleUrlHandlerMapping - Mapped URL path [/webjars/**] onto handler of type [class org.springframework.web.servlet.resource.ResourceHttpRequestHandler]
2018-09-17 14:04:04.104 22883 [restartedMain] INFO  o.s.w.s.h.SimpleUrlHandlerMapping - Mapped URL path [/**] onto handler of type [class org.springframework.web.servlet.resource.ResourceHttpRequestHandler]
2018-09-17 14:04:04.826 23605 [restartedMain] INFO  o.s.b.a.w.s.WelcomePageHandlerMapping - Adding welcome page: class path resource [static/index.html]
2018-09-17 14:04:06.572 25351 [restartedMain] INFO  o.s.b.d.a.OptionalLiveReloadServer - LiveReload server is running on port 35729
2018-09-17 14:04:06.657 25436 [restartedMain] INFO  o.s.j.e.a.AnnotationMBeanExporter - Registering beans for JMX exposure on startup
2018-09-17 14:04:06.667 25446 [restartedMain] INFO  o.s.j.e.a.AnnotationMBeanExporter - Bean with name 'dataSource' has been autodetected for JMX exposure
2018-09-17 14:04:06.692 25471 [restartedMain] INFO  o.s.j.e.a.AnnotationMBeanExporter - Located MBean 'dataSource': registering with JMX server as MBean [com.alibaba.druid.pool:name=dataSource,type=DruidDataSource]
2018-09-17 14:04:06.768 25547 [restartedMain] INFO  o.a.coyote.http11.Http11NioProtocol - Starting ProtocolHandler ["http-nio-8099"]
2018-09-17 14:04:06.894 25673 [restartedMain] INFO  o.a.tomcat.util.net.NioSelectorPool - Using a shared selector for servlet write/read
2018-09-17 14:04:07.099 25878 [restartedMain] INFO  o.s.b.w.e.tomcat.TomcatWebServer - Tomcat started on port(s): 8099 (http) with context path '/star-web'
2018-09-17 14:04:07.112 25891 [restartedMain] INFO  com.yixin.star.StardApplication - Started StardApplication in 23.982 seconds (JVM running for 27.083)
2018-09-17 14:05:26.294 4819 [restartedMain] INFO  com.yixin.star.StardApplication - Starting StardApplication on FCM4662 with PID 57180 (D:\IdeaProjects\yixin\stard\target\classes started by yinx in D:\IdeaProjects\yixin\stard)
2018-09-17 14:05:26.299 4824 [restartedMain] INFO  com.yixin.star.StardApplication - No active profile set, falling back to default profiles: default
2018-09-17 14:05:26.700 5225 [restartedMain] INFO  o.s.b.w.s.c.AnnotationConfigServletWebServerApplicationContext - Refreshing org.springframework.boot.web.servlet.context.AnnotationConfigServletWebServerApplicationContext@20077209: startup date [Mon Sep 17 14:05:26 CST 2018]; root of context hierarchy
2018-09-17 14:05:33.454 11979 [restartedMain] INFO  o.s.b.w.e.tomcat.TomcatWebServer - Tomcat initialized with port(s): 8099 (http)
2018-09-17 14:05:33.766 12291 [restartedMain] INFO  o.a.coyote.http11.Http11NioProtocol - Initializing ProtocolHandler ["http-nio-8099"]
2018-09-17 14:05:33.806 12331 [restartedMain] INFO  o.a.catalina.core.StandardService - Starting service [Tomcat]
2018-09-17 14:05:33.807 12332 [restartedMain] INFO  o.a.catalina.core.StandardEngine - Starting Servlet Engine: Apache Tomcat/8.5.32
2018-09-17 14:05:33.872 12397 [localhost-startStop-1] INFO  o.a.c.core.AprLifecycleListener - The APR based Apache Tomcat Native library which allows optimal performance in production environments was not found on the java.library.path: [C:\Program Files\Java\JDK8\bin;C:\Windows\Sun\Java\bin;C:\Windows\system32;C:\Windows;C:\Program Files (x86)\Windows Resource Kits\Tools\;C:\Program Files\Java\JDK8\bin;C:\Program Files\Java\JDK8\jre\bin;C:\Program Files (x86)\Common Files\NetSarang;C:\Windows\system32;C:\Windows;C:\Windows\System32\Wbem;C:\Windows\System32\WindowsPowerShell\v1.0\;C:\Windows\System32\WindowsPowerShell\v1.0\;D:\Program\TortoiseSVN\bin;D:\Program\mysql-5.6.17-winx64\bin;C:\Program Files\nodejs\;d:\Program Files\Git\cmd;D:\Softwear\hadoop\hadoop-common-2.2.0-bin-master\bin;;C:\Program Files (x86)\Windows Resource Kits\Tools\;d:\Program Files (x86)\Microsoft VS Code\bin;D:\yinx\AppData\Roaming\npm;.]
2018-09-17 14:05:34.380 12905 [localhost-startStop-1] INFO  o.a.c.c.C.[.[localhost].[/star-web] - Initializing Spring embedded WebApplicationContext
2018-09-17 14:05:34.381 12906 [localhost-startStop-1] INFO  o.s.web.context.ContextLoader - Root WebApplicationContext: initialization completed in 7681 ms
2018-09-17 14:05:34.524 13049 [localhost-startStop-1] INFO  o.s.b.w.s.ServletRegistrationBean - Servlet dispatcherServlet mapped to [/]
2018-09-17 14:05:34.532 13057 [localhost-startStop-1] INFO  o.s.b.w.s.FilterRegistrationBean - Mapping filter: 'characterEncodingFilter' to: [/*]
2018-09-17 14:05:34.533 13058 [localhost-startStop-1] INFO  o.s.b.w.s.FilterRegistrationBean - Mapping filter: 'hiddenHttpMethodFilter' to: [/*]
2018-09-17 14:05:34.533 13058 [localhost-startStop-1] INFO  o.s.b.w.s.FilterRegistrationBean - Mapping filter: 'httpPutFormContentFilter' to: [/*]
2018-09-17 14:05:34.534 13059 [localhost-startStop-1] INFO  o.s.b.w.s.FilterRegistrationBean - Mapping filter: 'requestContextFilter' to: [/*]
2018-09-17 14:05:37.619 16144 [restartedMain] INFO  o.s.w.s.h.SimpleUrlHandlerMapping - Mapped URL path [/**/favicon.ico] onto handler of type [class org.springframework.web.servlet.resource.ResourceHttpRequestHandler]
2018-09-17 14:05:38.098 16623 [restartedMain] INFO  o.s.w.s.m.m.a.RequestMappingHandlerAdapter - Looking for @ControllerAdvice: org.springframework.boot.web.servlet.context.AnnotationConfigServletWebServerApplicationContext@20077209: startup date [Mon Sep 17 14:05:26 CST 2018]; root of context hierarchy
2018-09-17 14:05:38.253 16778 [restartedMain] INFO  o.s.w.s.m.m.a.RequestMappingHandlerMapping - Mapped "{[/activeDictController/findActiveDict],methods=[POST]}" onto public com.yixin.common.utils.InvokeResult<java.util.List<com.yixin.star.domain.ActiveDict>> com.yixin.star.controller.ActiveDictController.findActiveDict(java.lang.String)
2018-09-17 14:05:38.255 16780 [restartedMain] INFO  o.s.w.s.m.m.a.RequestMappingHandlerMapping - Mapped "{[/activeDictController/searchDictsByType],methods=[POST]}" onto public com.yixin.common.utils.InvokeResult<java.util.List<com.yixin.star.domain.ActiveDict>> com.yixin.star.controller.ActiveDictController.searchDictsByType(java.lang.String)
2018-09-17 14:05:38.273 16798 [restartedMain] INFO  o.s.w.s.m.m.a.RequestMappingHandlerMapping - Mapped "{[/systemController/findSystems],methods=[POST]}" onto public com.yixin.common.utils.InvokeResult<java.util.List<com.yixin.star.domain.SystemConfig>> com.yixin.star.controller.SystemController.findAllSystem()
2018-09-17 14:05:38.279 16804 [restartedMain] INFO  o.s.w.s.m.m.a.RequestMappingHandlerMapping - Mapped "{[/systemController/getTPCount],methods=[POST]}" onto public com.yixin.common.utils.InvokeResult<com.yixin.star.dto.EchartsDataDTO> com.yixin.star.controller.SystemPerformanceController.getTPCount(com.yixin.star.dto.RequestParamsDTO)
2018-09-17 14:05:38.279 16804 [restartedMain] INFO  o.s.w.s.m.m.a.RequestMappingHandlerMapping - Mapped "{[/systemController/getOverTopCount],methods=[POST]}" onto public com.yixin.star.dto.EchartsDataDTO com.yixin.star.controller.SystemPerformanceController.getOverTopCount()
2018-09-17 14:05:38.280 16805 [restartedMain] INFO  o.s.w.s.m.m.a.RequestMappingHandlerMapping - Mapped "{[/systemController/getActiveNumCount],methods=[POST]}" onto public com.yixin.star.dto.EchartsDataDTO com.yixin.star.controller.SystemPerformanceController.getActiveNumCount()
2018-09-17 14:05:38.281 16806 [restartedMain] INFO  o.s.w.s.m.m.a.RequestMappingHandlerMapping - Mapped "{[/systemController/getOperateDateLengthCount],methods=[POST]}" onto public com.yixin.star.dto.EchartsDataDTO com.yixin.star.controller.SystemPerformanceController.getOperateDateLengthCount()
2018-09-17 14:05:38.283 16808 [restartedMain] INFO  o.s.w.s.m.m.a.RequestMappingHandlerMapping - Mapped "{[/systemController/getRequestFailCount],methods=[POST]}" onto public com.yixin.star.dto.EchartsDataDTO com.yixin.star.controller.SystemPerformanceController.getRequestFailCount()
2018-09-17 14:05:38.291 16816 [restartedMain] INFO  o.s.w.s.m.m.a.RequestMappingHandlerMapping - Mapped "{[/starController/testAll],methods=[POST]}" onto public void com.yixin.star.searchController.testAll()
2018-09-17 14:05:38.292 16817 [restartedMain] INFO  o.s.w.s.m.m.a.RequestMappingHandlerMapping - Mapped "{[/starController/testES/{index}/{minute}/{type}],methods=[POST]}" onto public java.lang.String com.yixin.star.searchController.testESSplit(java.lang.String,int,java.lang.String)
2018-09-17 14:05:38.296 16821 [restartedMain] INFO  o.s.w.s.m.m.a.RequestMappingHandlerMapping - Mapped "{[/starController/findActionNum],methods=[POST]}" onto public int com.yixin.star.searchController.findActionNum(com.yixin.star.dto.EctActiveLogDTO)
2018-09-17 14:05:38.297 16822 [restartedMain] INFO  o.s.w.s.m.m.a.RequestMappingHandlerMapping - Mapped "{[/starController/insertES],methods=[POST]}" onto public void com.yixin.star.searchController.insertES()
2018-09-17 14:05:38.299 16824 [restartedMain] INFO  o.s.w.s.m.m.a.RequestMappingHandlerMapping - Mapped "{[/starController/findNginx],methods=[POST]}" onto public void com.yixin.star.searchController.findNginx()
2018-09-17 14:05:38.306 16831 [restartedMain] INFO  o.s.w.s.m.m.a.RequestMappingHandlerMapping - Mapped "{[/error]}" onto public org.springframework.http.ResponseEntity<java.util.Map<java.lang.String, java.lang.Object>> org.springframework.boot.autoconfigure.web.servlet.error.BasicErrorController.error(javax.servlet.http.HttpServletRequest)
2018-09-17 14:05:38.307 16832 [restartedMain] INFO  o.s.w.s.m.m.a.RequestMappingHandlerMapping - Mapped "{[/error],produces=[text/html]}" onto public org.springframework.web.servlet.ModelAndView org.springframework.boot.autoconfigure.web.servlet.error.BasicErrorController.errorHtml(javax.servlet.http.HttpServletRequest,javax.servlet.http.HttpServletResponse)
2018-09-17 14:05:38.398 16923 [restartedMain] INFO  o.s.w.s.h.SimpleUrlHandlerMapping - Mapped URL path [/webjars/**] onto handler of type [class org.springframework.web.servlet.resource.ResourceHttpRequestHandler]
2018-09-17 14:05:38.398 16923 [restartedMain] INFO  o.s.w.s.h.SimpleUrlHandlerMapping - Mapped URL path [/**] onto handler of type [class org.springframework.web.servlet.resource.ResourceHttpRequestHandler]
2018-09-17 14:05:38.578 17103 [restartedMain] INFO  o.s.b.a.w.s.WelcomePageHandlerMapping - Adding welcome page: class path resource [static/index.html]
2018-09-17 14:05:39.503 18028 [restartedMain] INFO  o.s.b.d.a.OptionalLiveReloadServer - LiveReload server is running on port 35729
2018-09-17 14:05:39.565 18090 [restartedMain] INFO  o.s.j.e.a.AnnotationMBeanExporter - Registering beans for JMX exposure on startup
2018-09-17 14:05:39.568 18093 [restartedMain] INFO  o.s.j.e.a.AnnotationMBeanExporter - Bean with name 'dataSource' has been autodetected for JMX exposure
2018-09-17 14:05:39.577 18102 [restartedMain] INFO  o.s.j.e.a.AnnotationMBeanExporter - Located MBean 'dataSource': registering with JMX server as MBean [com.alibaba.druid.pool:name=dataSource,type=DruidDataSource]
2018-09-17 14:05:39.598 18123 [restartedMain] INFO  o.a.coyote.http11.Http11NioProtocol - Starting ProtocolHandler ["http-nio-8099"]
2018-09-17 14:05:39.747 18272 [restartedMain] INFO  o.a.tomcat.util.net.NioSelectorPool - Using a shared selector for servlet write/read
2018-09-17 14:05:40.107 18632 [restartedMain] INFO  o.s.b.w.e.tomcat.TomcatWebServer - Tomcat started on port(s): 8099 (http) with context path '/star-web'
2018-09-17 14:05:40.116 18641 [restartedMain] INFO  com.yixin.star.StardApplication - Started StardApplication in 16.358 seconds (JVM running for 19.633)
2018-09-17 14:06:25.208 5623 [restartedMain] INFO  com.yixin.star.StardApplication - Starting StardApplication on FCM4662 with PID 152376 (D:\IdeaProjects\yixin\stard\target\classes started by yinx in D:\IdeaProjects\yixin\stard)
2018-09-17 14:06:25.213 5628 [restartedMain] INFO  com.yixin.star.StardApplication - No active profile set, falling back to default profiles: default
2018-09-17 14:06:25.664 6079 [restartedMain] INFO  o.s.b.w.s.c.AnnotationConfigServletWebServerApplicationContext - Refreshing org.springframework.boot.web.servlet.context.AnnotationConfigServletWebServerApplicationContext@3a421d3e: startup date [Mon Sep 17 14:06:25 CST 2018]; root of context hierarchy
2018-09-17 14:06:31.849 12264 [restartedMain] INFO  o.s.b.w.e.tomcat.TomcatWebServer - Tomcat initialized with port(s): 8088 (http)
2018-09-17 14:06:32.091 12506 [restartedMain] INFO  o.a.coyote.http11.Http11NioProtocol - Initializing ProtocolHandler ["http-nio-8088"]
2018-09-17 14:06:32.131 12546 [restartedMain] INFO  o.a.catalina.core.StandardService - Starting service [Tomcat]
2018-09-17 14:06:32.139 12554 [restartedMain] INFO  o.a.catalina.core.StandardEngine - Starting Servlet Engine: Apache Tomcat/8.5.32
2018-09-17 14:06:32.181 12596 [localhost-startStop-1] INFO  o.a.c.core.AprLifecycleListener - The APR based Apache Tomcat Native library which allows optimal performance in production environments was not found on the java.library.path: [C:\Program Files\Java\JDK8\bin;C:\Windows\Sun\Java\bin;C:\Windows\system32;C:\Windows;C:\Program Files (x86)\Windows Resource Kits\Tools\;C:\Program Files\Java\JDK8\bin;C:\Program Files\Java\JDK8\jre\bin;C:\Program Files (x86)\Common Files\NetSarang;C:\Windows\system32;C:\Windows;C:\Windows\System32\Wbem;C:\Windows\System32\WindowsPowerShell\v1.0\;C:\Windows\System32\WindowsPowerShell\v1.0\;D:\Program\TortoiseSVN\bin;D:\Program\mysql-5.6.17-winx64\bin;C:\Program Files\nodejs\;d:\Program Files\Git\cmd;D:\Softwear\hadoop\hadoop-common-2.2.0-bin-master\bin;;C:\Program Files (x86)\Windows Resource Kits\Tools\;d:\Program Files (x86)\Microsoft VS Code\bin;D:\yinx\AppData\Roaming\npm;.]
2018-09-17 14:06:32.615 13030 [localhost-startStop-1] INFO  o.a.c.c.C.[.[localhost].[/star-web] - Initializing Spring embedded WebApplicationContext
2018-09-17 14:06:32.616 13031 [localhost-startStop-1] INFO  o.s.web.context.ContextLoader - Root WebApplicationContext: initialization completed in 6952 ms
2018-09-17 14:06:32.770 13185 [localhost-startStop-1] INFO  o.s.b.w.s.ServletRegistrationBean - Servlet dispatcherServlet mapped to [/]
2018-09-17 14:06:32.778 13193 [localhost-startStop-1] INFO  o.s.b.w.s.FilterRegistrationBean - Mapping filter: 'characterEncodingFilter' to: [/*]
2018-09-17 14:06:32.779 13194 [localhost-startStop-1] INFO  o.s.b.w.s.FilterRegistrationBean - Mapping filter: 'hiddenHttpMethodFilter' to: [/*]
2018-09-17 14:06:32.779 13194 [localhost-startStop-1] INFO  o.s.b.w.s.FilterRegistrationBean - Mapping filter: 'httpPutFormContentFilter' to: [/*]
2018-09-17 14:06:32.779 13194 [localhost-startStop-1] INFO  o.s.b.w.s.FilterRegistrationBean - Mapping filter: 'requestContextFilter' to: [/*]
2018-09-17 14:06:36.138 16553 [restartedMain] INFO  o.s.w.s.h.SimpleUrlHandlerMapping - Mapped URL path [/**/favicon.ico] onto handler of type [class org.springframework.web.servlet.resource.ResourceHttpRequestHandler]
2018-09-17 14:06:36.607 17022 [restartedMain] INFO  o.s.w.s.m.m.a.RequestMappingHandlerAdapter - Looking for @ControllerAdvice: org.springframework.boot.web.servlet.context.AnnotationConfigServletWebServerApplicationContext@3a421d3e: startup date [Mon Sep 17 14:06:25 CST 2018]; root of context hierarchy
2018-09-17 14:06:36.791 17206 [restartedMain] INFO  o.s.w.s.m.m.a.RequestMappingHandlerMapping - Mapped "{[/activeDictController/searchDictsByType],methods=[POST]}" onto public com.yixin.common.utils.InvokeResult<java.util.List<com.yixin.star.domain.ActiveDict>> com.yixin.star.controller.ActiveDictController.searchDictsByType(java.lang.String)
2018-09-17 14:06:36.793 17208 [restartedMain] INFO  o.s.w.s.m.m.a.RequestMappingHandlerMapping - Mapped "{[/activeDictController/findActiveDict],methods=[POST]}" onto public com.yixin.common.utils.InvokeResult<java.util.List<com.yixin.star.domain.ActiveDict>> com.yixin.star.controller.ActiveDictController.findActiveDict(java.lang.String)
2018-09-17 14:06:36.795 17210 [restartedMain] INFO  o.s.w.s.m.m.a.RequestMappingHandlerMapping - Mapped "{[/systemController/findSystems],methods=[POST]}" onto public com.yixin.common.utils.InvokeResult<java.util.List<com.yixin.star.domain.SystemConfig>> com.yixin.star.controller.SystemController.findAllSystem()
2018-09-17 14:06:36.803 17218 [restartedMain] INFO  o.s.w.s.m.m.a.RequestMappingHandlerMapping - Mapped "{[/systemController/getActiveNumCount],methods=[POST]}" onto public com.yixin.star.dto.EchartsDataDTO com.yixin.star.controller.SystemPerformanceController.getActiveNumCount()
2018-09-17 14:06:36.803 17218 [restartedMain] INFO  o.s.w.s.m.m.a.RequestMappingHandlerMapping - Mapped "{[/systemController/getOperateDateLengthCount],methods=[POST]}" onto public com.yixin.star.dto.EchartsDataDTO com.yixin.star.controller.SystemPerformanceController.getOperateDateLengthCount()
2018-09-17 14:06:36.804 17219 [restartedMain] INFO  o.s.w.s.m.m.a.RequestMappingHandlerMapping - Mapped "{[/systemController/getRequestFailCount],methods=[POST]}" onto public com.yixin.star.dto.EchartsDataDTO com.yixin.star.controller.SystemPerformanceController.getRequestFailCount()
2018-09-17 14:06:36.805 17220 [restartedMain] INFO  o.s.w.s.m.m.a.RequestMappingHandlerMapping - Mapped "{[/systemController/getTPCount],methods=[POST]}" onto public com.yixin.common.utils.InvokeResult<com.yixin.star.dto.EchartsDataDTO> com.yixin.star.controller.SystemPerformanceController.getTPCount(com.yixin.star.dto.RequestParamsDTO)
2018-09-17 14:06:36.806 17221 [restartedMain] INFO  o.s.w.s.m.m.a.RequestMappingHandlerMapping - Mapped "{[/systemController/getOverTopCount],methods=[POST]}" onto public com.yixin.star.dto.EchartsDataDTO com.yixin.star.controller.SystemPerformanceController.getOverTopCount()
2018-09-17 14:06:36.812 17227 [restartedMain] INFO  o.s.w.s.m.m.a.RequestMappingHandlerMapping - Mapped "{[/starController/testES/{index}/{minute}/{type}],methods=[POST]}" onto public java.lang.String com.yixin.star.searchController.testESSplit(java.lang.String,int,java.lang.String)
2018-09-17 14:06:36.812 17227 [restartedMain] INFO  o.s.w.s.m.m.a.RequestMappingHandlerMapping - Mapped "{[/starController/testAll],methods=[POST]}" onto public void com.yixin.star.searchController.testAll()
2018-09-17 14:06:36.813 17228 [restartedMain] INFO  o.s.w.s.m.m.a.RequestMappingHandlerMapping - Mapped "{[/starController/findNginx],methods=[POST]}" onto public void com.yixin.star.searchController.findNginx()
2018-09-17 14:06:36.814 17229 [restartedMain] INFO  o.s.w.s.m.m.a.RequestMappingHandlerMapping - Mapped "{[/starController/findActionNum],methods=[POST]}" onto public int com.yixin.star.searchController.findActionNum(com.yixin.star.dto.EctActiveLogDTO)
2018-09-17 14:06:36.815 17230 [restartedMain] INFO  o.s.w.s.m.m.a.RequestMappingHandlerMapping - Mapped "{[/starController/insertES],methods=[POST]}" onto public void com.yixin.star.searchController.insertES()
2018-09-17 14:06:36.821 17236 [restartedMain] INFO  o.s.w.s.m.m.a.RequestMappingHandlerMapping - Mapped "{[/error]}" onto public org.springframework.http.ResponseEntity<java.util.Map<java.lang.String, java.lang.Object>> org.springframework.boot.autoconfigure.web.servlet.error.BasicErrorController.error(javax.servlet.http.HttpServletRequest)
2018-09-17 14:06:36.824 17239 [restartedMain] INFO  o.s.w.s.m.m.a.RequestMappingHandlerMapping - Mapped "{[/error],produces=[text/html]}" onto public org.springframework.web.servlet.ModelAndView org.springframework.boot.autoconfigure.web.servlet.error.BasicErrorController.errorHtml(javax.servlet.http.HttpServletRequest,javax.servlet.http.HttpServletResponse)
2018-09-17 14:06:36.909 17324 [restartedMain] INFO  o.s.w.s.h.SimpleUrlHandlerMapping - Mapped URL path [/webjars/**] onto handler of type [class org.springframework.web.servlet.resource.ResourceHttpRequestHandler]
2018-09-17 14:06:36.909 17324 [restartedMain] INFO  o.s.w.s.h.SimpleUrlHandlerMapping - Mapped URL path [/**] onto handler of type [class org.springframework.web.servlet.resource.ResourceHttpRequestHandler]
2018-09-17 14:06:37.097 17512 [restartedMain] INFO  o.s.b.a.w.s.WelcomePageHandlerMapping - Adding welcome page: class path resource [static/index.html]
2018-09-17 14:06:38.069 18484 [restartedMain] INFO  o.s.b.d.a.OptionalLiveReloadServer - LiveReload server is running on port 35729
2018-09-17 14:06:38.142 18557 [restartedMain] INFO  o.s.j.e.a.AnnotationMBeanExporter - Registering beans for JMX exposure on startup
2018-09-17 14:06:38.149 18564 [restartedMain] INFO  o.s.j.e.a.AnnotationMBeanExporter - Bean with name 'dataSource' has been autodetected for JMX exposure
2018-09-17 14:06:38.161 18576 [restartedMain] INFO  o.s.j.e.a.AnnotationMBeanExporter - Located MBean 'dataSource': registering with JMX server as MBean [com.alibaba.druid.pool:name=dataSource,type=DruidDataSource]
2018-09-17 14:06:38.229 18644 [restartedMain] INFO  o.a.coyote.http11.Http11NioProtocol - Starting ProtocolHandler ["http-nio-8088"]
2018-09-17 14:06:38.455 18870 [restartedMain] INFO  o.a.tomcat.util.net.NioSelectorPool - Using a shared selector for servlet write/read
2018-09-17 14:06:38.664 19079 [restartedMain] INFO  o.s.b.w.e.tomcat.TomcatWebServer - Tomcat started on port(s): 8088 (http) with context path '/star-web'
2018-09-17 14:06:38.670 19085 [restartedMain] INFO  com.yixin.star.StardApplication - Started StardApplication in 16.839 seconds (JVM running for 20.215)
2018-09-17 14:06:52.957 33372 [http-nio-8088-exec-1] INFO  o.a.c.c.C.[.[localhost].[/star-web] - Initializing Spring FrameworkServlet 'dispatcherServlet'
2018-09-17 14:06:52.957 33372 [http-nio-8088-exec-1] INFO  o.s.web.servlet.DispatcherServlet - FrameworkServlet 'dispatcherServlet': initialization started
2018-09-17 14:06:52.995 33410 [http-nio-8088-exec-1] INFO  o.s.web.servlet.DispatcherServlet - FrameworkServlet 'dispatcherServlet': initialization completed in 38 ms
2018-09-17 14:07:00.454 40869 [http-nio-8088-exec-6] INFO  c.a.druid.pool.DruidDataSource - {dataSource-1} inited
