2018-09-07 09:47:35.773 3175 [restartedMain] INFO  com.yixin.star.StardApplication - Starting StardApplication on FCM4662 with PID 14952 (D:\IdeaProjects\yixin\stard\target\classes started by yinx in D:\IdeaProjects\yixin\stard)
2018-09-07 09:47:35.784 3186 [restartedMain] INFO  com.yixin.star.StardApplication - No active profile set, falling back to default profiles: default
2018-09-07 09:47:35.966 3368 [restartedMain] INFO  o.s.b.w.s.c.AnnotationConfigServletWebServerApplicationContext - Refreshing org.springframework.boot.web.servlet.context.AnnotationConfigServletWebServerApplicationContext@78712315: startup date [Fri Sep 07 09:47:35 CST 2018]; root of context hierarchy
2018-09-07 09:47:40.644 8046 [restartedMain] INFO  o.s.b.w.e.tomcat.TomcatWebServer - Tomcat initialized with port(s): 8088 (http)
2018-09-07 09:47:40.811 8213 [restartedMain] INFO  o.a.coyote.http11.Http11NioProtocol - Initializing ProtocolHandler ["http-nio-8088"]
2018-09-07 09:47:40.834 8236 [restartedMain] INFO  o.a.catalina.core.StandardService - Starting service [Tomcat]
2018-09-07 09:47:40.835 8237 [restartedMain] INFO  o.a.catalina.core.StandardEngine - Starting Servlet Engine: Apache Tomcat/8.5.32
2018-09-07 09:47:40.872 8274 [localhost-startStop-1] INFO  o.a.c.core.AprLifecycleListener - The APR based Apache Tomcat Native library which allows optimal performance in production environments was not found on the java.library.path: [C:\Program Files\Java\JDK8\bin;C:\Windows\Sun\Java\bin;C:\Windows\system32;C:\Windows;C:\Program Files (x86)\Windows Resource Kits\Tools\;C:\Program Files\Java\JDK8\bin;C:\Program Files\Java\JDK8\jre\bin;C:\Program Files (x86)\Common Files\NetSarang;C:\Windows\system32;C:\Windows;C:\Windows\System32\Wbem;C:\Windows\System32\WindowsPowerShell\v1.0\;C:\Windows\System32\WindowsPowerShell\v1.0\;D:\Program\TortoiseSVN\bin;D:\Program\mysql-5.6.17-winx64\bin;C:\Program Files\nodejs\;d:\Program Files\Git\cmd;D:\Softwear\hadoop\hadoop-common-2.2.0-bin-master\bin;;C:\Program Files (x86)\Windows Resource Kits\Tools\;d:\Program Files (x86)\Microsoft VS Code\bin;D:\yinx\AppData\Roaming\npm;.]
2018-09-07 09:47:41.317 8719 [localhost-startStop-1] INFO  o.a.c.c.C.[.[localhost].[/star-web] - Initializing Spring embedded WebApplicationContext
2018-09-07 09:47:41.317 8719 [localhost-startStop-1] INFO  o.s.web.context.ContextLoader - Root WebApplicationContext: initialization completed in 5351 ms
2018-09-07 09:47:41.485 8887 [localhost-startStop-1] INFO  o.s.b.w.s.ServletRegistrationBean - Servlet dispatcherServlet mapped to [/]
2018-09-07 09:47:41.493 8895 [localhost-startStop-1] INFO  o.s.b.w.s.FilterRegistrationBean - Mapping filter: 'characterEncodingFilter' to: [/*]
2018-09-07 09:47:41.494 8896 [localhost-startStop-1] INFO  o.s.b.w.s.FilterRegistrationBean - Mapping filter: 'hiddenHttpMethodFilter' to: [/*]
2018-09-07 09:47:41.495 8897 [localhost-startStop-1] INFO  o.s.b.w.s.FilterRegistrationBean - Mapping filter: 'httpPutFormContentFilter' to: [/*]
2018-09-07 09:47:41.495 8897 [localhost-startStop-1] INFO  o.s.b.w.s.FilterRegistrationBean - Mapping filter: 'requestContextFilter' to: [/*]
2018-09-07 09:47:42.846 10248 [restartedMain] INFO  o.s.w.s.h.SimpleUrlHandlerMapping - Mapped URL path [/**/favicon.ico] onto handler of type [class org.springframework.web.servlet.resource.ResourceHttpRequestHandler]
2018-09-07 09:47:43.292 10694 [restartedMain] INFO  o.s.w.s.m.m.a.RequestMappingHandlerAdapter - Looking for @ControllerAdvice: org.springframework.boot.web.servlet.context.AnnotationConfigServletWebServerApplicationContext@78712315: startup date [Fri Sep 07 09:47:35 CST 2018]; root of context hierarchy
2018-09-07 09:47:43.465 10867 [restartedMain] INFO  o.s.w.s.m.m.a.RequestMappingHandlerMapping - Mapped "{[/activeDictController/findActiveDict],methods=[POST]}" onto public com.yixin.common.utils.InvokeResult<java.util.List<com.yixin.star.domain.ActiveDict>> com.yixin.star.controller.ActiveDictController.findActiveDict(java.lang.String)
2018-09-07 09:47:43.470 10872 [restartedMain] INFO  o.s.w.s.m.m.a.RequestMappingHandlerMapping - Mapped "{[/starController/insertES],methods=[POST]}" onto public void com.yixin.star.searchController.insertES()
2018-09-07 09:47:43.471 10873 [restartedMain] INFO  o.s.w.s.m.m.a.RequestMappingHandlerMapping - Mapped "{[/starController/findActionNum],methods=[POST]}" onto public int com.yixin.star.searchController.findActionNum(com.yixin.star.dto.EctActiveLogDTO)
2018-09-07 09:47:43.471 10873 [restartedMain] INFO  o.s.w.s.m.m.a.RequestMappingHandlerMapping - Mapped "{[/starController/testES/{index}/{minute}/{type}],methods=[POST]}" onto public java.lang.String com.yixin.star.searchController.testESSplit(java.lang.String,int,java.lang.String)
2018-09-07 09:47:43.472 10874 [restartedMain] INFO  o.s.w.s.m.m.a.RequestMappingHandlerMapping - Mapped "{[/starController/testAll],methods=[POST]}" onto public void com.yixin.star.searchController.testAll()
2018-09-07 09:47:43.476 10878 [restartedMain] INFO  o.s.w.s.m.m.a.RequestMappingHandlerMapping - Mapped "{[/error]}" onto public org.springframework.http.ResponseEntity<java.util.Map<java.lang.String, java.lang.Object>> org.springframework.boot.autoconfigure.web.servlet.error.BasicErrorController.error(javax.servlet.http.HttpServletRequest)
2018-09-07 09:47:43.478 10880 [restartedMain] INFO  o.s.w.s.m.m.a.RequestMappingHandlerMapping - Mapped "{[/error],produces=[text/html]}" onto public org.springframework.web.servlet.ModelAndView org.springframework.boot.autoconfigure.web.servlet.error.BasicErrorController.errorHtml(javax.servlet.http.HttpServletRequest,javax.servlet.http.HttpServletResponse)
2018-09-07 09:47:43.610 11012 [restartedMain] INFO  o.s.w.s.h.SimpleUrlHandlerMapping - Mapped URL path [/webjars/**] onto handler of type [class org.springframework.web.servlet.resource.ResourceHttpRequestHandler]
2018-09-07 09:47:43.611 11013 [restartedMain] INFO  o.s.w.s.h.SimpleUrlHandlerMapping - Mapped URL path [/**] onto handler of type [class org.springframework.web.servlet.resource.ResourceHttpRequestHandler]
2018-09-07 09:47:43.748 11150 [restartedMain] INFO  o.s.b.a.w.s.WelcomePageHandlerMapping - Adding welcome page: class path resource [static/index.html]
2018-09-07 09:47:44.613 12015 [restartedMain] INFO  o.s.b.d.a.OptionalLiveReloadServer - LiveReload server is running on port 35729
2018-09-07 09:47:44.684 12086 [restartedMain] INFO  o.s.j.e.a.AnnotationMBeanExporter - Registering beans for JMX exposure on startup
2018-09-07 09:47:44.686 12088 [restartedMain] INFO  o.s.j.e.a.AnnotationMBeanExporter - Bean with name 'dataSource' has been autodetected for JMX exposure
2018-09-07 09:47:44.696 12098 [restartedMain] INFO  o.s.j.e.a.AnnotationMBeanExporter - Located MBean 'dataSource': registering with JMX server as MBean [com.alibaba.druid.pool:name=dataSource,type=DruidDataSource]
2018-09-07 09:47:44.735 12137 [restartedMain] INFO  o.a.coyote.http11.Http11NioProtocol - Starting ProtocolHandler ["http-nio-8088"]
2018-09-07 09:47:44.790 12192 [restartedMain] INFO  o.a.tomcat.util.net.NioSelectorPool - Using a shared selector for servlet write/read
2018-09-07 09:47:44.891 12293 [restartedMain] INFO  o.s.b.w.e.tomcat.TomcatWebServer - Tomcat started on port(s): 8088 (http) with context path '/star-web'
2018-09-07 09:47:44.900 12302 [restartedMain] INFO  com.yixin.star.StardApplication - Started StardApplication in 11.101 seconds (JVM running for 13.957)
2018-09-07 09:49:37.997 125399 [http-nio-8088-exec-1] INFO  o.a.c.c.C.[.[localhost].[/star-web] - Initializing Spring FrameworkServlet 'dispatcherServlet'
2018-09-07 09:49:37.997 125399 [http-nio-8088-exec-1] INFO  o.s.web.servlet.DispatcherServlet - FrameworkServlet 'dispatcherServlet': initialization started
2018-09-07 09:49:38.038 125440 [http-nio-8088-exec-1] INFO  o.s.web.servlet.DispatcherServlet - FrameworkServlet 'dispatcherServlet': initialization completed in 41 ms
2018-09-07 09:50:12.348 159750 [http-nio-8088-exec-10] INFO  c.a.druid.pool.DruidDataSource - {dataSource-1} inited
2018-09-07 09:52:19.444 286846 [http-nio-8088-exec-4] INFO  com.yixin.star.searchController - testES获取前端请求【】
2018-09-07 09:52:26.148 293550 [http-nio-8088-exec-4] INFO  com.yixin.star.ElasticClient - 根据动作id---<pre_order> <pre_pass_order> <pre_out_order> <wait_certificate_order> <alix_pre_order> <alix_pre_pass_order> <alix_pre_out_order> <OA_pre_order> <OA_pre_pass_order> <OA_pre_out_order> <cellphone_pass> <cellphone_out> <credit_card_pass> <credit_card_out> <Get_verification_code> <verification_submit> <verification_return> <pop_up_sure> <pop_up_cancel> <revalidation> <pre_create> <note> <pre_final_order> <submitPre> <creditAuthorization> ---查询到日志信息=={"failedShards":0,"fragment":false,"hits":{"fragment":true,"hits":[{"fields":{},"fragment":false,"highlightFields":{"$ref":"$.hits.hits[0].fields"},"id":"AWWpnHLMRmLPUAMPb6_4","matchedQueries":[],"score":0.0012132563,"sortValues":[],"sourceAsMap":{"message":"orderID:-clueId:dje87djdordnjcdudh78476_2018-09-05 18:48:37.979 182661172 [http-bio-18113-exec-2] INFO  com.yixin.ect.app.serviceimpl.EctElectricSignServiceImpl - <verification_submit>"},"sourceAsString":"{\"message\":\"orderID:-clueId:dje87djdordnjcdudh78476_2018-09-05 18:48:37.979 182661172 [http-bio-18113-exec-2] INFO  com.yixin.ect.app.serviceimpl.EctElectricSignServiceImpl - <verification_submit>\"}","sourceRef":{"childResources":[]},"type":"ect_log","version":-1},{"fields":{"$ref":"$.hits.hits[0].fields"},"fragment":false,"highlightFields":{"$ref":"$.hits.hits[0].fields"},"id":"AWWpnBKHRmLPUAMPb6_3","matchedQueries":[],"score":0.0010615994,"sortValues":[],"sourceAsMap":{"message":"orderID:73837362652545-clueId:dje87djdordnjcdudh78476_2018-09-05 18:48:37.979 182661172 [http-bio-18113-exec-2] INFO  com.yixin.ect.app.serviceimpl.EctElectricSignServiceImpl - <pre_order>"},"sourceAsString":"{\"message\":\"orderID:73837362652545-clueId:dje87djdordnjcdudh78476_2018-09-05 18:48:37.979 182661172 [http-bio-18113-exec-2] INFO  com.yixin.ect.app.serviceimpl.EctElectricSignServiceImpl - <pre_order>\"}","sourceRef":{"childResources":[]},"type":"ect_log","version":-1},{"fields":{"$ref":"$.hits.hits[0].fields"},"fragment":false,"highlightFields":{"$ref":"$.hits.hits[0].fields"},"id":"AWWpnNQSRmLPUAMPb7Aq","matchedQueries":[],"score":1.6784655E-4,"sortValues":[],"sourceAsMap":{"message":"orderID:73837362652545-clueId:_2018-09-05 18:48:37.979 182661172 [http-bio-18113-exec-2] INFO  com.yixin.ect.app.serviceimpl.EctElectricSignServiceImpl - <OA_pre_pass_order>"},"sourceAsString":"{\"message\":\"orderID:73837362652545-clueId:_2018-09-05 18:48:37.979 182661172 [http-bio-18113-exec-2] INFO  com.yixin.ect.app.serviceimpl.EctElectricSignServiceImpl - <OA_pre_pass_order>\"}","sourceRef":{"childResources":[]},"type":"ect_log","version":-1}],"maxScore":0.0012132563,"totalHits":3},"numReducePhases":1,"profileResults":{"$ref":"$.hits.hits[0].fields"},"shardFailures":[],"skippedShards":0,"successfulShards":5,"timedOut":false,"took":{"days":0,"daysFrac":5.787037037037037E-8,"hours":0,"hoursFrac":1.388888888888889E-6,"micros":5000,"microsFrac":5000.0,"millis":5,"millisFrac":5.0,"minutes":0,"minutesFrac":8.333333333333333E-5,"nanos":5000000,"seconds":0,"secondsFrac":0.005,"stringRep":"5ms"},"totalShards":5}
2018-09-07 09:52:26.149 293551 [http-nio-8088-exec-4] INFO  c.y.s.s.impl.EctActiveLogServieImpl - 本次获取到日志条数--3/日志总条数--3
2018-09-07 09:52:26.149 293551 [http-nio-8088-exec-4] INFO  c.y.s.s.impl.EctActiveLogServieImpl - 获取日志=======orderID:-clueId:dje87djdordnjcdudh78476_2018-09-05 18:48:37.979 182661172 [http-bio-18113-exec-2] INFO  com.yixin.ect.app.serviceimpl.EctElectricSignServiceImpl - <verification_submit>
2018-09-07 09:52:26.168 293570 [http-nio-8088-exec-4] INFO  c.y.s.s.impl.EctActiveLogServieImpl - 存在一个 开始赋值
2018-09-07 09:52:26.321 293723 [http-nio-8088-exec-4] INFO  c.y.s.s.impl.EctActiveLogServieImpl - 获取日志=======orderID:73837362652545-clueId:dje87djdordnjcdudh78476_2018-09-05 18:48:37.979 182661172 [http-bio-18113-exec-2] INFO  com.yixin.ect.app.serviceimpl.EctElectricSignServiceImpl - <pre_order>
2018-09-07 09:52:26.376 293778 [http-nio-8088-exec-4] INFO  c.y.s.s.impl.EctActiveLogServieImpl - 获取日志=======orderID:73837362652545-clueId:_2018-09-05 18:48:37.979 182661172 [http-bio-18113-exec-2] INFO  com.yixin.ect.app.serviceimpl.EctElectricSignServiceImpl - <OA_pre_pass_order>
2018-09-07 09:52:26.377 293779 [http-nio-8088-exec-4] INFO  c.y.s.s.impl.EctActiveLogServieImpl - 存在一个 开始赋值
2018-09-07 09:52:27.082 294484 [http-nio-8088-exec-4] INFO  com.yixin.star.ElasticClient - 根据动作id---<pre_order> <pre_pass_order> <pre_out_order> <wait_certificate_order> <alix_pre_order> <alix_pre_pass_order> <alix_pre_out_order> <OA_pre_order> <OA_pre_pass_order> <OA_pre_out_order> <cellphone_pass> <cellphone_out> <credit_card_pass> <credit_card_out> <Get_verification_code> <verification_submit> <verification_return> <pop_up_sure> <pop_up_cancel> <revalidation> <pre_create> <note> <pre_final_order> <submitPre> <creditAuthorization> ---查询到日志信息=={"failedShards":0,"fragment":false,"hits":{"fragment":true,"hits":[],"maxScore":0.0012132563,"totalHits":3},"numReducePhases":1,"profileResults":{},"shardFailures":[],"skippedShards":0,"successfulShards":5,"timedOut":false,"took":{"days":0,"daysFrac":2.3148148148148148E-8,"hours":0,"hoursFrac":5.555555555555555E-7,"micros":2000,"microsFrac":2000.0,"millis":2,"millisFrac":2.0,"minutes":0,"minutesFrac":3.3333333333333335E-5,"nanos":2000000,"seconds":0,"secondsFrac":0.002,"stringRep":"2ms"},"totalShards":5}
2018-09-07 09:52:27.082 294484 [http-nio-8088-exec-4] INFO  c.y.s.s.impl.EctActiveLogServieImpl - 本次获取到日志条数--0/日志总条数--3
2018-09-07 09:52:27.082 294484 [http-nio-8088-exec-4] INFO  c.y.s.s.impl.EctActiveLogServieImpl - 查询完成
2018-09-07 09:52:27.091 294493 [http-nio-8088-exec-4] INFO  com.yixin.star.searchController - testES查询数据完成
2018-09-07 10:49:56.820 3358 [restartedMain] INFO  com.yixin.star.StardApplication - Starting StardApplication on FCM4662 with PID 36108 (D:\IdeaProjects\yixin\stard\target\classes started by yinx in D:\IdeaProjects\yixin\stard)
2018-09-07 10:49:56.825 3363 [restartedMain] INFO  com.yixin.star.StardApplication - No active profile set, falling back to default profiles: default
2018-09-07 10:49:57.012 3550 [restartedMain] INFO  o.s.b.w.s.c.AnnotationConfigServletWebServerApplicationContext - Refreshing org.springframework.boot.web.servlet.context.AnnotationConfigServletWebServerApplicationContext@3dd87faa: startup date [Fri Sep 07 10:49:57 CST 2018]; root of context hierarchy
2018-09-07 10:50:02.107 8645 [restartedMain] INFO  o.s.b.w.e.tomcat.TomcatWebServer - Tomcat initialized with port(s): 8088 (http)
2018-09-07 10:50:02.332 8870 [restartedMain] INFO  o.a.coyote.http11.Http11NioProtocol - Initializing ProtocolHandler ["http-nio-8088"]
2018-09-07 10:50:02.360 8898 [restartedMain] INFO  o.a.catalina.core.StandardService - Starting service [Tomcat]
2018-09-07 10:50:02.360 8898 [restartedMain] INFO  o.a.catalina.core.StandardEngine - Starting Servlet Engine: Apache Tomcat/8.5.32
2018-09-07 10:50:02.380 8918 [localhost-startStop-1] INFO  o.a.c.core.AprLifecycleListener - The APR based Apache Tomcat Native library which allows optimal performance in production environments was not found on the java.library.path: [C:\Program Files\Java\JDK8\bin;C:\Windows\Sun\Java\bin;C:\Windows\system32;C:\Windows;C:\Program Files (x86)\Windows Resource Kits\Tools\;C:\Program Files\Java\JDK8\bin;C:\Program Files\Java\JDK8\jre\bin;C:\Program Files (x86)\Common Files\NetSarang;C:\Windows\system32;C:\Windows;C:\Windows\System32\Wbem;C:\Windows\System32\WindowsPowerShell\v1.0\;C:\Windows\System32\WindowsPowerShell\v1.0\;D:\Program\TortoiseSVN\bin;D:\Program\mysql-5.6.17-winx64\bin;C:\Program Files\nodejs\;d:\Program Files\Git\cmd;D:\Softwear\hadoop\hadoop-common-2.2.0-bin-master\bin;;C:\Program Files (x86)\Windows Resource Kits\Tools\;d:\Program Files (x86)\Microsoft VS Code\bin;D:\yinx\AppData\Roaming\npm;.]
2018-09-07 10:50:02.720 9258 [localhost-startStop-1] INFO  o.a.c.c.C.[.[localhost].[/star-web] - Initializing Spring embedded WebApplicationContext
2018-09-07 10:50:02.721 9259 [localhost-startStop-1] INFO  o.s.web.context.ContextLoader - Root WebApplicationContext: initialization completed in 5709 ms
2018-09-07 10:50:02.868 9406 [localhost-startStop-1] INFO  o.s.b.w.s.ServletRegistrationBean - Servlet dispatcherServlet mapped to [/]
2018-09-07 10:50:02.876 9414 [localhost-startStop-1] INFO  o.s.b.w.s.FilterRegistrationBean - Mapping filter: 'characterEncodingFilter' to: [/*]
2018-09-07 10:50:02.876 9414 [localhost-startStop-1] INFO  o.s.b.w.s.FilterRegistrationBean - Mapping filter: 'hiddenHttpMethodFilter' to: [/*]
2018-09-07 10:50:02.877 9415 [localhost-startStop-1] INFO  o.s.b.w.s.FilterRegistrationBean - Mapping filter: 'httpPutFormContentFilter' to: [/*]
2018-09-07 10:50:02.877 9415 [localhost-startStop-1] INFO  o.s.b.w.s.FilterRegistrationBean - Mapping filter: 'requestContextFilter' to: [/*]
2018-09-07 10:50:04.598 11136 [restartedMain] INFO  o.s.w.s.h.SimpleUrlHandlerMapping - Mapped URL path [/**/favicon.ico] onto handler of type [class org.springframework.web.servlet.resource.ResourceHttpRequestHandler]
2018-09-07 10:50:05.149 11687 [restartedMain] INFO  o.s.w.s.m.m.a.RequestMappingHandlerAdapter - Looking for @ControllerAdvice: org.springframework.boot.web.servlet.context.AnnotationConfigServletWebServerApplicationContext@3dd87faa: startup date [Fri Sep 07 10:49:57 CST 2018]; root of context hierarchy
2018-09-07 10:50:05.300 11838 [restartedMain] INFO  o.s.w.s.m.m.a.RequestMappingHandlerMapping - Mapped "{[/activeDictController/findActiveDict],methods=[POST]}" onto public com.yixin.common.utils.InvokeResult<java.util.List<com.yixin.star.domain.ActiveDict>> com.yixin.star.controller.ActiveDictController.findActiveDict(java.lang.String)
2018-09-07 10:50:05.310 11848 [restartedMain] INFO  o.s.w.s.m.m.a.RequestMappingHandlerMapping - Mapped "{[/starController/insertES],methods=[POST]}" onto public void com.yixin.star.searchController.insertES()
2018-09-07 10:50:05.311 11849 [restartedMain] INFO  o.s.w.s.m.m.a.RequestMappingHandlerMapping - Mapped "{[/starController/findActionNum],methods=[POST]}" onto public int com.yixin.star.searchController.findActionNum(com.yixin.star.dto.EctActiveLogDTO)
2018-09-07 10:50:05.312 11850 [restartedMain] INFO  o.s.w.s.m.m.a.RequestMappingHandlerMapping - Mapped "{[/starController/testES/{index}/{minute}/{type}],methods=[POST]}" onto public java.lang.String com.yixin.star.searchController.testESSplit(java.lang.String,int,java.lang.String)
2018-09-07 10:50:05.312 11850 [restartedMain] INFO  o.s.w.s.m.m.a.RequestMappingHandlerMapping - Mapped "{[/starController/testAll],methods=[POST]}" onto public void com.yixin.star.searchController.testAll()
2018-09-07 10:50:05.321 11859 [restartedMain] INFO  o.s.w.s.m.m.a.RequestMappingHandlerMapping - Mapped "{[/error]}" onto public org.springframework.http.ResponseEntity<java.util.Map<java.lang.String, java.lang.Object>> org.springframework.boot.autoconfigure.web.servlet.error.BasicErrorController.error(javax.servlet.http.HttpServletRequest)
2018-09-07 10:50:05.323 11861 [restartedMain] INFO  o.s.w.s.m.m.a.RequestMappingHandlerMapping - Mapped "{[/error],produces=[text/html]}" onto public org.springframework.web.servlet.ModelAndView org.springframework.boot.autoconfigure.web.servlet.error.BasicErrorController.errorHtml(javax.servlet.http.HttpServletRequest,javax.servlet.http.HttpServletResponse)
2018-09-07 10:50:05.388 11926 [restartedMain] INFO  o.s.w.s.h.SimpleUrlHandlerMapping - Mapped URL path [/webjars/**] onto handler of type [class org.springframework.web.servlet.resource.ResourceHttpRequestHandler]
2018-09-07 10:50:05.389 11927 [restartedMain] INFO  o.s.w.s.h.SimpleUrlHandlerMapping - Mapped URL path [/**] onto handler of type [class org.springframework.web.servlet.resource.ResourceHttpRequestHandler]
2018-09-07 10:50:05.492 12030 [restartedMain] INFO  o.s.b.a.w.s.WelcomePageHandlerMapping - Adding welcome page: class path resource [static/index.html]
2018-09-07 10:50:06.250 12788 [restartedMain] INFO  o.s.b.d.a.OptionalLiveReloadServer - LiveReload server is running on port 35729
2018-09-07 10:50:06.329 12867 [restartedMain] INFO  o.s.j.e.a.AnnotationMBeanExporter - Registering beans for JMX exposure on startup
2018-09-07 10:50:06.336 12874 [restartedMain] INFO  o.s.j.e.a.AnnotationMBeanExporter - Bean with name 'dataSource' has been autodetected for JMX exposure
2018-09-07 10:50:06.351 12889 [restartedMain] INFO  o.s.j.e.a.AnnotationMBeanExporter - Located MBean 'dataSource': registering with JMX server as MBean [com.alibaba.druid.pool:name=dataSource,type=DruidDataSource]
2018-09-07 10:50:06.388 12926 [restartedMain] INFO  o.a.coyote.http11.Http11NioProtocol - Starting ProtocolHandler ["http-nio-8088"]
2018-09-07 10:50:06.440 12978 [restartedMain] INFO  o.a.tomcat.util.net.NioSelectorPool - Using a shared selector for servlet write/read
2018-09-07 10:50:06.527 13065 [restartedMain] INFO  o.s.b.w.e.tomcat.TomcatWebServer - Tomcat started on port(s): 8088 (http) with context path '/star-web'
2018-09-07 10:50:06.535 13073 [restartedMain] INFO  com.yixin.star.StardApplication - Started StardApplication in 11.619 seconds (JVM running for 14.315)
2018-09-07 10:51:04.034 70572 [http-nio-8088-exec-1] INFO  o.a.c.c.C.[.[localhost].[/star-web] - Initializing Spring FrameworkServlet 'dispatcherServlet'
2018-09-07 10:51:04.035 70573 [http-nio-8088-exec-1] INFO  o.s.web.servlet.DispatcherServlet - FrameworkServlet 'dispatcherServlet': initialization started
2018-09-07 10:51:04.078 70616 [http-nio-8088-exec-1] INFO  o.s.web.servlet.DispatcherServlet - FrameworkServlet 'dispatcherServlet': initialization completed in 43 ms
2018-09-07 10:51:10.993 77531 [http-nio-8088-exec-5] INFO  c.a.druid.pool.DruidDataSource - {dataSource-1} inited
