2018-09-21 10:41:56.222 6933 [restartedMain] INFO  com.yixin.star.StardApplication - Starting StardApplication on FCM4662 with PID 226580 (D:\IdeaProjects\yixin\stard\target\classes started by yinx in D:\IdeaProjects\yixin\stard)
2018-09-21 10:41:56.232 6943 [restartedMain] INFO  com.yixin.star.StardApplication - No active profile set, falling back to default profiles: default
2018-09-21 10:41:56.412 7123 [restartedMain] INFO  o.s.b.w.s.c.AnnotationConfigServletWebServerApplicationContext - Refreshing org.springframework.boot.web.servlet.context.AnnotationConfigServletWebServerApplicationContext@185d868a: startup date [Fri Sep 21 10:41:56 CST 2018]; root of context hierarchy
2018-09-21 10:42:05.467 16178 [restartedMain] INFO  o.s.b.w.e.tomcat.TomcatWebServer - Tomcat initialized with port(s): 8088 (http)
2018-09-21 10:42:05.777 16488 [restartedMain] INFO  o.a.coyote.http11.Http11NioProtocol - Initializing ProtocolHandler ["http-nio-8088"]
2018-09-21 10:42:05.796 16507 [restartedMain] INFO  o.a.catalina.core.StandardService - Starting service [Tomcat]
2018-09-21 10:42:05.796 16507 [restartedMain] INFO  o.a.catalina.core.StandardEngine - Starting Servlet Engine: Apache Tomcat/8.5.32
2018-09-21 10:42:05.814 16525 [localhost-startStop-1] INFO  o.a.c.core.AprLifecycleListener - The APR based Apache Tomcat Native library which allows optimal performance in production environments was not found on the java.library.path: [C:\Program Files\Java\JDK8\bin;C:\Windows\Sun\Java\bin;C:\Windows\system32;C:\Windows;C:\Program Files (x86)\Windows Resource Kits\Tools\;C:\Program Files\Java\JDK8\bin;C:\Program Files\Java\JDK8\jre\bin;C:\Program Files (x86)\Common Files\NetSarang;C:\Windows\system32;C:\Windows;C:\Windows\System32\Wbem;C:\Windows\System32\WindowsPowerShell\v1.0\;C:\Windows\System32\WindowsPowerShell\v1.0\;D:\Program\TortoiseSVN\bin;D:\Program\mysql-5.6.17-winx64\bin;C:\Program Files\nodejs\;d:\Program Files\Git\cmd;D:\Softwear\hadoop\hadoop-common-2.2.0-bin-master\bin;;C:\Program Files (x86)\Windows Resource Kits\Tools\;d:\Program Files (x86)\Microsoft VS Code\bin;D:\yinx\AppData\Roaming\npm;.]
2018-09-21 10:42:06.221 16932 [localhost-startStop-1] INFO  o.a.c.c.C.[.[localhost].[/star-web] - Initializing Spring embedded WebApplicationContext
2018-09-21 10:42:06.221 16932 [localhost-startStop-1] INFO  o.s.web.context.ContextLoader - Root WebApplicationContext: initialization completed in 9810 ms
2018-09-21 10:42:06.394 17105 [localhost-startStop-1] INFO  o.s.b.w.s.ServletRegistrationBean - Servlet dispatcherServlet mapped to [/]
2018-09-21 10:42:06.402 17113 [localhost-startStop-1] INFO  o.s.b.w.s.FilterRegistrationBean - Mapping filter: 'characterEncodingFilter' to: [/*]
2018-09-21 10:42:06.403 17114 [localhost-startStop-1] INFO  o.s.b.w.s.FilterRegistrationBean - Mapping filter: 'hiddenHttpMethodFilter' to: [/*]
2018-09-21 10:42:06.403 17114 [localhost-startStop-1] INFO  o.s.b.w.s.FilterRegistrationBean - Mapping filter: 'httpPutFormContentFilter' to: [/*]
2018-09-21 10:42:06.403 17114 [localhost-startStop-1] INFO  o.s.b.w.s.FilterRegistrationBean - Mapping filter: 'requestContextFilter' to: [/*]
2018-09-21 10:42:10.329 21040 [restartedMain] INFO  o.s.w.s.h.SimpleUrlHandlerMapping - Mapped URL path [/**/favicon.ico] onto handler of type [class org.springframework.web.servlet.resource.ResourceHttpRequestHandler]
2018-09-21 10:42:10.837 21548 [restartedMain] INFO  o.s.w.s.m.m.a.RequestMappingHandlerAdapter - Looking for @ControllerAdvice: org.springframework.boot.web.servlet.context.AnnotationConfigServletWebServerApplicationContext@185d868a: startup date [Fri Sep 21 10:41:56 CST 2018]; root of context hierarchy
2018-09-21 10:42:11.029 21740 [restartedMain] INFO  o.s.w.s.m.m.a.RequestMappingHandlerMapping - Mapped "{[/activeDictController/searchDictsByType],methods=[POST]}" onto public com.yixin.common.utils.InvokeResult<java.util.List<com.yixin.star.domain.ActiveDict>> com.yixin.star.controller.ActiveDictController.searchDictsByType(java.lang.String)
2018-09-21 10:42:11.049 21760 [restartedMain] INFO  o.s.w.s.m.m.a.RequestMappingHandlerMapping - Mapped "{[/activeDictController/findActiveDict],methods=[POST]}" onto public com.yixin.common.utils.InvokeResult<java.util.List<com.yixin.star.domain.ActiveDict>> com.yixin.star.controller.ActiveDictController.findActiveDict(java.lang.String)
2018-09-21 10:42:11.053 21764 [restartedMain] INFO  o.s.w.s.m.m.a.RequestMappingHandlerMapping - Mapped "{[/systemController/findSystems],methods=[POST]}" onto public com.yixin.common.utils.InvokeResult<java.util.List<com.yixin.star.domain.SystemConfig>> com.yixin.star.controller.SystemController.findAllSystem()
2018-09-21 10:42:11.061 21772 [restartedMain] INFO  o.s.w.s.m.m.a.RequestMappingHandlerMapping - Mapped "{[/systemController/getActiveNumCount],methods=[POST]}" onto public com.yixin.star.dto.EchartsDataDTO com.yixin.star.controller.SystemPerformanceController.getActiveNumCount()
2018-09-21 10:42:11.063 21774 [restartedMain] INFO  o.s.w.s.m.m.a.RequestMappingHandlerMapping - Mapped "{[/systemController/getOperateDateLengthCount],methods=[POST]}" onto public com.yixin.star.dto.EchartsDataDTO com.yixin.star.controller.SystemPerformanceController.getOperateDateLengthCount()
2018-09-21 10:42:11.063 21774 [restartedMain] INFO  o.s.w.s.m.m.a.RequestMappingHandlerMapping - Mapped "{[/systemController/getRequestFailCount],methods=[POST]}" onto public com.yixin.star.dto.EchartsDataDTO com.yixin.star.controller.SystemPerformanceController.getRequestFailCount()
2018-09-21 10:42:11.064 21775 [restartedMain] INFO  o.s.w.s.m.m.a.RequestMappingHandlerMapping - Mapped "{[/systemController/getTPCount],methods=[POST]}" onto public com.yixin.common.utils.InvokeResult<com.yixin.star.dto.EchartsDataDTO> com.yixin.star.controller.SystemPerformanceController.getTPCount(com.yixin.star.dto.RequestParamsDTO)
2018-09-21 10:42:11.066 21777 [restartedMain] INFO  o.s.w.s.m.m.a.RequestMappingHandlerMapping - Mapped "{[/systemController/getOverTopCount],methods=[POST]}" onto public com.yixin.star.dto.EchartsDataDTO com.yixin.star.controller.SystemPerformanceController.getOverTopCount()
2018-09-21 10:42:11.072 21783 [restartedMain] INFO  o.s.w.s.m.m.a.RequestMappingHandlerMapping - Mapped "{[/starController/insertES],methods=[POST]}" onto public void com.yixin.star.searchController.insertES()
2018-09-21 10:42:11.072 21783 [restartedMain] INFO  o.s.w.s.m.m.a.RequestMappingHandlerMapping - Mapped "{[/starController/findActionNum],methods=[POST]}" onto public int com.yixin.star.searchController.findActionNum(com.yixin.star.dto.EctActiveLogDTO)
2018-09-21 10:42:11.073 21784 [restartedMain] INFO  o.s.w.s.m.m.a.RequestMappingHandlerMapping - Mapped "{[/starController/testAll],methods=[POST]}" onto public void com.yixin.star.searchController.testAll()
2018-09-21 10:42:11.073 21784 [restartedMain] INFO  o.s.w.s.m.m.a.RequestMappingHandlerMapping - Mapped "{[/starController/testES/{index}/{minute}/{type}],methods=[POST]}" onto public java.lang.String com.yixin.star.searchController.testESSplit(java.lang.String,int,java.lang.String)
2018-09-21 10:42:11.074 21785 [restartedMain] INFO  o.s.w.s.m.m.a.RequestMappingHandlerMapping - Mapped "{[/starController/findNginx],methods=[POST]}" onto public void com.yixin.star.searchController.findNginx()
2018-09-21 10:42:11.086 21797 [restartedMain] INFO  o.s.w.s.m.m.a.RequestMappingHandlerMapping - Mapped "{[/error]}" onto public org.springframework.http.ResponseEntity<java.util.Map<java.lang.String, java.lang.Object>> org.springframework.boot.autoconfigure.web.servlet.error.BasicErrorController.error(javax.servlet.http.HttpServletRequest)
2018-09-21 10:42:11.087 21798 [restartedMain] INFO  o.s.w.s.m.m.a.RequestMappingHandlerMapping - Mapped "{[/error],produces=[text/html]}" onto public org.springframework.web.servlet.ModelAndView org.springframework.boot.autoconfigure.web.servlet.error.BasicErrorController.errorHtml(javax.servlet.http.HttpServletRequest,javax.servlet.http.HttpServletResponse)
2018-09-21 10:42:11.167 21878 [restartedMain] INFO  o.s.w.s.h.SimpleUrlHandlerMapping - Mapped URL path [/webjars/**] onto handler of type [class org.springframework.web.servlet.resource.ResourceHttpRequestHandler]
2018-09-21 10:42:11.168 21879 [restartedMain] INFO  o.s.w.s.h.SimpleUrlHandlerMapping - Mapped URL path [/**] onto handler of type [class org.springframework.web.servlet.resource.ResourceHttpRequestHandler]
2018-09-21 10:42:11.299 22010 [restartedMain] INFO  o.s.b.a.w.s.WelcomePageHandlerMapping - Adding welcome page: class path resource [static/index.html]
2018-09-21 10:42:12.201 22912 [restartedMain] INFO  o.s.b.d.a.OptionalLiveReloadServer - LiveReload server is running on port 35729
2018-09-21 10:42:12.267 22978 [restartedMain] INFO  o.s.j.e.a.AnnotationMBeanExporter - Registering beans for JMX exposure on startup
2018-09-21 10:42:12.273 22984 [restartedMain] INFO  o.s.j.e.a.AnnotationMBeanExporter - Bean with name 'dataSource' has been autodetected for JMX exposure
2018-09-21 10:42:12.286 22997 [restartedMain] INFO  o.s.j.e.a.AnnotationMBeanExporter - Located MBean 'dataSource': registering with JMX server as MBean [com.alibaba.druid.pool:name=dataSource,type=DruidDataSource]
2018-09-21 10:42:12.341 23052 [restartedMain] INFO  o.a.coyote.http11.Http11NioProtocol - Starting ProtocolHandler ["http-nio-8088"]
2018-09-21 10:42:12.791 23502 [restartedMain] INFO  o.a.tomcat.util.net.NioSelectorPool - Using a shared selector for servlet write/read
2018-09-21 10:42:13.521 24232 [restartedMain] INFO  o.s.b.w.e.tomcat.TomcatWebServer - Tomcat started on port(s): 8088 (http) with context path '/star-web'
2018-09-21 10:42:13.535 24246 [restartedMain] INFO  com.yixin.star.StardApplication - Started StardApplication in 21.525 seconds (JVM running for 25.521)
2018-09-21 10:42:39.910 50621 [http-nio-8088-exec-1] INFO  o.a.c.c.C.[.[localhost].[/star-web] - Initializing Spring FrameworkServlet 'dispatcherServlet'
2018-09-21 10:42:39.910 50621 [http-nio-8088-exec-1] INFO  o.s.web.servlet.DispatcherServlet - FrameworkServlet 'dispatcherServlet': initialization started
2018-09-21 10:42:39.955 50666 [http-nio-8088-exec-1] INFO  o.s.web.servlet.DispatcherServlet - FrameworkServlet 'dispatcherServlet': initialization completed in 44 ms
2018-09-21 10:42:46.668 57379 [http-nio-8088-exec-8] INFO  c.a.druid.pool.DruidDataSource - {dataSource-1} inited
2018-09-21 10:42:54.345 65056 [http-nio-8088-exec-10] INFO  c.y.s.s.i.SystemPerformanceServiceImpl - ===统计动作集合==
2018-09-21 10:42:54.469 65180 [pool-2-thread-1] INFO  c.y.s.s.i.SystemPerformanceServiceImpl - 0--开始查询--,参数：{"timestamp":null,"lteTimestamp":1537491900000,"gteTimestamp":1537491600000,"remote_IP":null,"time_local":null,"request":"","requestList":["getChannelNoByUserName"],"status_code":null,"size":null,"referer":null,"http_host":"yidaitong-web.yixincapital.com","reqs_body":null,"ssl_protocol":null,"ssl_cipher":null,"user_agent":null,"x_forward_for":null,"upstream_addr":null,"upstream_statcode":null,"upstream_resptime":null,"upstream_conttype":null,"mustNot":null,"respTimeSort":"DESC","indexName":"nginx_ws-proxy-2018-09-21","type":"logs","index":0,"tp":null,"source":"operateLen","resqlimit":null,"statusCodeList":null,"deviceIdentifier":null,"deviceType":null,"loanUserID":null}
2018-09-21 10:42:54.470 65181 [pool-2-thread-1] INFO  c.y.s.s.i.SystemPerformanceServiceImpl - ===操作时长开始统计
2018-09-21 10:42:54.477 65188 [pool-2-thread-4] INFO  c.y.s.s.i.SystemPerformanceServiceImpl - 3--开始查询--,参数：{"timestamp":null,"lteTimestamp":1537492800000,"gteTimestamp":1537492500000,"remote_IP":null,"time_local":null,"request":"","requestList":["getChannelNoByUserName"],"status_code":null,"size":null,"referer":null,"http_host":"yidaitong-web.yixincapital.com","reqs_body":null,"ssl_protocol":null,"ssl_cipher":null,"user_agent":null,"x_forward_for":null,"upstream_addr":null,"upstream_statcode":null,"upstream_resptime":null,"upstream_conttype":null,"mustNot":null,"respTimeSort":"DESC","indexName":"nginx_ws-proxy-2018-09-21","type":"logs","index":3,"tp":null,"source":"operateLen","resqlimit":null,"statusCodeList":null,"deviceIdentifier":null,"deviceType":null,"loanUserID":null}
2018-09-21 10:42:54.477 65188 [pool-2-thread-4] INFO  c.y.s.s.i.SystemPerformanceServiceImpl - ===操作时长开始统计
2018-09-21 10:42:54.478 65189 [pool-2-thread-2] INFO  c.y.s.s.i.SystemPerformanceServiceImpl - 1--开始查询--,参数：{"timestamp":null,"lteTimestamp":1537492200000,"gteTimestamp":1537491900000,"remote_IP":null,"time_local":null,"request":"","requestList":["getChannelNoByUserName"],"status_code":null,"size":null,"referer":null,"http_host":"yidaitong-web.yixincapital.com","reqs_body":null,"ssl_protocol":null,"ssl_cipher":null,"user_agent":null,"x_forward_for":null,"upstream_addr":null,"upstream_statcode":null,"upstream_resptime":null,"upstream_conttype":null,"mustNot":null,"respTimeSort":"DESC","indexName":"nginx_ws-proxy-2018-09-21","type":"logs","index":1,"tp":null,"source":"operateLen","resqlimit":null,"statusCodeList":null,"deviceIdentifier":null,"deviceType":null,"loanUserID":null}
2018-09-21 10:42:54.479 65190 [pool-2-thread-2] INFO  c.y.s.s.i.SystemPerformanceServiceImpl - ===操作时长开始统计
2018-09-21 10:42:54.505 65216 [pool-2-thread-3] INFO  c.y.s.s.i.SystemPerformanceServiceImpl - 2--开始查询--,参数：{"timestamp":null,"lteTimestamp":1537492500000,"gteTimestamp":1537492200000,"remote_IP":null,"time_local":null,"request":"","requestList":["getChannelNoByUserName"],"status_code":null,"size":null,"referer":null,"http_host":"yidaitong-web.yixincapital.com","reqs_body":null,"ssl_protocol":null,"ssl_cipher":null,"user_agent":null,"x_forward_for":null,"upstream_addr":null,"upstream_statcode":null,"upstream_resptime":null,"upstream_conttype":null,"mustNot":null,"respTimeSort":"DESC","indexName":"nginx_ws-proxy-2018-09-21","type":"logs","index":2,"tp":null,"source":"operateLen","resqlimit":null,"statusCodeList":null,"deviceIdentifier":null,"deviceType":null,"loanUserID":null}
2018-09-21 10:42:54.506 65217 [pool-2-thread-3] INFO  c.y.s.s.i.SystemPerformanceServiceImpl - ===操作时长开始统计
2018-09-21 10:43:13.989 84700 [pool-2-thread-1] ERROR com.yixin.star.ElasticClient - 根据动作id查询日志异常
java.net.ConnectException: Timeout connecting to [/192.168.145.161:9200]
	at org.apache.http.nio.pool.RouteSpecificPool.timeout(RouteSpecificPool.java:174)
	at org.apache.http.nio.pool.AbstractNIOConnPool.requestTimeout(AbstractNIOConnPool.java:629)
	at org.apache.http.nio.pool.AbstractNIOConnPool$InternalSessionRequestCallback.timeout(AbstractNIOConnPool.java:899)
	at org.apache.http.impl.nio.reactor.SessionRequestImpl.timeout(SessionRequestImpl.java:183)
	at org.apache.http.impl.nio.reactor.DefaultConnectingIOReactor.processTimeouts(DefaultConnectingIOReactor.java:210)
	at org.apache.http.impl.nio.reactor.DefaultConnectingIOReactor.processEvents(DefaultConnectingIOReactor.java:155)
	at org.apache.http.impl.nio.reactor.AbstractMultiworkerIOReactor.execute(AbstractMultiworkerIOReactor.java:348)
	at org.apache.http.impl.nio.conn.PoolingNHttpClientConnectionManager.execute(PoolingNHttpClientConnectionManager.java:194)
	at org.apache.http.impl.nio.client.CloseableHttpAsyncClientBase$1.run(CloseableHttpAsyncClientBase.java:64)
	at java.lang.Thread.run(Thread.java:748)
2018-09-21 10:43:13.990 84701 [pool-2-thread-1] ERROR c.y.s.s.i.SystemPerformanceServiceImpl - 执行过程出现异常
java.lang.NullPointerException: null
	at com.yixin.star.service.impl.SystemPerformanceServiceImpl.getOperateLenCount(SystemPerformanceServiceImpl.java:289)
	at com.yixin.star.service.impl.SystemPerformanceServiceImpl.access$300(SystemPerformanceServiceImpl.java:46)
	at com.yixin.star.service.impl.SystemPerformanceServiceImpl$TPThread.run(SystemPerformanceServiceImpl.java:184)
	at java.util.concurrent.ThreadPoolExecutor.runWorker(ThreadPoolExecutor.java:1142)
	at java.util.concurrent.ThreadPoolExecutor$Worker.run(ThreadPoolExecutor.java:617)
	at java.lang.Thread.run(Thread.java:748)
2018-09-21 10:44:02.995 133706 [pool-2-thread-3] ERROR com.yixin.star.ElasticClient - 根据动作id查询日志异常
java.io.IOException: listener timeout after waiting for [30000] ms
	at org.elasticsearch.client.RestClient$SyncResponseListener.get(RestClient.java:661)
	at org.elasticsearch.client.RestClient.performRequest(RestClient.java:220)
	at org.elasticsearch.client.RestClient.performRequest(RestClient.java:192)
	at org.elasticsearch.client.RestHighLevelClient.performRequest(RestHighLevelClient.java:428)
	at org.elasticsearch.client.RestHighLevelClient.performRequestAndParseEntity(RestHighLevelClient.java:414)
	at org.elasticsearch.client.RestHighLevelClient.search(RestHighLevelClient.java:355)
	at com.yixin.star.ElasticClient.searchByMuiltiParams(ElasticClient.java:251)
	at com.yixin.star.service.impl.SystemPerformanceServiceImpl.getOperateLenCount(SystemPerformanceServiceImpl.java:288)
	at com.yixin.star.service.impl.SystemPerformanceServiceImpl.access$300(SystemPerformanceServiceImpl.java:46)
	at com.yixin.star.service.impl.SystemPerformanceServiceImpl$TPThread.run(SystemPerformanceServiceImpl.java:184)
	at java.util.concurrent.ThreadPoolExecutor.runWorker(ThreadPoolExecutor.java:1142)
	at java.util.concurrent.ThreadPoolExecutor$Worker.run(ThreadPoolExecutor.java:617)
	at java.lang.Thread.run(Thread.java:748)
2018-09-21 10:44:02.996 133707 [pool-2-thread-3] ERROR c.y.s.s.i.SystemPerformanceServiceImpl - 执行过程出现异常
java.lang.NullPointerException: null
	at com.yixin.star.service.impl.SystemPerformanceServiceImpl.getOperateLenCount(SystemPerformanceServiceImpl.java:289)
	at com.yixin.star.service.impl.SystemPerformanceServiceImpl.access$300(SystemPerformanceServiceImpl.java:46)
	at com.yixin.star.service.impl.SystemPerformanceServiceImpl$TPThread.run(SystemPerformanceServiceImpl.java:184)
	at java.util.concurrent.ThreadPoolExecutor.runWorker(ThreadPoolExecutor.java:1142)
	at java.util.concurrent.ThreadPoolExecutor$Worker.run(ThreadPoolExecutor.java:617)
	at java.lang.Thread.run(Thread.java:748)
2018-09-21 10:44:02.999 133710 [pool-2-thread-3] INFO  c.y.s.s.i.SystemPerformanceServiceImpl - 5--开始查询--,参数：{"timestamp":null,"lteTimestamp":1537493400000,"gteTimestamp":1537493100000,"remote_IP":null,"time_local":null,"request":"","requestList":["getChannelNoByUserName"],"status_code":null,"size":null,"referer":null,"http_host":"yidaitong-web.yixincapital.com","reqs_body":null,"ssl_protocol":null,"ssl_cipher":null,"user_agent":null,"x_forward_for":null,"upstream_addr":null,"upstream_statcode":null,"upstream_resptime":null,"upstream_conttype":null,"mustNot":null,"respTimeSort":"DESC","indexName":"nginx_ws-proxy-2018-09-21","type":"logs","index":5,"tp":null,"source":"operateLen","resqlimit":null,"statusCodeList":null,"deviceIdentifier":null,"deviceType":null,"loanUserID":null}
2018-09-21 10:44:02.999 133710 [pool-2-thread-3] INFO  c.y.s.s.i.SystemPerformanceServiceImpl - ===操作时长开始统计
2018-09-21 10:44:03.019 133730 [pool-2-thread-1] INFO  c.y.s.s.i.SystemPerformanceServiceImpl - 4--开始查询--,参数：{"timestamp":null,"lteTimestamp":1537493100000,"gteTimestamp":1537492800000,"remote_IP":null,"time_local":null,"request":"","requestList":["getChannelNoByUserName"],"status_code":null,"size":null,"referer":null,"http_host":"yidaitong-web.yixincapital.com","reqs_body":null,"ssl_protocol":null,"ssl_cipher":null,"user_agent":null,"x_forward_for":null,"upstream_addr":null,"upstream_statcode":null,"upstream_resptime":null,"upstream_conttype":null,"mustNot":null,"respTimeSort":"DESC","indexName":"nginx_ws-proxy-2018-09-21","type":"logs","index":4,"tp":null,"source":"operateLen","resqlimit":null,"statusCodeList":null,"deviceIdentifier":null,"deviceType":null,"loanUserID":null}
2018-09-21 10:44:03.019 133730 [pool-2-thread-1] INFO  c.y.s.s.i.SystemPerformanceServiceImpl - ===操作时长开始统计
2018-09-21 10:44:03.021 133732 [pool-2-thread-4] ERROR com.yixin.star.ElasticClient - 根据动作id查询日志异常
java.io.IOException: listener timeout after waiting for [30000] ms
	at org.elasticsearch.client.RestClient$SyncResponseListener.get(RestClient.java:661)
	at org.elasticsearch.client.RestClient.performRequest(RestClient.java:220)
	at org.elasticsearch.client.RestClient.performRequest(RestClient.java:192)
	at org.elasticsearch.client.RestHighLevelClient.performRequest(RestHighLevelClient.java:428)
	at org.elasticsearch.client.RestHighLevelClient.performRequestAndParseEntity(RestHighLevelClient.java:414)
	at org.elasticsearch.client.RestHighLevelClient.search(RestHighLevelClient.java:355)
	at com.yixin.star.ElasticClient.searchByMuiltiParams(ElasticClient.java:251)
	at com.yixin.star.service.impl.SystemPerformanceServiceImpl.getOperateLenCount(SystemPerformanceServiceImpl.java:288)
	at com.yixin.star.service.impl.SystemPerformanceServiceImpl.access$300(SystemPerformanceServiceImpl.java:46)
	at com.yixin.star.service.impl.SystemPerformanceServiceImpl$TPThread.run(SystemPerformanceServiceImpl.java:184)
	at java.util.concurrent.ThreadPoolExecutor.runWorker(ThreadPoolExecutor.java:1142)
	at java.util.concurrent.ThreadPoolExecutor$Worker.run(ThreadPoolExecutor.java:617)
	at java.lang.Thread.run(Thread.java:748)
2018-09-21 10:44:03.022 133733 [pool-2-thread-4] ERROR c.y.s.s.i.SystemPerformanceServiceImpl - 执行过程出现异常
java.lang.NullPointerException: null
	at com.yixin.star.service.impl.SystemPerformanceServiceImpl.getOperateLenCount(SystemPerformanceServiceImpl.java:289)
	at com.yixin.star.service.impl.SystemPerformanceServiceImpl.access$300(SystemPerformanceServiceImpl.java:46)
	at com.yixin.star.service.impl.SystemPerformanceServiceImpl$TPThread.run(SystemPerformanceServiceImpl.java:184)
	at java.util.concurrent.ThreadPoolExecutor.runWorker(ThreadPoolExecutor.java:1142)
	at java.util.concurrent.ThreadPoolExecutor$Worker.run(ThreadPoolExecutor.java:617)
	at java.lang.Thread.run(Thread.java:748)
2018-09-21 10:44:08.329 139040 [pool-2-thread-1] INFO  com.yixin.star.ElasticClient - ++查询到日志信息=={"failedShards":0,"fragment":false,"hits":{"fragment":true,"hits":[],"maxScore":0.0,"totalHits":0},"numReducePhases":1,"profileResults":{},"shardFailures":[],"skippedShards":0,"successfulShards":0,"timedOut":false,"took":{"days":0,"daysFrac":1.1574074074074074E-8,"hours":0,"hoursFrac":2.7777777777777776E-7,"micros":1000,"microsFrac":1000.0,"millis":1,"millisFrac":1.0,"minutes":0,"minutesFrac":1.6666666666666667E-5,"nanos":1000000,"seconds":0,"secondsFrac":0.001,"stringRep":"1ms"},"totalShards":0}
2018-09-21 10:44:08.330 139041 [pool-2-thread-1] INFO  c.y.s.s.i.SystemPerformanceServiceImpl - --4--线程消耗时间--5311
2018-09-21 10:44:08.331 139042 [pool-2-thread-3] INFO  com.yixin.star.ElasticClient - ++查询到日志信息=={"failedShards":0,"fragment":false,"hits":{"fragment":true,"hits":[],"maxScore":0.0,"totalHits":0},"numReducePhases":1,"profileResults":{},"shardFailures":[],"skippedShards":0,"successfulShards":0,"timedOut":false,"took":{"days":0,"daysFrac":1.1574074074074074E-8,"hours":0,"hoursFrac":2.7777777777777776E-7,"micros":1000,"microsFrac":1000.0,"millis":1,"millisFrac":1.0,"minutes":0,"minutesFrac":1.6666666666666667E-5,"nanos":1000000,"seconds":0,"secondsFrac":0.001,"stringRep":"1ms"},"totalShards":0}
2018-09-21 10:44:08.331 139042 [pool-2-thread-3] INFO  c.y.s.s.i.SystemPerformanceServiceImpl - --5--线程消耗时间--5332
2018-09-21 10:44:08.332 139043 [pool-2-thread-2] INFO  com.yixin.star.ElasticClient - ++查询到日志信息=={"failedShards":0,"fragment":false,"hits":{"fragment":true,"hits":[],"maxScore":0.0,"totalHits":0},"numReducePhases":1,"profileResults":{},"shardFailures":[],"skippedShards":0,"successfulShards":0,"timedOut":false,"took":{"days":0,"daysFrac":1.1574074074074074E-8,"hours":0,"hoursFrac":2.7777777777777776E-7,"micros":1000,"microsFrac":1000.0,"millis":1,"millisFrac":1.0,"minutes":0,"minutesFrac":1.6666666666666667E-5,"nanos":1000000,"seconds":0,"secondsFrac":0.001,"stringRep":"1ms"},"totalShards":0}
2018-09-21 10:44:08.332 139043 [pool-2-thread-2] INFO  c.y.s.s.i.SystemPerformanceServiceImpl - --1--线程消耗时间--73853
2018-09-21 10:44:08.334 139045 [http-nio-8088-exec-10] INFO  c.y.s.s.i.SystemPerformanceServiceImpl - 查询完成，总耗时---74517
2018-09-21 11:20:32.473 7250 [restartedMain] INFO  com.yixin.star.StardApplication - Starting StardApplication on FCM4662 with PID 230624 (D:\IdeaProjects\yixin\stard\target\classes started by yinx in D:\IdeaProjects\yixin\stard)
2018-09-21 11:20:32.478 7255 [restartedMain] INFO  com.yixin.star.StardApplication - No active profile set, falling back to default profiles: default
2018-09-21 11:20:32.989 7766 [restartedMain] INFO  o.s.b.w.s.c.AnnotationConfigServletWebServerApplicationContext - Refreshing org.springframework.boot.web.servlet.context.AnnotationConfigServletWebServerApplicationContext@6e84e489: startup date [Fri Sep 21 11:20:32 CST 2018]; root of context hierarchy
2018-09-21 11:20:42.089 16866 [restartedMain] INFO  o.s.b.w.e.tomcat.TomcatWebServer - Tomcat initialized with port(s): 8088 (http)
2018-09-21 11:20:42.148 16925 [restartedMain] INFO  o.a.coyote.http11.Http11NioProtocol - Initializing ProtocolHandler ["http-nio-8088"]
2018-09-21 11:20:42.372 17149 [restartedMain] INFO  o.a.catalina.core.StandardService - Starting service [Tomcat]
2018-09-21 11:20:42.372 17149 [restartedMain] INFO  o.a.catalina.core.StandardEngine - Starting Servlet Engine: Apache Tomcat/8.5.32
2018-09-21 11:20:42.401 17178 [localhost-startStop-1] INFO  o.a.c.core.AprLifecycleListener - The APR based Apache Tomcat Native library which allows optimal performance in production environments was not found on the java.library.path: [C:\Program Files\Java\JDK8\bin;C:\Windows\Sun\Java\bin;C:\Windows\system32;C:\Windows;C:\Program Files (x86)\Windows Resource Kits\Tools\;C:\Program Files\Java\JDK8\bin;C:\Program Files\Java\JDK8\jre\bin;C:\Program Files (x86)\Common Files\NetSarang;C:\Windows\system32;C:\Windows;C:\Windows\System32\Wbem;C:\Windows\System32\WindowsPowerShell\v1.0\;C:\Windows\System32\WindowsPowerShell\v1.0\;D:\Program\TortoiseSVN\bin;D:\Program\mysql-5.6.17-winx64\bin;C:\Program Files\nodejs\;d:\Program Files\Git\cmd;D:\Softwear\hadoop\hadoop-common-2.2.0-bin-master\bin;;C:\Program Files (x86)\Windows Resource Kits\Tools\;d:\Program Files (x86)\Microsoft VS Code\bin;D:\yinx\AppData\Roaming\npm;.]
2018-09-21 11:20:42.802 17579 [localhost-startStop-1] INFO  o.a.c.c.C.[.[localhost].[/star-web] - Initializing Spring embedded WebApplicationContext
2018-09-21 11:20:42.802 17579 [localhost-startStop-1] INFO  o.s.web.context.ContextLoader - Root WebApplicationContext: initialization completed in 9813 ms
2018-09-21 11:20:43.003 17780 [localhost-startStop-1] INFO  o.s.b.w.s.ServletRegistrationBean - Servlet dispatcherServlet mapped to [/]
2018-09-21 11:20:43.012 17789 [localhost-startStop-1] INFO  o.s.b.w.s.FilterRegistrationBean - Mapping filter: 'characterEncodingFilter' to: [/*]
2018-09-21 11:20:43.013 17790 [localhost-startStop-1] INFO  o.s.b.w.s.FilterRegistrationBean - Mapping filter: 'hiddenHttpMethodFilter' to: [/*]
2018-09-21 11:20:43.014 17791 [localhost-startStop-1] INFO  o.s.b.w.s.FilterRegistrationBean - Mapping filter: 'httpPutFormContentFilter' to: [/*]
2018-09-21 11:20:43.014 17791 [localhost-startStop-1] INFO  o.s.b.w.s.FilterRegistrationBean - Mapping filter: 'requestContextFilter' to: [/*]
2018-09-21 11:20:47.831 22608 [restartedMain] INFO  o.s.w.s.h.SimpleUrlHandlerMapping - Mapped URL path [/**/favicon.ico] onto handler of type [class org.springframework.web.servlet.resource.ResourceHttpRequestHandler]
2018-09-21 11:20:48.416 23193 [restartedMain] INFO  o.s.w.s.m.m.a.RequestMappingHandlerAdapter - Looking for @ControllerAdvice: org.springframework.boot.web.servlet.context.AnnotationConfigServletWebServerApplicationContext@6e84e489: startup date [Fri Sep 21 11:20:32 CST 2018]; root of context hierarchy
2018-09-21 11:20:48.562 23339 [restartedMain] INFO  o.s.w.s.m.m.a.RequestMappingHandlerMapping - Mapped "{[/activeDictController/findActiveDict],methods=[POST]}" onto public com.yixin.common.utils.InvokeResult<java.util.List<com.yixin.star.domain.ActiveDict>> com.yixin.star.controller.ActiveDictController.findActiveDict(java.lang.String)
2018-09-21 11:20:48.564 23341 [restartedMain] INFO  o.s.w.s.m.m.a.RequestMappingHandlerMapping - Mapped "{[/activeDictController/searchDictsByType],methods=[POST]}" onto public com.yixin.common.utils.InvokeResult<java.util.List<com.yixin.star.domain.ActiveDict>> com.yixin.star.controller.ActiveDictController.searchDictsByType(java.lang.String)
2018-09-21 11:20:48.569 23346 [restartedMain] INFO  o.s.w.s.m.m.a.RequestMappingHandlerMapping - Mapped "{[/systemController/findSystems],methods=[POST]}" onto public com.yixin.common.utils.InvokeResult<java.util.List<com.yixin.star.domain.SystemConfig>> com.yixin.star.controller.SystemController.findAllSystem()
2018-09-21 11:20:48.574 23351 [restartedMain] INFO  o.s.w.s.m.m.a.RequestMappingHandlerMapping - Mapped "{[/systemController/getTPCount],methods=[POST]}" onto public com.yixin.common.utils.InvokeResult<com.yixin.star.dto.EchartsDataDTO> com.yixin.star.controller.SystemPerformanceController.getTPCount(com.yixin.star.dto.RequestParamsDTO)
2018-09-21 11:20:48.575 23352 [restartedMain] INFO  o.s.w.s.m.m.a.RequestMappingHandlerMapping - Mapped "{[/systemController/getOverTopCount],methods=[POST]}" onto public com.yixin.star.dto.EchartsDataDTO com.yixin.star.controller.SystemPerformanceController.getOverTopCount()
2018-09-21 11:20:48.576 23353 [restartedMain] INFO  o.s.w.s.m.m.a.RequestMappingHandlerMapping - Mapped "{[/systemController/getActiveNumCount],methods=[POST]}" onto public com.yixin.star.dto.EchartsDataDTO com.yixin.star.controller.SystemPerformanceController.getActiveNumCount()
2018-09-21 11:20:48.577 23354 [restartedMain] INFO  o.s.w.s.m.m.a.RequestMappingHandlerMapping - Mapped "{[/systemController/getOperateDateLengthCount],methods=[POST]}" onto public com.yixin.star.dto.EchartsDataDTO com.yixin.star.controller.SystemPerformanceController.getOperateDateLengthCount()
2018-09-21 11:20:48.578 23355 [restartedMain] INFO  o.s.w.s.m.m.a.RequestMappingHandlerMapping - Mapped "{[/systemController/getRequestFailCount],methods=[POST]}" onto public com.yixin.star.dto.EchartsDataDTO com.yixin.star.controller.SystemPerformanceController.getRequestFailCount()
2018-09-21 11:20:48.588 23365 [restartedMain] INFO  o.s.w.s.m.m.a.RequestMappingHandlerMapping - Mapped "{[/starController/testAll],methods=[POST]}" onto public void com.yixin.star.searchController.testAll()
2018-09-21 11:20:48.589 23366 [restartedMain] INFO  o.s.w.s.m.m.a.RequestMappingHandlerMapping - Mapped "{[/starController/findNginx],methods=[POST]}" onto public void com.yixin.star.searchController.findNginx()
2018-09-21 11:20:48.589 23366 [restartedMain] INFO  o.s.w.s.m.m.a.RequestMappingHandlerMapping - Mapped "{[/starController/testES/{index}/{minute}/{type}],methods=[POST]}" onto public java.lang.String com.yixin.star.searchController.testESSplit(java.lang.String,int,java.lang.String)
2018-09-21 11:20:48.593 23370 [restartedMain] INFO  o.s.w.s.m.m.a.RequestMappingHandlerMapping - Mapped "{[/starController/insertES],methods=[POST]}" onto public void com.yixin.star.searchController.insertES()
2018-09-21 11:20:48.594 23371 [restartedMain] INFO  o.s.w.s.m.m.a.RequestMappingHandlerMapping - Mapped "{[/starController/findActionNum],methods=[POST]}" onto public int com.yixin.star.searchController.findActionNum(com.yixin.star.dto.EctActiveLogDTO)
2018-09-21 11:20:48.602 23379 [restartedMain] INFO  o.s.w.s.m.m.a.RequestMappingHandlerMapping - Mapped "{[/error]}" onto public org.springframework.http.ResponseEntity<java.util.Map<java.lang.String, java.lang.Object>> org.springframework.boot.autoconfigure.web.servlet.error.BasicErrorController.error(javax.servlet.http.HttpServletRequest)
2018-09-21 11:20:48.612 23389 [restartedMain] INFO  o.s.w.s.m.m.a.RequestMappingHandlerMapping - Mapped "{[/error],produces=[text/html]}" onto public org.springframework.web.servlet.ModelAndView org.springframework.boot.autoconfigure.web.servlet.error.BasicErrorController.errorHtml(javax.servlet.http.HttpServletRequest,javax.servlet.http.HttpServletResponse)
2018-09-21 11:20:48.707 23484 [restartedMain] INFO  o.s.w.s.h.SimpleUrlHandlerMapping - Mapped URL path [/webjars/**] onto handler of type [class org.springframework.web.servlet.resource.ResourceHttpRequestHandler]
2018-09-21 11:20:48.710 23487 [restartedMain] INFO  o.s.w.s.h.SimpleUrlHandlerMapping - Mapped URL path [/**] onto handler of type [class org.springframework.web.servlet.resource.ResourceHttpRequestHandler]
2018-09-21 11:20:48.857 23634 [restartedMain] INFO  o.s.b.a.w.s.WelcomePageHandlerMapping - Adding welcome page: class path resource [static/index.html]
2018-09-21 11:20:49.766 24543 [restartedMain] INFO  o.s.b.d.a.OptionalLiveReloadServer - LiveReload server is running on port 35729
2018-09-21 11:20:49.836 24613 [restartedMain] INFO  o.s.j.e.a.AnnotationMBeanExporter - Registering beans for JMX exposure on startup
2018-09-21 11:20:49.838 24615 [restartedMain] INFO  o.s.j.e.a.AnnotationMBeanExporter - Bean with name 'dataSource' has been autodetected for JMX exposure
2018-09-21 11:20:49.847 24624 [restartedMain] INFO  o.s.j.e.a.AnnotationMBeanExporter - Located MBean 'dataSource': registering with JMX server as MBean [com.alibaba.druid.pool:name=dataSource,type=DruidDataSource]
2018-09-21 11:20:49.901 24678 [restartedMain] INFO  o.a.coyote.http11.Http11NioProtocol - Starting ProtocolHandler ["http-nio-8088"]
2018-09-21 11:20:50.243 25020 [restartedMain] INFO  o.a.tomcat.util.net.NioSelectorPool - Using a shared selector for servlet write/read
2018-09-21 11:20:51.493 26270 [restartedMain] INFO  o.s.b.w.e.tomcat.TomcatWebServer - Tomcat started on port(s): 8088 (http) with context path '/star-web'
2018-09-21 11:20:51.502 26279 [restartedMain] INFO  com.yixin.star.StardApplication - Started StardApplication in 23.587 seconds (JVM running for 27.648)
2018-09-21 11:21:01.185 35962 [http-nio-8088-exec-2] INFO  o.a.c.c.C.[.[localhost].[/star-web] - Initializing Spring FrameworkServlet 'dispatcherServlet'
2018-09-21 11:21:01.186 35963 [http-nio-8088-exec-2] INFO  o.s.web.servlet.DispatcherServlet - FrameworkServlet 'dispatcherServlet': initialization started
2018-09-21 11:21:01.252 36029 [http-nio-8088-exec-2] INFO  o.s.web.servlet.DispatcherServlet - FrameworkServlet 'dispatcherServlet': initialization completed in 66 ms
2018-09-21 11:21:01.707 36484 [http-nio-8088-exec-2] INFO  c.a.druid.pool.DruidDataSource - {dataSource-1} inited
2018-09-21 11:21:12.603 47380 [http-nio-8088-exec-8] INFO  c.y.s.s.i.SystemPerformanceServiceImpl - ===统计动作集合==
2018-09-21 11:21:12.676 47453 [pool-2-thread-4] INFO  c.y.s.s.i.SystemPerformanceServiceImpl - 3--开始查询--,参数：{"timestamp":null,"lteTimestamp":1537406400000,"gteTimestamp":1537406100000,"remote_IP":null,"time_local":null,"request":"","requestList":["getChannelNoByUserName","getChannelNoByUserID"],"status_code":null,"size":null,"referer":null,"http_host":"yidaitong-web.yixincapital.com","reqs_body":null,"ssl_protocol":null,"ssl_cipher":null,"user_agent":null,"x_forward_for":null,"upstream_addr":null,"upstream_statcode":null,"upstream_resptime":null,"upstream_conttype":null,"mustNot":null,"respTimeSort":"DESC","indexName":"nginx_ws-proxy-2018-09-20","type":"logs","index":3,"tp":null,"source":"operateLen","resqlimit":null,"statusCodeList":null,"deviceType":null,"loanUserID":null,"deviceIdentifier":null}
2018-09-21 11:21:12.676 47453 [pool-2-thread-1] INFO  c.y.s.s.i.SystemPerformanceServiceImpl - 0--开始查询--,参数：{"timestamp":null,"lteTimestamp":1537405500000,"gteTimestamp":1537405200000,"remote_IP":null,"time_local":null,"request":"","requestList":["getChannelNoByUserName","getChannelNoByUserID"],"status_code":null,"size":null,"referer":null,"http_host":"yidaitong-web.yixincapital.com","reqs_body":null,"ssl_protocol":null,"ssl_cipher":null,"user_agent":null,"x_forward_for":null,"upstream_addr":null,"upstream_statcode":null,"upstream_resptime":null,"upstream_conttype":null,"mustNot":null,"respTimeSort":"DESC","indexName":"nginx_ws-proxy-2018-09-20","type":"logs","index":0,"tp":null,"source":"operateLen","resqlimit":null,"statusCodeList":null,"deviceType":null,"loanUserID":null,"deviceIdentifier":null}
2018-09-21 11:21:12.676 47453 [pool-2-thread-4] INFO  c.y.s.s.i.SystemPerformanceServiceImpl - ===操作时长开始统计
2018-09-21 11:21:12.676 47453 [pool-2-thread-1] INFO  c.y.s.s.i.SystemPerformanceServiceImpl - ===操作时长开始统计
2018-09-21 11:21:12.675 47452 [pool-2-thread-2] INFO  c.y.s.s.i.SystemPerformanceServiceImpl - 1--开始查询--,参数：{"timestamp":null,"lteTimestamp":1537405800000,"gteTimestamp":1537405500000,"remote_IP":null,"time_local":null,"request":"","requestList":["getChannelNoByUserName","getChannelNoByUserID"],"status_code":null,"size":null,"referer":null,"http_host":"yidaitong-web.yixincapital.com","reqs_body":null,"ssl_protocol":null,"ssl_cipher":null,"user_agent":null,"x_forward_for":null,"upstream_addr":null,"upstream_statcode":null,"upstream_resptime":null,"upstream_conttype":null,"mustNot":null,"respTimeSort":"DESC","indexName":"nginx_ws-proxy-2018-09-20","type":"logs","index":1,"tp":null,"source":"operateLen","resqlimit":null,"statusCodeList":null,"deviceType":null,"loanUserID":null,"deviceIdentifier":null}
2018-09-21 11:21:12.677 47454 [pool-2-thread-2] INFO  c.y.s.s.i.SystemPerformanceServiceImpl - ===操作时长开始统计
2018-09-21 11:21:12.678 47455 [pool-2-thread-3] INFO  c.y.s.s.i.SystemPerformanceServiceImpl - 2--开始查询--,参数：{"timestamp":null,"lteTimestamp":1537406100000,"gteTimestamp":1537405800000,"remote_IP":null,"time_local":null,"request":"","requestList":["getChannelNoByUserName","getChannelNoByUserID"],"status_code":null,"size":null,"referer":null,"http_host":"yidaitong-web.yixincapital.com","reqs_body":null,"ssl_protocol":null,"ssl_cipher":null,"user_agent":null,"x_forward_for":null,"upstream_addr":null,"upstream_statcode":null,"upstream_resptime":null,"upstream_conttype":null,"mustNot":null,"respTimeSort":"DESC","indexName":"nginx_ws-proxy-2018-09-20","type":"logs","index":2,"tp":null,"source":"operateLen","resqlimit":null,"statusCodeList":null,"deviceType":null,"loanUserID":null,"deviceIdentifier":null}
2018-09-21 11:21:12.678 47455 [pool-2-thread-3] INFO  c.y.s.s.i.SystemPerformanceServiceImpl - ===操作时长开始统计
2018-09-21 11:21:21.914 56691 [pool-2-thread-5] INFO  c.y.s.s.i.SystemPerformanceServiceImpl - 5--开始查询--,参数：{"timestamp":null,"lteTimestamp":1537407000000,"gteTimestamp":1537406700000,"remote_IP":null,"time_local":null,"request":"","requestList":["getChannelNoByUserName","getChannelNoByUserID"],"status_code":null,"size":null,"referer":null,"http_host":"yidaitong-web.yixincapital.com","reqs_body":null,"ssl_protocol":null,"ssl_cipher":null,"user_agent":null,"x_forward_for":null,"upstream_addr":null,"upstream_statcode":null,"upstream_resptime":null,"upstream_conttype":null,"mustNot":null,"respTimeSort":"DESC","indexName":"nginx_ws-proxy-2018-09-20","type":"logs","index":5,"tp":null,"source":"operateLen","resqlimit":null,"statusCodeList":null,"deviceType":null,"loanUserID":null,"deviceIdentifier":null}
2018-09-21 11:21:21.915 56692 [pool-2-thread-5] INFO  c.y.s.s.i.SystemPerformanceServiceImpl - ===操作时长开始统计
2018-09-21 11:21:21.922 56699 [pool-2-thread-6] INFO  c.y.s.s.i.SystemPerformanceServiceImpl - 4--开始查询--,参数：{"timestamp":null,"lteTimestamp":1537406700000,"gteTimestamp":1537406400000,"remote_IP":null,"time_local":null,"request":"","requestList":["getChannelNoByUserName","getChannelNoByUserID"],"status_code":null,"size":null,"referer":null,"http_host":"yidaitong-web.yixincapital.com","reqs_body":null,"ssl_protocol":null,"ssl_cipher":null,"user_agent":null,"x_forward_for":null,"upstream_addr":null,"upstream_statcode":null,"upstream_resptime":null,"upstream_conttype":null,"mustNot":null,"respTimeSort":"DESC","indexName":"nginx_ws-proxy-2018-09-20","type":"logs","index":4,"tp":null,"source":"operateLen","resqlimit":null,"statusCodeList":null,"deviceType":null,"loanUserID":null,"deviceIdentifier":null}
2018-09-21 11:21:21.923 56700 [pool-2-thread-6] INFO  c.y.s.s.i.SystemPerformanceServiceImpl - ===操作时长开始统计
2018-09-21 11:22:07.395 102172 [http-nio-8088-exec-8] INFO  c.y.s.s.i.SystemPerformanceServiceImpl - 查询完成，总耗时---54854
2018-09-21 11:24:50.155 7143 [restartedMain] INFO  com.yixin.star.StardApplication - Starting StardApplication on FCM4662 with PID 230284 (D:\IdeaProjects\yixin\stard\target\classes started by yinx in D:\IdeaProjects\yixin\stard)
2018-09-21 11:24:50.161 7149 [restartedMain] INFO  com.yixin.star.StardApplication - No active profile set, falling back to default profiles: default
2018-09-21 11:24:50.298 7286 [restartedMain] INFO  o.s.b.w.s.c.AnnotationConfigServletWebServerApplicationContext - Refreshing org.springframework.boot.web.servlet.context.AnnotationConfigServletWebServerApplicationContext@7cefad09: startup date [Fri Sep 21 11:24:50 CST 2018]; root of context hierarchy
2018-09-21 11:24:59.717 16705 [restartedMain] INFO  o.s.b.w.e.tomcat.TomcatWebServer - Tomcat initialized with port(s): 8088 (http)
2018-09-21 11:25:00.062 17050 [restartedMain] INFO  o.a.coyote.http11.Http11NioProtocol - Initializing ProtocolHandler ["http-nio-8088"]
2018-09-21 11:25:00.090 17078 [restartedMain] INFO  o.a.catalina.core.StandardService - Starting service [Tomcat]
2018-09-21 11:25:00.091 17079 [restartedMain] INFO  o.a.catalina.core.StandardEngine - Starting Servlet Engine: Apache Tomcat/8.5.32
2018-09-21 11:25:00.308 17296 [localhost-startStop-1] INFO  o.a.c.core.AprLifecycleListener - The APR based Apache Tomcat Native library which allows optimal performance in production environments was not found on the java.library.path: [C:\Program Files\Java\JDK8\bin;C:\Windows\Sun\Java\bin;C:\Windows\system32;C:\Windows;C:\Program Files (x86)\Windows Resource Kits\Tools\;C:\Program Files\Java\JDK8\bin;C:\Program Files\Java\JDK8\jre\bin;C:\Program Files (x86)\Common Files\NetSarang;C:\Windows\system32;C:\Windows;C:\Windows\System32\Wbem;C:\Windows\System32\WindowsPowerShell\v1.0\;C:\Windows\System32\WindowsPowerShell\v1.0\;D:\Program\TortoiseSVN\bin;D:\Program\mysql-5.6.17-winx64\bin;C:\Program Files\nodejs\;d:\Program Files\Git\cmd;D:\Softwear\hadoop\hadoop-common-2.2.0-bin-master\bin;;C:\Program Files (x86)\Windows Resource Kits\Tools\;d:\Program Files (x86)\Microsoft VS Code\bin;D:\yinx\AppData\Roaming\npm;.]
2018-09-21 11:25:01.081 18069 [localhost-startStop-1] INFO  o.a.c.c.C.[.[localhost].[/star-web] - Initializing Spring embedded WebApplicationContext
2018-09-21 11:25:01.082 18070 [localhost-startStop-1] INFO  o.s.web.context.ContextLoader - Root WebApplicationContext: initialization completed in 10784 ms
2018-09-21 11:25:01.311 18299 [localhost-startStop-1] INFO  o.s.b.w.s.ServletRegistrationBean - Servlet dispatcherServlet mapped to [/]
2018-09-21 11:25:01.318 18306 [localhost-startStop-1] INFO  o.s.b.w.s.FilterRegistrationBean - Mapping filter: 'characterEncodingFilter' to: [/*]
2018-09-21 11:25:01.319 18307 [localhost-startStop-1] INFO  o.s.b.w.s.FilterRegistrationBean - Mapping filter: 'hiddenHttpMethodFilter' to: [/*]
2018-09-21 11:25:01.319 18307 [localhost-startStop-1] INFO  o.s.b.w.s.FilterRegistrationBean - Mapping filter: 'httpPutFormContentFilter' to: [/*]
2018-09-21 11:25:01.320 18308 [localhost-startStop-1] INFO  o.s.b.w.s.FilterRegistrationBean - Mapping filter: 'requestContextFilter' to: [/*]
2018-09-21 11:25:04.015 21003 [restartedMain] INFO  o.s.w.s.h.SimpleUrlHandlerMapping - Mapped URL path [/**/favicon.ico] onto handler of type [class org.springframework.web.servlet.resource.ResourceHttpRequestHandler]
2018-09-21 11:25:04.489 21477 [restartedMain] INFO  o.s.w.s.m.m.a.RequestMappingHandlerAdapter - Looking for @ControllerAdvice: org.springframework.boot.web.servlet.context.AnnotationConfigServletWebServerApplicationContext@7cefad09: startup date [Fri Sep 21 11:24:50 CST 2018]; root of context hierarchy
2018-09-21 11:25:04.649 21637 [restartedMain] INFO  o.s.w.s.m.m.a.RequestMappingHandlerMapping - Mapped "{[/activeDictController/findActiveDict],methods=[POST]}" onto public com.yixin.common.utils.InvokeResult<java.util.List<com.yixin.star.domain.ActiveDict>> com.yixin.star.controller.ActiveDictController.findActiveDict(java.lang.String)
2018-09-21 11:25:04.651 21639 [restartedMain] INFO  o.s.w.s.m.m.a.RequestMappingHandlerMapping - Mapped "{[/activeDictController/searchDictsByType],methods=[POST]}" onto public com.yixin.common.utils.InvokeResult<java.util.List<com.yixin.star.domain.ActiveDict>> com.yixin.star.controller.ActiveDictController.searchDictsByType(java.lang.String)
2018-09-21 11:25:04.654 21642 [restartedMain] INFO  o.s.w.s.m.m.a.RequestMappingHandlerMapping - Mapped "{[/systemController/findSystems],methods=[POST]}" onto public com.yixin.common.utils.InvokeResult<java.util.List<com.yixin.star.domain.SystemConfig>> com.yixin.star.controller.SystemController.findAllSystem()
2018-09-21 11:25:04.661 21649 [restartedMain] INFO  o.s.w.s.m.m.a.RequestMappingHandlerMapping - Mapped "{[/systemController/getTPCount],methods=[POST]}" onto public com.yixin.common.utils.InvokeResult<com.yixin.star.dto.EchartsDataDTO> com.yixin.star.controller.SystemPerformanceController.getTPCount(com.yixin.star.dto.RequestParamsDTO)
2018-09-21 11:25:04.662 21650 [restartedMain] INFO  o.s.w.s.m.m.a.RequestMappingHandlerMapping - Mapped "{[/systemController/getOverTopCount],methods=[POST]}" onto public com.yixin.star.dto.EchartsDataDTO com.yixin.star.controller.SystemPerformanceController.getOverTopCount()
2018-09-21 11:25:04.663 21651 [restartedMain] INFO  o.s.w.s.m.m.a.RequestMappingHandlerMapping - Mapped "{[/systemController/getActiveNumCount],methods=[POST]}" onto public com.yixin.star.dto.EchartsDataDTO com.yixin.star.controller.SystemPerformanceController.getActiveNumCount()
2018-09-21 11:25:04.664 21652 [restartedMain] INFO  o.s.w.s.m.m.a.RequestMappingHandlerMapping - Mapped "{[/systemController/getOperateDateLengthCount],methods=[POST]}" onto public com.yixin.star.dto.EchartsDataDTO com.yixin.star.controller.SystemPerformanceController.getOperateDateLengthCount()
2018-09-21 11:25:04.666 21654 [restartedMain] INFO  o.s.w.s.m.m.a.RequestMappingHandlerMapping - Mapped "{[/systemController/getRequestFailCount],methods=[POST]}" onto public com.yixin.star.dto.EchartsDataDTO com.yixin.star.controller.SystemPerformanceController.getRequestFailCount()
2018-09-21 11:25:04.678 21666 [restartedMain] INFO  o.s.w.s.m.m.a.RequestMappingHandlerMapping - Mapped "{[/starController/testAll],methods=[POST]}" onto public void com.yixin.star.searchController.testAll()
2018-09-21 11:25:04.678 21666 [restartedMain] INFO  o.s.w.s.m.m.a.RequestMappingHandlerMapping - Mapped "{[/starController/findNginx],methods=[POST]}" onto public void com.yixin.star.searchController.findNginx()
2018-09-21 11:25:04.679 21667 [restartedMain] INFO  o.s.w.s.m.m.a.RequestMappingHandlerMapping - Mapped "{[/starController/testES/{index}/{minute}/{type}],methods=[POST]}" onto public java.lang.String com.yixin.star.searchController.testESSplit(java.lang.String,int,java.lang.String)
2018-09-21 11:25:04.680 21668 [restartedMain] INFO  o.s.w.s.m.m.a.RequestMappingHandlerMapping - Mapped "{[/starController/insertES],methods=[POST]}" onto public void com.yixin.star.searchController.insertES()
2018-09-21 11:25:04.685 21673 [restartedMain] INFO  o.s.w.s.m.m.a.RequestMappingHandlerMapping - Mapped "{[/starController/findActionNum],methods=[POST]}" onto public int com.yixin.star.searchController.findActionNum(com.yixin.star.dto.EctActiveLogDTO)
2018-09-21 11:25:04.692 21680 [restartedMain] INFO  o.s.w.s.m.m.a.RequestMappingHandlerMapping - Mapped "{[/error]}" onto public org.springframework.http.ResponseEntity<java.util.Map<java.lang.String, java.lang.Object>> org.springframework.boot.autoconfigure.web.servlet.error.BasicErrorController.error(javax.servlet.http.HttpServletRequest)
2018-09-21 11:25:04.694 21682 [restartedMain] INFO  o.s.w.s.m.m.a.RequestMappingHandlerMapping - Mapped "{[/error],produces=[text/html]}" onto public org.springframework.web.servlet.ModelAndView org.springframework.boot.autoconfigure.web.servlet.error.BasicErrorController.errorHtml(javax.servlet.http.HttpServletRequest,javax.servlet.http.HttpServletResponse)
2018-09-21 11:25:04.765 21753 [restartedMain] INFO  o.s.w.s.h.SimpleUrlHandlerMapping - Mapped URL path [/webjars/**] onto handler of type [class org.springframework.web.servlet.resource.ResourceHttpRequestHandler]
2018-09-21 11:25:04.766 21754 [restartedMain] INFO  o.s.w.s.h.SimpleUrlHandlerMapping - Mapped URL path [/**] onto handler of type [class org.springframework.web.servlet.resource.ResourceHttpRequestHandler]
2018-09-21 11:25:04.883 21871 [restartedMain] INFO  o.s.b.a.w.s.WelcomePageHandlerMapping - Adding welcome page: class path resource [static/index.html]
2018-09-21 11:25:05.664 22652 [restartedMain] INFO  o.s.b.d.a.OptionalLiveReloadServer - LiveReload server is running on port 35729
2018-09-21 11:25:05.741 22729 [restartedMain] INFO  o.s.j.e.a.AnnotationMBeanExporter - Registering beans for JMX exposure on startup
2018-09-21 11:25:05.744 22732 [restartedMain] INFO  o.s.j.e.a.AnnotationMBeanExporter - Bean with name 'dataSource' has been autodetected for JMX exposure
2018-09-21 11:25:05.754 22742 [restartedMain] INFO  o.s.j.e.a.AnnotationMBeanExporter - Located MBean 'dataSource': registering with JMX server as MBean [com.alibaba.druid.pool:name=dataSource,type=DruidDataSource]
2018-09-21 11:25:05.777 22765 [restartedMain] INFO  o.a.coyote.http11.Http11NioProtocol - Starting ProtocolHandler ["http-nio-8088"]
2018-09-21 11:25:06.573 23561 [restartedMain] INFO  o.a.tomcat.util.net.NioSelectorPool - Using a shared selector for servlet write/read
2018-09-21 11:25:07.199 24187 [restartedMain] INFO  o.s.b.w.e.tomcat.TomcatWebServer - Tomcat started on port(s): 8088 (http) with context path '/star-web'
2018-09-21 11:25:07.212 24200 [restartedMain] INFO  com.yixin.star.StardApplication - Started StardApplication in 21.89 seconds (JVM running for 25.868)
2018-09-21 11:25:17.182 34170 [http-nio-8088-exec-1] INFO  o.a.c.c.C.[.[localhost].[/star-web] - Initializing Spring FrameworkServlet 'dispatcherServlet'
2018-09-21 11:25:17.182 34170 [http-nio-8088-exec-1] INFO  o.s.web.servlet.DispatcherServlet - FrameworkServlet 'dispatcherServlet': initialization started
2018-09-21 11:25:17.312 34300 [http-nio-8088-exec-1] INFO  o.s.web.servlet.DispatcherServlet - FrameworkServlet 'dispatcherServlet': initialization completed in 130 ms
2018-09-21 11:25:17.928 34916 [http-nio-8088-exec-1] INFO  c.a.druid.pool.DruidDataSource - {dataSource-1} inited
2018-09-21 11:25:19.276 36264 [http-nio-8088-exec-1] INFO  c.y.s.s.i.SystemPerformanceServiceImpl - ===统计动作集合==
2018-09-21 11:25:19.486 36474 [pool-2-thread-1] INFO  c.y.s.s.i.SystemPerformanceServiceImpl - 0--开始查询--,参数：{"timestamp":null,"lteTimestamp":1537405500000,"gteTimestamp":1537405200000,"remote_IP":null,"time_local":null,"request":"","requestList":["getChannelNoByUserName","getChannelNoByUserID"],"status_code":null,"size":null,"referer":null,"http_host":"yidaitong-web.yixincapital.com","reqs_body":null,"ssl_protocol":null,"ssl_cipher":null,"user_agent":null,"x_forward_for":null,"upstream_addr":null,"upstream_statcode":null,"upstream_resptime":null,"upstream_conttype":null,"mustNot":null,"respTimeSort":"DESC","indexName":"nginx_ws-proxy-2018-09-20","type":"logs","index":0,"tp":null,"source":"operateLen","resqlimit":null,"statusCodeList":null,"deviceIdentifier":null,"deviceType":null,"loanUserID":null}
2018-09-21 11:25:19.490 36478 [pool-2-thread-1] INFO  c.y.s.s.i.SystemPerformanceServiceImpl - ===操作时长开始统计
2018-09-21 11:25:19.516 36504 [pool-2-thread-3] INFO  c.y.s.s.i.SystemPerformanceServiceImpl - 2--开始查询--,参数：{"timestamp":null,"lteTimestamp":1537406100000,"gteTimestamp":1537405800000,"remote_IP":null,"time_local":null,"request":"","requestList":["getChannelNoByUserName","getChannelNoByUserID"],"status_code":null,"size":null,"referer":null,"http_host":"yidaitong-web.yixincapital.com","reqs_body":null,"ssl_protocol":null,"ssl_cipher":null,"user_agent":null,"x_forward_for":null,"upstream_addr":null,"upstream_statcode":null,"upstream_resptime":null,"upstream_conttype":null,"mustNot":null,"respTimeSort":"DESC","indexName":"nginx_ws-proxy-2018-09-20","type":"logs","index":2,"tp":null,"source":"operateLen","resqlimit":null,"statusCodeList":null,"deviceIdentifier":null,"deviceType":null,"loanUserID":null}
2018-09-21 11:25:19.516 36504 [pool-2-thread-3] INFO  c.y.s.s.i.SystemPerformanceServiceImpl - ===操作时长开始统计
2018-09-21 11:25:19.522 36510 [pool-2-thread-4] INFO  c.y.s.s.i.SystemPerformanceServiceImpl - 3--开始查询--,参数：{"timestamp":null,"lteTimestamp":1537406400000,"gteTimestamp":1537406100000,"remote_IP":null,"time_local":null,"request":"","requestList":["getChannelNoByUserName","getChannelNoByUserID"],"status_code":null,"size":null,"referer":null,"http_host":"yidaitong-web.yixincapital.com","reqs_body":null,"ssl_protocol":null,"ssl_cipher":null,"user_agent":null,"x_forward_for":null,"upstream_addr":null,"upstream_statcode":null,"upstream_resptime":null,"upstream_conttype":null,"mustNot":null,"respTimeSort":"DESC","indexName":"nginx_ws-proxy-2018-09-20","type":"logs","index":3,"tp":null,"source":"operateLen","resqlimit":null,"statusCodeList":null,"deviceIdentifier":null,"deviceType":null,"loanUserID":null}
2018-09-21 11:25:19.522 36510 [pool-2-thread-4] INFO  c.y.s.s.i.SystemPerformanceServiceImpl - ===操作时长开始统计
2018-09-21 11:25:19.534 36522 [pool-2-thread-2] INFO  c.y.s.s.i.SystemPerformanceServiceImpl - 1--开始查询--,参数：{"timestamp":null,"lteTimestamp":1537405800000,"gteTimestamp":1537405500000,"remote_IP":null,"time_local":null,"request":"","requestList":["getChannelNoByUserName","getChannelNoByUserID"],"status_code":null,"size":null,"referer":null,"http_host":"yidaitong-web.yixincapital.com","reqs_body":null,"ssl_protocol":null,"ssl_cipher":null,"user_agent":null,"x_forward_for":null,"upstream_addr":null,"upstream_statcode":null,"upstream_resptime":null,"upstream_conttype":null,"mustNot":null,"respTimeSort":"DESC","indexName":"nginx_ws-proxy-2018-09-20","type":"logs","index":1,"tp":null,"source":"operateLen","resqlimit":null,"statusCodeList":null,"deviceIdentifier":null,"deviceType":null,"loanUserID":null}
2018-09-21 11:25:19.535 36523 [pool-2-thread-2] INFO  c.y.s.s.i.SystemPerformanceServiceImpl - ===操作时长开始统计
2018-09-21 11:26:34.060 111048 [pool-2-thread-2] INFO  com.yixin.star.ElasticClient - ++查询到日志信息=={"failedShards":0,"fragment":false,"hits":{"fragment":true,"hits":[],"maxScore":0.0,"totalHits":0},"numReducePhases":1,"profileResults":{},"shardFailures":[],"skippedShards":0,"successfulShards":0,"timedOut":false,"took":{"days":0,"daysFrac":1.1574074074074074E-8,"hours":0,"hoursFrac":2.7777777777777776E-7,"micros":1000,"microsFrac":1000.0,"millis":1,"millisFrac":1.0,"minutes":0,"minutesFrac":1.6666666666666667E-5,"nanos":1000000,"seconds":0,"secondsFrac":0.001,"stringRep":"1ms"},"totalShards":0}
2018-09-21 11:26:34.061 111049 [pool-2-thread-2] INFO  c.y.s.s.i.SystemPerformanceServiceImpl - --1--线程消耗时间--74526
2018-09-21 11:26:34.066 111054 [pool-2-thread-2] INFO  c.y.s.s.i.SystemPerformanceServiceImpl - 4--开始查询--,参数：{"timestamp":null,"lteTimestamp":1537406700000,"gteTimestamp":1537406400000,"remote_IP":null,"time_local":null,"request":"","requestList":["getChannelNoByUserName","getChannelNoByUserID"],"status_code":null,"size":null,"referer":null,"http_host":"yidaitong-web.yixincapital.com","reqs_body":null,"ssl_protocol":null,"ssl_cipher":null,"user_agent":null,"x_forward_for":null,"upstream_addr":null,"upstream_statcode":null,"upstream_resptime":null,"upstream_conttype":null,"mustNot":null,"respTimeSort":"DESC","indexName":"nginx_ws-proxy-2018-09-20","type":"logs","index":4,"tp":null,"source":"operateLen","resqlimit":null,"statusCodeList":null,"deviceIdentifier":null,"deviceType":null,"loanUserID":null}
2018-09-21 11:26:34.066 111054 [pool-2-thread-2] INFO  c.y.s.s.i.SystemPerformanceServiceImpl - ===操作时长开始统计
2018-09-21 11:26:34.863 111851 [pool-2-thread-1] ERROR com.yixin.star.ElasticClient - 根据动作id查询日志异常
java.net.ConnectException: Timeout connecting to [/192.168.145.161:9200]
	at org.apache.http.nio.pool.RouteSpecificPool.timeout(RouteSpecificPool.java:174)
	at org.apache.http.nio.pool.AbstractNIOConnPool.requestTimeout(AbstractNIOConnPool.java:629)
	at org.apache.http.nio.pool.AbstractNIOConnPool$InternalSessionRequestCallback.timeout(AbstractNIOConnPool.java:899)
	at org.apache.http.impl.nio.reactor.SessionRequestImpl.timeout(SessionRequestImpl.java:183)
	at org.apache.http.impl.nio.reactor.DefaultConnectingIOReactor.processTimeouts(DefaultConnectingIOReactor.java:210)
	at org.apache.http.impl.nio.reactor.DefaultConnectingIOReactor.processEvents(DefaultConnectingIOReactor.java:155)
	at org.apache.http.impl.nio.reactor.AbstractMultiworkerIOReactor.execute(AbstractMultiworkerIOReactor.java:348)
	at org.apache.http.impl.nio.conn.PoolingNHttpClientConnectionManager.execute(PoolingNHttpClientConnectionManager.java:194)
	at org.apache.http.impl.nio.client.CloseableHttpAsyncClientBase$1.run(CloseableHttpAsyncClientBase.java:64)
	at java.lang.Thread.run(Thread.java:748)
2018-09-21 11:26:34.863 111851 [pool-2-thread-4] INFO  com.yixin.star.ElasticClient - ++查询到日志信息=={"failedShards":0,"fragment":false,"hits":{"fragment":true,"hits":[],"maxScore":0.0,"totalHits":0},"numReducePhases":1,"profileResults":{},"shardFailures":[],"skippedShards":0,"successfulShards":0,"timedOut":false,"took":{"days":0,"daysFrac":1.1574074074074074E-8,"hours":0,"hoursFrac":2.7777777777777776E-7,"micros":1000,"microsFrac":1000.0,"millis":1,"millisFrac":1.0,"minutes":0,"minutesFrac":1.6666666666666667E-5,"nanos":1000000,"seconds":0,"secondsFrac":0.001,"stringRep":"1ms"},"totalShards":0}
2018-09-21 11:26:34.864 111852 [pool-2-thread-4] INFO  c.y.s.s.i.SystemPerformanceServiceImpl - --3--线程消耗时间--75342
2018-09-21 11:26:34.867 111855 [pool-2-thread-3] INFO  com.yixin.star.ElasticClient - ++查询到日志信息=={"failedShards":0,"fragment":false,"hits":{"fragment":true,"hits":[],"maxScore":0.0,"totalHits":0},"numReducePhases":1,"profileResults":{},"shardFailures":[],"skippedShards":0,"successfulShards":0,"timedOut":false,"took":{"days":0,"daysFrac":1.1574074074074074E-8,"hours":0,"hoursFrac":2.7777777777777776E-7,"micros":1000,"microsFrac":1000.0,"millis":1,"millisFrac":1.0,"minutes":0,"minutesFrac":1.6666666666666667E-5,"nanos":1000000,"seconds":0,"secondsFrac":0.001,"stringRep":"1ms"},"totalShards":0}
2018-09-21 11:26:34.867 111855 [pool-2-thread-3] INFO  c.y.s.s.i.SystemPerformanceServiceImpl - --2--线程消耗时间--75351
2018-09-21 11:26:34.868 111856 [pool-2-thread-1] ERROR c.y.s.s.i.SystemPerformanceServiceImpl - 执行过程出现异常
java.lang.NullPointerException: null
	at com.yixin.star.service.impl.SystemPerformanceServiceImpl.getOperateLenCount(SystemPerformanceServiceImpl.java:289)
	at com.yixin.star.service.impl.SystemPerformanceServiceImpl.access$300(SystemPerformanceServiceImpl.java:46)
	at com.yixin.star.service.impl.SystemPerformanceServiceImpl$TPThread.run(SystemPerformanceServiceImpl.java:184)
	at java.util.concurrent.ThreadPoolExecutor.runWorker(ThreadPoolExecutor.java:1142)
	at java.util.concurrent.ThreadPoolExecutor$Worker.run(ThreadPoolExecutor.java:617)
	at java.lang.Thread.run(Thread.java:748)
2018-09-21 11:26:34.927 111915 [pool-2-thread-4] INFO  c.y.s.s.i.SystemPerformanceServiceImpl - 5--开始查询--,参数：{"timestamp":null,"lteTimestamp":1537407000000,"gteTimestamp":1537406700000,"remote_IP":null,"time_local":null,"request":"","requestList":["getChannelNoByUserName","getChannelNoByUserID"],"status_code":null,"size":null,"referer":null,"http_host":"yidaitong-web.yixincapital.com","reqs_body":null,"ssl_protocol":null,"ssl_cipher":null,"user_agent":null,"x_forward_for":null,"upstream_addr":null,"upstream_statcode":null,"upstream_resptime":null,"upstream_conttype":null,"mustNot":null,"respTimeSort":"DESC","indexName":"nginx_ws-proxy-2018-09-20","type":"logs","index":5,"tp":null,"source":"operateLen","resqlimit":null,"statusCodeList":null,"deviceIdentifier":null,"deviceType":null,"loanUserID":null}
2018-09-21 11:26:34.964 111952 [pool-2-thread-4] INFO  c.y.s.s.i.SystemPerformanceServiceImpl - ===操作时长开始统计
2018-09-21 11:26:36.346 113334 [pool-2-thread-4] INFO  com.yixin.star.ElasticClient - ++查询到日志信息=={"failedShards":0,"fragment":false,"hits":{"fragment":true,"hits":[],"maxScore":0.0,"totalHits":0},"numReducePhases":1,"profileResults":{},"shardFailures":[],"skippedShards":0,"successfulShards":0,"timedOut":false,"took":{"days":0,"daysFrac":1.1574074074074074E-8,"hours":0,"hoursFrac":2.7777777777777776E-7,"micros":1000,"microsFrac":1000.0,"millis":1,"millisFrac":1.0,"minutes":0,"minutesFrac":1.6666666666666667E-5,"nanos":1000000,"seconds":0,"secondsFrac":0.001,"stringRep":"1ms"},"totalShards":0}
2018-09-21 11:26:36.347 113335 [pool-2-thread-4] INFO  c.y.s.s.i.SystemPerformanceServiceImpl - --5--线程消耗时间--1383
2018-09-21 11:26:36.396 113384 [pool-2-thread-2] INFO  com.yixin.star.ElasticClient - ++查询到日志信息=={"failedShards":0,"fragment":false,"hits":{"fragment":true,"hits":[],"maxScore":0.0,"totalHits":0},"numReducePhases":1,"profileResults":{},"shardFailures":[],"skippedShards":0,"successfulShards":0,"timedOut":false,"took":{"days":0,"daysFrac":1.1574074074074074E-8,"hours":0,"hoursFrac":2.7777777777777776E-7,"micros":1000,"microsFrac":1000.0,"millis":1,"millisFrac":1.0,"minutes":0,"minutesFrac":1.6666666666666667E-5,"nanos":1000000,"seconds":0,"secondsFrac":0.001,"stringRep":"1ms"},"totalShards":0}
2018-09-21 11:26:36.396 113384 [pool-2-thread-2] INFO  c.y.s.s.i.SystemPerformanceServiceImpl - --4--线程消耗时间--2330
2018-09-21 11:26:36.396 113384 [http-nio-8088-exec-1] INFO  c.y.s.s.i.SystemPerformanceServiceImpl - 查询完成，总耗时---78576
